#
# A fatal error has been detected by the Java Runtime Environment:
#
#  SIGSEGV (0xb) at pc=0x000000011e7d2cb4, pid=8501, tid=0x0000000000000a0b
#
# JRE version: Java(TM) SE Runtime Environment (8.0_121-b13) (build 1.8.0_121-b13)
# Java VM: Java HotSpot(TM) 64-Bit Server VM (25.121-b13 mixed mode bsd-amd64 compressed oops)
# Problematic frame:
# C  [sqlite-3.8.7-29e5c431-74c2-4897-af64-5242e1355eb0-libsqlitejdbc.jnilib+0xdcb4]  Java_org_sqlite_core_NativeDB_restore+0xad44
#
# Failed to write core dump. Core dumps have been disabled. To enable core dumping, try "ulimit -c unlimited" before starting Java again
#
# If you would like to submit a bug report, please visit:
#   http://bugreport.java.com/bugreport/crash.jsp
# The crash happened outside the Java Virtual Machine in native code.
# See problematic frame for where to report the bug.
#

---------------  T H R E A D  ---------------

Current thread (0x00007fd8341d0000):  JavaThread "JavaFX Application Thread" [_thread_in_native, id=2571, stack(0x00007fff5de91000,0x00007fff5e691000)]

siginfo: si_signo: 11 (SIGSEGV), si_code: 0 (unknown), si_addr: 0x0000000000000000

Registers:
RAX=0x9000000000000000, RBX=0x0000000796ffbfe8, RCX=0x0000000102822370, RDX=0x00007fd835dcc8a0
RSP=0x00007fff5e68b210, RBP=0x00007fff5e68b3e0, RSI=0x00007fff5e68b3f0, RDI=0x00007fd835dcc8a0
R8 =0x00000000fffffffc, R9 =0x00007fd83364d840, R10=0x00000000ffffffff, R11=0xffffffff00000000
R12=0x0000000000000000, R13=0x00007fd835dcc8a0, R14=0x00007fff5e68b3f0, R15=0x00007fd8341d0000
RIP=0x000000011e7d2cb4, EFLAGS=0x0000000000010286, ERR=0x0000000000000000
  TRAPNO=0x000000000000000d

Top of Stack: (sp=0x00007fff5e68b210)
0x00007fff5e68b210:   00007fd83364d820 00007fd83364d828
0x00007fff5e68b220:   00007fff5e68b280 0000000102487295
0x00007fff5e68b230:   00007fd83364d800 0000000058a73014
0x00007fff5e68b240:   000000001e8176a8 0000000058a73014
0x00007fff5e68b250:   000012c10007cb51 00007fd8341d0000
0x00007fff5e68b260:   00007fff5e68b290 0000000102463a01
0x00007fff5e68b270:   00007fd835dcc8a0 00007fd83364d6c0
0x00007fff5e68b280:   00007fd8341d0000 00007fd83505b870
0x00007fff5e68b290:   00007fff5e68b2b0 0000000102463b99
0x00007fff5e68b2a0:   00007fd8341d0000 00007fd83505b7f8
0x00007fff5e68b2b0:   00007fff5e68b2e0 00000001020ccc70
0x00007fff5e68b2c0:   00007f005e68b2f0 00007fd83364d6c0
0x00007fff5e68b2d0:   00007fd8341d0000 00007fd83505b7f8
0x00007fff5e68b2e0:   00007fd8341d0000 00007fd8341d0000
0x00007fff5e68b2f0:   00007fff5e68b390 000000010247daa8
0x00007fff5e68b300:   00007fff5e68b350 00007fd8341d0000
0x00007fff5e68b310:   0000000700000005 00007fd8341d0000
0x00007fff5e68b320:   00007fff5e68b301 00007fd83364df40
0x00007fff5e68b330:   0000000796ffbf00 00007fd8341d0000
0x00007fff5e68b340:   0000000000000000 0000000000000000
0x00007fff5e68b350:   00007fff5e68b420 00007fd83364d4c8
0x00007fff5e68b360:   00007fff5e68b3b0 00007fff5e68b420
0x00007fff5e68b370:   00007fff5e68b390 00000001021429dc
0x00007fff5e68b380:   00007fd8341d0000 00007fd8341d0000
0x00007fff5e68b390:   00007fff5e68b3d0 00000001024e54f0
0x00007fff5e68b3a0:   00007fffe801ffa6 00007fd8341d0000
0x00007fff5e68b3b0:   00007fd8341d0000 0000000796ffbfe8
0x00007fff5e68b3c0:   0000000000000000 00007fff5e68b420
0x00007fff5e68b3d0:   00007fff5e68b3f0 00007fd8341d0000
0x00007fff5e68b3e0:   00007fff5e68b430 00000001033640b6
0x00007fff5e68b3f0:   0000000796ffbfe8 0000000103848dd4
0x00007fff5e68b400:   00007fff5e68b650 00000007400ffbf0 

Instructions: (pc=0x000000011e7d2cb4)
0x000000011e7d2c94:   49 89 fd 4c 89 ad 90 fe ff ff 4d 85 ed 0f 84 8d
0x000000011e7d2ca4:   0e 00 00 49 8b 45 00 48 85 c0 0f 84 89 0e 00 00
0x000000011e7d2cb4:   48 8b 78 18 48 89 85 78 fe ff ff 48 85 ff 74 06
0x000000011e7d2cc4:   ff 15 e6 0a 10 00 49 8d 85 b8 00 00 00 48 89 85 

Register to memory mapping:

RAX=0x9000000000000000 is an unknown value
RBX=0x0000000796ffbfe8 is an oop
org.sqlite.core.NativeDB 
 - klass: 'org/sqlite/core/NativeDB'
RCX=0x0000000102822370: UseMembar+0 in /Library/Java/JavaVirtualMachines/jdk1.8.0_121.jdk/Contents/Home/jre/lib/server/libjvm.dylib at 0x0000000102000000
RDX=0x00007fd835dcc8a0 is an unknown value
RSP=0x00007fff5e68b210 is pointing into the stack for thread: 0x00007fd8341d0000
RBP=0x00007fff5e68b3e0 is pointing into the stack for thread: 0x00007fd8341d0000
RSI=0x00007fff5e68b3f0 is pointing into the stack for thread: 0x00007fd8341d0000
RDI=0x00007fd835dcc8a0 is an unknown value
R8 =0x00000000fffffffc is an unknown value
R9 =0x00007fd83364d840 is an unknown value
R10=0x00000000ffffffff is an unknown value
R11=0xffffffff00000000 is an unknown value
R12=0x0000000000000000 is an unknown value
R13=0x00007fd835dcc8a0 is an unknown value
R14=0x00007fff5e68b3f0 is pointing into the stack for thread: 0x00007fd8341d0000
R15=0x00007fd8341d0000 is a thread


Stack: [0x00007fff5de91000,0x00007fff5e691000],  sp=0x00007fff5e68b210,  free space=8168k
Native frames: (J=compiled Java code, j=interpreted, Vv=VM code, C=native code)
C  [sqlite-3.8.7-29e5c431-74c2-4897-af64-5242e1355eb0-libsqlitejdbc.jnilib+0xdcb4]  Java_org_sqlite_core_NativeDB_restore+0xad44
J 1018  org.sqlite.core.NativeDB.step(J)I (0 bytes) @ 0x00000001033640b6 [0x0000000103363f40+0x176]
J 2713 C2 org.sqlite.jdbc3.JDBC3ResultSet.next()Z (132 bytes) @ 0x00000001037d0edc [0x00000001037d0e60+0x7c]
J 2518 C1 model.ServerModel.getStatistics()Ljava/util/ArrayList; (196 bytes) @ 0x0000000103742a84 [0x00000001037424c0+0x5c4]
J 2862 C1 controller.ServerController.getStatistics()Ljava/util/ArrayList; (8 bytes) @ 0x00000001030f82d4 [0x00000001030f8240+0x94]
j  view.ServerView.getStatistics()Ljava/util/ArrayList;+7
j  view.ServerViewController$3.handle(Ljavafx/event/ActionEvent;)V+93
j  view.ServerViewController$3.handle(Ljavafx/event/Event;)V+5
j  com.sun.scenario.animation.shared.TimelineClipCore.visitKeyFrame(IJ)V+58
J 2409 C1 com.sun.scenario.animation.shared.TimelineClipCore.playTo(J)V (353 bytes) @ 0x00000001037016d4 [0x00000001037013c0+0x314]
J 2383 C1 javafx.animation.Timeline.impl_playTo(JJ)V (9 bytes) @ 0x00000001036f591c [0x00000001036f5880+0x9c]
J 2382 C1 javafx.animation.AnimationAccessorImpl.playTo(Ljavafx/animation/Animation;JJ)V (8 bytes) @ 0x00000001036f550c [0x00000001036f5400+0x10c]
J 2415 C1 com.sun.scenario.animation.shared.InfiniteClipEnvelope.timePulse(J)V (311 bytes) @ 0x00000001037031fc [0x0000000103702d60+0x49c]
J 2414 C1 javafx.animation.Animation.impl_timePulse(J)V (60 bytes) @ 0x00000001036fff24 [0x00000001036ffca0+0x284]
J 2412 C1 javafx.animation.Animation$1$$Lambda$334.run()Ljava/lang/Object; (12 bytes) @ 0x00000001037008dc [0x0000000103700780+0x15c]
v  ~StubRoutines::call_stub
V  [libjvm.dylib+0x2ed9d6]  JavaCalls::call_helper(JavaValue*, methodHandle*, JavaCallArguments*, Thread*)+0x6ae
V  [libjvm.dylib+0x34e114]  JVM_DoPrivileged+0x4b8
J 2338  java.security.AccessController.doPrivileged(Ljava/security/PrivilegedAction;Ljava/security/AccessControlContext;)Ljava/lang/Object; (0 bytes) @ 0x00000001036d6415 [0x00000001036d6340+0xd5]
J 2396 C1 javafx.animation.Animation$1.timePulse(J)V (56 bytes) @ 0x00000001036f93fc [0x00000001036f8c00+0x7fc]
J 2499 C1 com.sun.scenario.animation.AbstractMasterTimer.timePulseImpl(J)V (157 bytes) @ 0x0000000103106e44 [0x0000000103106c60+0x1e4]
J 2496 C1 com.sun.scenario.animation.AbstractMasterTimer$MainLoop.run()V (61 bytes) @ 0x00000001030f8de4 [0x00000001030f8ae0+0x304]
J 2495 C1 com.sun.javafx.tk.quantum.QuantumToolkit.pulse(Z)V (164 bytes) @ 0x00000001037357bc [0x0000000103735300+0x4bc]
J 2466 C1 com.sun.javafx.tk.quantum.QuantumToolkit$$Lambda$43.run()V (8 bytes) @ 0x000000010372178c [0x0000000103721580+0x20c]
J 2491 C1 com.sun.glass.ui.InvokeLaterDispatcher$Future.run()V (91 bytes) @ 0x00000001030ea1d4 [0x00000001030ea0c0+0x114]
v  ~StubRoutines::call_stub
V  [libjvm.dylib+0x2ed9d6]  JavaCalls::call_helper(JavaValue*, methodHandle*, JavaCallArguments*, Thread*)+0x6ae
V  [libjvm.dylib+0x324b65]  jni_invoke_nonstatic(JNIEnv_*, JavaValue*, _jobject*, JNICallType, _jmethodID*, JNI_ArgumentPusher*, Thread*)+0x2ec
V  [libjvm.dylib+0x317333]  jni_CallVoidMethod+0x16b
C  [libglass.dylib+0x456b]  -[GlassRunnable run]+0x6b
C  [Foundation+0x76f5e]  __NSThreadPerformPerform+0x117
C  [CoreFoundation+0xaa881]  __CFRUNLOOP_IS_CALLING_OUT_TO_A_SOURCE0_PERFORM_FUNCTION__+0x11
C  [CoreFoundation+0x89fbc]  __CFRunLoopDoSources0+0x22c
C  [CoreFoundation+0x894df]  __CFRunLoopRun+0x39f
C  [CoreFoundation+0x88ed8]  CFRunLoopRunSpecific+0x128
C  [HIToolbox+0x30935]  RunCurrentEventLoopInMode+0xeb
C  [HIToolbox+0x3076f]  ReceiveNextEventCommon+0x1b0
C  [HIToolbox+0x305af]  _BlockUntilNextEventMatchingListInModeWithFilter+0x47
C  [AppKit+0x48efa]  _DPSNextEvent+0x42b
C  [AppKit+0x4832a]  -[NSApplication _nextEventMatchingEventMask:untilDate:inMode:dequeue:]+0x1c6
C  [AppKit+0x3ce84]  -[NSApplication run]+0x2aa
C  [libglass.dylib+0x651c]  -[GlassApplication runLoop:]+0x72c
C  [Foundation+0x76f5e]  __NSThreadPerformPerform+0x117
C  [CoreFoundation+0xaa881]  __CFRUNLOOP_IS_CALLING_OUT_TO_A_SOURCE0_PERFORM_FUNCTION__+0x11
C  [CoreFoundation+0x89fbc]  __CFRunLoopDoSources0+0x22c
C  [CoreFoundation+0x894df]  __CFRunLoopRun+0x39f
C  [CoreFoundation+0x88ed8]  CFRunLoopRunSpecific+0x128
C  [java+0x6465]  CreateExecutionEnvironment+0x367
C  [java+0x218c]  JLI_Launch+0x7a0
C  [java+0x84c2]  main+0x65
C  [java+0x19e4]  start+0x34
C  0x0000000000000005

Java frames: (J=compiled Java code, j=interpreted, Vv=VM code)
J 1018  org.sqlite.core.NativeDB.step(J)I (0 bytes) @ 0x0000000103363f78 [0x0000000103363f40+0x38]
J 2713 C2 org.sqlite.jdbc3.JDBC3ResultSet.next()Z (132 bytes) @ 0x00000001037d0edc [0x00000001037d0e60+0x7c]
J 2518 C1 model.ServerModel.getStatistics()Ljava/util/ArrayList; (196 bytes) @ 0x0000000103742a84 [0x00000001037424c0+0x5c4]
J 2862 C1 controller.ServerController.getStatistics()Ljava/util/ArrayList; (8 bytes) @ 0x00000001030f82d4 [0x00000001030f8240+0x94]
j  view.ServerView.getStatistics()Ljava/util/ArrayList;+7
j  view.ServerViewController$3.handle(Ljavafx/event/ActionEvent;)V+93
j  view.ServerViewController$3.handle(Ljavafx/event/Event;)V+5
j  com.sun.scenario.animation.shared.TimelineClipCore.visitKeyFrame(IJ)V+58
J 2409 C1 com.sun.scenario.animation.shared.TimelineClipCore.playTo(J)V (353 bytes) @ 0x00000001037016d4 [0x00000001037013c0+0x314]
J 2383 C1 javafx.animation.Timeline.impl_playTo(JJ)V (9 bytes) @ 0x00000001036f591c [0x00000001036f5880+0x9c]
J 2382 C1 javafx.animation.AnimationAccessorImpl.playTo(Ljavafx/animation/Animation;JJ)V (8 bytes) @ 0x00000001036f550c [0x00000001036f5400+0x10c]
J 2415 C1 com.sun.scenario.animation.shared.InfiniteClipEnvelope.timePulse(J)V (311 bytes) @ 0x00000001037031fc [0x0000000103702d60+0x49c]
J 2414 C1 javafx.animation.Animation.impl_timePulse(J)V (60 bytes) @ 0x00000001036fff24 [0x00000001036ffca0+0x284]
J 2412 C1 javafx.animation.Animation$1$$Lambda$334.run()Ljava/lang/Object; (12 bytes) @ 0x00000001037008dc [0x0000000103700780+0x15c]
v  ~StubRoutines::call_stub
J 2338  java.security.AccessController.doPrivileged(Ljava/security/PrivilegedAction;Ljava/security/AccessControlContext;)Ljava/lang/Object; (0 bytes) @ 0x00000001036d63a3 [0x00000001036d6340+0x63]
J 2396 C1 javafx.animation.Animation$1.timePulse(J)V (56 bytes) @ 0x00000001036f93fc [0x00000001036f8c00+0x7fc]
J 2499 C1 com.sun.scenario.animation.AbstractMasterTimer.timePulseImpl(J)V (157 bytes) @ 0x0000000103106e44 [0x0000000103106c60+0x1e4]
J 2496 C1 com.sun.scenario.animation.AbstractMasterTimer$MainLoop.run()V (61 bytes) @ 0x00000001030f8de4 [0x00000001030f8ae0+0x304]
J 2495 C1 com.sun.javafx.tk.quantum.QuantumToolkit.pulse(Z)V (164 bytes) @ 0x00000001037357bc [0x0000000103735300+0x4bc]
J 2466 C1 com.sun.javafx.tk.quantum.QuantumToolkit$$Lambda$43.run()V (8 bytes) @ 0x000000010372178c [0x0000000103721580+0x20c]
J 2491 C1 com.sun.glass.ui.InvokeLaterDispatcher$Future.run()V (91 bytes) @ 0x00000001030ea1d4 [0x00000001030ea0c0+0x114]
v  ~StubRoutines::call_stub

---------------  P R O C E S S  ---------------

Java Threads: ( => current thread )
  0x00007fd83537b000 JavaThread "RMI TCP Connection(2)-192.168.43.39" daemon [_thread_in_native, id=12811, stack(0x0000700001c77000,0x0000700001d77000)]
  0x00007fd83400e000 JavaThread "RMI Scheduler(0)" daemon [_thread_blocked, id=58415, stack(0x0000700001b74000,0x0000700001c74000)]
  0x00007fd834a72000 JavaThread "RMI TCP Connection(1)-192.168.43.39" daemon [_thread_in_native, id=58255, stack(0x00007000019eb000,0x0000700001aeb000)]
  0x00007fd833a94000 JavaThread "Prism Font Disposer" daemon [_thread_blocked, id=52999, stack(0x00007000018e8000,0x00007000019e8000)]
  0x00007fd834255000 JavaThread "RMI TCP Accept-1050" daemon [_thread_in_native, id=46339, stack(0x0000700001762000,0x0000700001862000)]
  0x00007fd833a41000 JavaThread "GC Daemon" daemon [_thread_blocked, id=45827, stack(0x000070000165f000,0x000070000175f000)]
  0x00007fd8348d5000 JavaThread "RMI Reaper" [_thread_blocked, id=45315, stack(0x000070000155c000,0x000070000165c000)]
  0x00007fd834254000 JavaThread "RMI TCP Accept-0" daemon [_thread_in_native, id=44815, stack(0x0000700001459000,0x0000700001559000)]
  0x00007fd8348d1800 JavaThread "Thread-4" daemon [_thread_in_native, id=37123, stack(0x00007000013d6000,0x0000700001456000)]
=>0x00007fd8341d0000 JavaThread "JavaFX Application Thread" [_thread_in_native, id=2571, stack(0x00007fff5de91000,0x00007fff5e691000)]
  0x00007fd8341cf000 JavaThread "Thread-2" daemon [_thread_blocked, id=25107, stack(0x0000700001250000,0x0000700001350000)]
  0x00007fd834871000 JavaThread "QuantumRenderer-0" daemon [_thread_blocked, id=20227, stack(0x000070000114d000,0x000070000124d000)]
  0x00007fd834198000 JavaThread "JavaFX-Launcher" [_thread_blocked, id=19715, stack(0x000070000104a000,0x000070000114a000)]
  0x00007fd834827800 JavaThread "Service Thread" daemon [_thread_blocked, id=18691, stack(0x0000700000e44000,0x0000700000f44000)]
  0x00007fd833855000 JavaThread "C1 CompilerThread2" daemon [_thread_blocked, id=18179, stack(0x0000700000d41000,0x0000700000e41000)]
  0x00007fd834801000 JavaThread "C2 CompilerThread1" daemon [_thread_blocked, id=17667, stack(0x0000700000c3e000,0x0000700000d3e000)]
  0x00007fd834825800 JavaThread "C2 CompilerThread0" daemon [_thread_blocked, id=17155, stack(0x0000700000b3b000,0x0000700000c3b000)]
  0x00007fd83386d000 JavaThread "Signal Dispatcher" daemon [_thread_blocked, id=13839, stack(0x0000700000a38000,0x0000700000b38000)]
  0x00007fd83402d000 JavaThread "Finalizer" daemon [_thread_blocked, id=12291, stack(0x000070000082f000,0x000070000092f000)]
  0x00007fd834004000 JavaThread "Reference Handler" daemon [_thread_blocked, id=11779, stack(0x000070000072c000,0x000070000082c000)]
  0x00007fd83380a000 JavaThread "main" [_thread_blocked, id=5891, stack(0x000070000011a000,0x000070000021a000)]

Other Threads:
  0x00007fd83500a000 VMThread [stack: 0x0000700000629000,0x0000700000729000] [id=11267]
  0x00007fd83500d800 WatcherThread [stack: 0x0000700000f47000,0x0000700001047000] [id=19203]

VM state:not at safepoint (normal execution)

VM Mutex/Monitor currently owned by a thread: None

Heap:
 PSYoungGen      total 38400K, used 27644K [0x0000000795580000, 0x000000079a080000, 0x00000007c0000000)
  eden space 33280K, 83% used [0x0000000795580000,0x000000079707f230,0x0000000797600000)
  from space 5120K, 0% used [0x0000000797600000,0x0000000797600000,0x0000000797b00000)
  to   space 5120K, 0% used [0x0000000799b80000,0x0000000799b80000,0x000000079a080000)
 ParOldGen       total 56320K, used 6909K [0x0000000740000000, 0x0000000743700000, 0x0000000795580000)
  object space 56320K, 12% used [0x0000000740000000,0x00000007406bf480,0x0000000743700000)
 Metaspace       used 22859K, capacity 24348K, committed 24448K, reserved 1071104K
  class space    used 3406K, capacity 3665K, committed 3712K, reserved 1048576K

Card table byte_map: [0x00000001123a8000,0x00000001127a9000] byte_map_base: 0x000000010e9a8000

Marking Bits: (ParMarkBitMap*) 0x00000001028f0d30
 Begin Bits: [0x0000000112a54000, 0x0000000114a54000)
 End Bits:   [0x0000000114a54000, 0x0000000116a54000)

Polling page: 0x00000001017fd000

CodeCache: size=245760Kb used=8632Kb max_used=8641Kb free=237128Kb
 bounds [0x0000000102fe8000, 0x0000000103868000, 0x0000000111fe8000]
 total_blobs=3559 nmethods=2866 adapters=606
 compilation: enabled

Compilation events (10 events):
Event: 31.732 Thread 0x00007fd833855000 2886       3       javafx.event.Event::<init> (36 bytes)
Event: 31.734 Thread 0x00007fd833855000 nmethod 2886 0x0000000103854b50 code [0x0000000103854ce0, 0x0000000103855108]
Event: 31.734 Thread 0x00007fd833855000 2887       3       java.util.EventObject::<init> (24 bytes)
Event: 31.735 Thread 0x00007fd833855000 nmethod 2887 0x0000000103854610 code [0x00000001038547a0, 0x0000000103854a68]
Event: 32.717 Thread 0x00007fd834825800 2888  s    4       java.util.Hashtable::get (69 bytes)
Event: 32.719 Thread 0x00007fd834801000 2889 %     4       java.io.UnixFileSystem::normalize @ 10 (75 bytes)
Event: 32.723 Thread 0x00007fd834825800 nmethod 2888 0x00000001038526d0 code [0x0000000103852840, 0x0000000103852ed8]
Event: 32.726 Thread 0x00007fd834801000 nmethod 2889% 0x0000000103857050 code [0x00000001038571e0, 0x0000000103857598]
Event: 33.198 Thread 0x00007fd833855000 2890       3       sun.security.provider.SHA5::lf_S (11 bytes)
Event: 33.198 Thread 0x00007fd833855000 nmethod 2890 0x00000001038523d0 code [0x0000000103852520, 0x0000000103852670]

GC Heap History (10 events):
Event: 3.859 GC heap before
{Heap before GC invocations=1 (full 0):
 PSYoungGen      total 38400K, used 11119K [0x0000000795580000, 0x0000000798000000, 0x00000007c0000000)
  eden space 33280K, 33% used [0x0000000795580000,0x000000079605bdf0,0x0000000797600000)
  from space 5120K, 0% used [0x0000000797b00000,0x0000000797b00000,0x0000000798000000)
  to   space 5120K, 0% used [0x0000000797600000,0x0000000797600000,0x0000000797b00000)
 ParOldGen       total 87552K, used 0K [0x0000000740000000, 0x0000000745580000, 0x0000000795580000)
  object space 87552K, 0% used [0x0000000740000000,0x0000000740000000,0x0000000745580000)
 Metaspace       used 7215K, capacity 7474K, committed 7680K, reserved 1056768K
  class space    used 835K, capacity 961K, committed 1024K, reserved 1048576K
Event: 3.862 GC heap after
Heap after GC invocations=1 (full 0):
 PSYoungGen      total 38400K, used 1696K [0x0000000795580000, 0x0000000798000000, 0x00000007c0000000)
  eden space 33280K, 0% used [0x0000000795580000,0x0000000795580000,0x0000000797600000)
  from space 5120K, 33% used [0x0000000797600000,0x00000007977a8020,0x0000000797b00000)
  to   space 5120K, 0% used [0x0000000797b00000,0x0000000797b00000,0x0000000798000000)
 ParOldGen       total 87552K, used 8K [0x0000000740000000, 0x0000000745580000, 0x0000000795580000)
  object space 87552K, 0% used [0x0000000740000000,0x0000000740002000,0x0000000745580000)
 Metaspace       used 7215K, capacity 7474K, committed 7680K, reserved 1056768K
  class space    used 835K, capacity 961K, committed 1024K, reserved 1048576K
}
Event: 3.862 GC heap before
{Heap before GC invocations=2 (full 1):
 PSYoungGen      total 38400K, used 1696K [0x0000000795580000, 0x0000000798000000, 0x00000007c0000000)
  eden space 33280K, 0% used [0x0000000795580000,0x0000000795580000,0x0000000797600000)
  from space 5120K, 33% used [0x0000000797600000,0x00000007977a8020,0x0000000797b00000)
  to   space 5120K, 0% used [0x0000000797b00000,0x0000000797b00000,0x0000000798000000)
 ParOldGen       total 87552K, used 8K [0x0000000740000000, 0x0000000745580000, 0x0000000795580000)
  object space 87552K, 0% used [0x0000000740000000,0x0000000740002000,0x0000000745580000)
 Metaspace       used 7215K, capacity 7474K, committed 7680K, reserved 1056768K
  class space    used 835K, capacity 961K, committed 1024K, reserved 1048576K
Event: 3.873 GC heap after
Heap after GC invocations=2 (full 1):
 PSYoungGen      total 38400K, used 0K [0x0000000795580000, 0x0000000798000000, 0x00000007c0000000)
  eden space 33280K, 0% used [0x0000000795580000,0x0000000795580000,0x0000000797600000)
  from space 5120K, 0% used [0x0000000797600000,0x0000000797600000,0x0000000797b00000)
  to   space 5120K, 0% used [0x0000000797b00000,0x0000000797b00000,0x0000000798000000)
 ParOldGen       total 87552K, used 1603K [0x0000000740000000, 0x0000000745580000, 0x0000000795580000)
  object space 87552K, 1% used [0x0000000740000000,0x0000000740190cf0,0x0000000745580000)
 Metaspace       used 7215K, capacity 7474K, committed 7680K, reserved 1056768K
  class space    used 835K, capacity 961K, committed 1024K, reserved 1048576K
}
Event: 5.134 GC heap before
{Heap before GC invocations=3 (full 1):
 PSYoungGen      total 38400K, used 33280K [0x0000000795580000, 0x0000000798000000, 0x00000007c0000000)
  eden space 33280K, 100% used [0x0000000795580000,0x0000000797600000,0x0000000797600000)
  from space 5120K, 0% used [0x0000000797600000,0x0000000797600000,0x0000000797b00000)
  to   space 5120K, 0% used [0x0000000797b00000,0x0000000797b00000,0x0000000798000000)
 ParOldGen       total 87552K, used 1603K [0x0000000740000000, 0x0000000745580000, 0x0000000795580000)
  object space 87552K, 1% used [0x0000000740000000,0x0000000740190cf0,0x0000000745580000)
 Metaspace       used 18399K, capacity 19160K, committed 19328K, reserved 1064960K
  class space    used 2736K, capacity 2927K, committed 2944K, reserved 1048576K
Event: 5.143 GC heap after
Heap after GC invocations=3 (full 1):
 PSYoungGen      total 38400K, used 5097K [0x0000000795580000, 0x0000000798000000, 0x00000007c0000000)
  eden space 33280K, 0% used [0x0000000795580000,0x0000000795580000,0x0000000797600000)
  from space 5120K, 99% used [0x0000000797b00000,0x0000000797ffa698,0x0000000798000000)
  to   space 5120K, 0% used [0x0000000797600000,0x0000000797600000,0x0000000797b00000)
 ParOldGen       total 87552K, used 1901K [0x0000000740000000, 0x0000000745580000, 0x0000000795580000)
  object space 87552K, 2% used [0x0000000740000000,0x00000007401db5a8,0x0000000745580000)
 Metaspace       used 18399K, capacity 19160K, committed 19328K, reserved 1064960K
  class space    used 2736K, capacity 2927K, committed 2944K, reserved 1048576K
}
Event: 5.410 GC heap before
{Heap before GC invocations=4 (full 1):
 PSYoungGen      total 38400K, used 12052K [0x0000000795580000, 0x0000000798000000, 0x00000007c0000000)
  eden space 33280K, 20% used [0x0000000795580000,0x0000000795c4a9c0,0x0000000797600000)
  from space 5120K, 99% used [0x0000000797b00000,0x0000000797ffa698,0x0000000798000000)
  to   space 5120K, 0% used [0x0000000797600000,0x0000000797600000,0x0000000797b00000)
 ParOldGen       total 87552K, used 1901K [0x0000000740000000, 0x0000000745580000, 0x0000000795580000)
  object space 87552K, 2% used [0x0000000740000000,0x00000007401db5a8,0x0000000745580000)
 Metaspace       used 20031K, capacity 21128K, committed 21248K, reserved 1067008K
  class space    used 3066K, capacity 3271K, committed 3328K, reserved 1048576K
Event: 5.422 GC heap after
Heap after GC invocations=4 (full 1):
 PSYoungGen      total 38400K, used 5108K [0x0000000795580000, 0x000000079a080000, 0x00000007c0000000)
  eden space 33280K, 0% used [0x0000000795580000,0x0000000795580000,0x0000000797600000)
  from space 5120K, 99% used [0x0000000797600000,0x0000000797afd280,0x0000000797b00000)
  to   space 5120K, 0% used [0x0000000799b80000,0x0000000799b80000,0x000000079a080000)
 ParOldGen       total 87552K, used 2138K [0x0000000740000000, 0x0000000745580000, 0x0000000795580000)
  object space 87552K, 2% used [0x0000000740000000,0x0000000740216808,0x0000000745580000)
 Metaspace       used 20031K, capacity 21128K, committed 21248K, reserved 1067008K
  class space    used 3066K, capacity 3271K, committed 3328K, reserved 1048576K
}
Event: 5.422 GC heap before
{Heap before GC invocations=5 (full 2):
 PSYoungGen      total 38400K, used 5108K [0x0000000795580000, 0x000000079a080000, 0x00000007c0000000)
  eden space 33280K, 0% used [0x0000000795580000,0x0000000795580000,0x0000000797600000)
  from space 5120K, 99% used [0x0000000797600000,0x0000000797afd280,0x0000000797b00000)
  to   space 5120K, 0% used [0x0000000799b80000,0x0000000799b80000,0x000000079a080000)
 ParOldGen       total 87552K, used 2138K [0x0000000740000000, 0x0000000745580000, 0x0000000795580000)
  object space 87552K, 2% used [0x0000000740000000,0x0000000740216808,0x0000000745580000)
 Metaspace       used 20031K, capacity 21128K, committed 21248K, reserved 1067008K
  class space    used 3066K, capacity 3271K, committed 3328K, reserved 1048576K
Event: 5.456 GC heap after
Heap after GC invocations=5 (full 2):
 PSYoungGen      total 38400K, used 0K [0x0000000795580000, 0x000000079a080000, 0x00000007c0000000)
  eden space 33280K, 0% used [0x0000000795580000,0x0000000795580000,0x0000000797600000)
  from space 5120K, 0% used [0x0000000797600000,0x0000000797600000,0x0000000797b00000)
  to   space 5120K, 0% used [0x0000000799b80000,0x0000000799b80000,0x000000079a080000)
 ParOldGen       total 56320K, used 6909K [0x0000000740000000, 0x0000000743700000, 0x0000000795580000)
  object space 56320K, 12% used [0x0000000740000000,0x00000007406bf480,0x0000000743700000)
 Metaspace       used 20031K, capacity 21128K, committed 21248K, reserved 1067008K
  class space    used 3066K, capacity 3271K, committed 3328K, reserved 1048576K
}

Deoptimization events (10 events):
Event: 15.194 Thread 0x00007fd8341d0000 Uncommon trap: reason=unstable_if action=reinterpret pc=0x000000010362db4c method=javafx.scene.Node.impl_isDirtyEmpty()Z @ 4
Event: 15.977 Thread 0x00007fd8341d0000 Uncommon trap: reason=unstable_if action=reinterpret pc=0x00000001037e2834 method=javafx.scene.CssStyleHelper.transitionToState(Ljavafx/scene/Node;)V @ 513
Event: 23.666 Thread 0x00007fd834a72000 Uncommon trap: reason=class_check action=maybe_recompile pc=0x0000000103708cb8 method=java.io.BufferedOutputStream.flushBuffer()V @ 20
Event: 23.682 Thread 0x00007fd834a72000 Uncommon trap: reason=unstable_if action=reinterpret pc=0x000000010348dbbc method=java.util.concurrent.ConcurrentHashMap.putVal(Ljava/lang/Object;Ljava/lang/Object;Z)Ljava/lang/Object; @ 181
Event: 23.688 Thread 0x00007fd834a72000 Uncommon trap: reason=class_check action=maybe_recompile pc=0x0000000103708cb8 method=java.io.BufferedOutputStream.flushBuffer()V @ 20
Event: 23.688 Thread 0x00007fd834a72000 Uncommon trap: reason=class_check action=maybe_recompile pc=0x0000000103708bf8 method=java.io.BufferedOutputStream.flush()V @ 8
Event: 23.689 Thread 0x00007fd834a72000 Uncommon trap: reason=class_check action=maybe_recompile pc=0x0000000103708bf8 method=java.io.BufferedOutputStream.flush()V @ 8
Event: 23.708 Thread 0x00007fd83537b000 Uncommon trap: reason=class_check action=maybe_recompile pc=0x0000000103708cb8 method=java.io.BufferedOutputStream.flushBuffer()V @ 20
Event: 23.720 Thread 0x00007fd83537b000 Uncommon trap: reason=class_check action=maybe_recompile pc=0x0000000103708cb8 method=java.io.BufferedOutputStream.flushBuffer()V @ 20
Event: 23.721 Thread 0x00007fd834a72000 Uncommon trap: reason=class_check action=maybe_recompile pc=0x00000001037345bc method=java.util.HashMap.removeNode(ILjava/lang/Object;Ljava/lang/Object;ZZ)Ljava/util/HashMap$Node; @ 68

Internal exceptions (10 events):
Event: 4.260 Thread 0x00007fd8341d0000 Exception <a 'java/lang/ArrayIndexOutOfBoundsException'> (0x00000007961d74c0) thrown at [/Users/java_re/workspace/8-2-build-macosx-x86_64/jdk8u121/8372/hotspot/src/share/vm/runtime/sharedRuntime.cpp, line 605]
Event: 4.264 Thread 0x00007fd8341d0000 Exception <a 'java/lang/ArrayIndexOutOfBoundsException'> (0x00000007961ea7d8) thrown at [/Users/java_re/workspace/8-2-build-macosx-x86_64/jdk8u121/8372/hotspot/src/share/vm/runtime/sharedRuntime.cpp, line 605]
Event: 4.503 Thread 0x00007fd8341d0000 Exception <a 'java/lang/ArrayIndexOutOfBoundsException'> (0x0000000796591d10) thrown at [/Users/java_re/workspace/8-2-build-macosx-x86_64/jdk8u121/8372/hotspot/src/share/vm/runtime/sharedRuntime.cpp, line 605]
Event: 4.503 Thread 0x00007fd8341d0000 Exception <a 'java/lang/ArrayIndexOutOfBoundsException'> (0x0000000796592b28) thrown at [/Users/java_re/workspace/8-2-build-macosx-x86_64/jdk8u121/8372/hotspot/src/share/vm/runtime/sharedRuntime.cpp, line 605]
Event: 4.504 Thread 0x00007fd8341d0000 Exception <a 'java/lang/ArrayIndexOutOfBoundsException'> (0x0000000796594398) thrown at [/Users/java_re/workspace/8-2-build-macosx-x86_64/jdk8u121/8372/hotspot/src/share/vm/runtime/sharedRuntime.cpp, line 605]
Event: 4.593 Thread 0x00007fd8341d0000 Implicit null exception at 0x0000000103285f35 to 0x00000001032862f5
Event: 4.697 Thread 0x00007fd8341d0000 Implicit null exception at 0x00000001031f0e76 to 0x00000001031f123d
Event: 4.860 Thread 0x00007fd8341d0000 Implicit null exception at 0x00000001032ca4b5 to 0x00000001032ca6f1
Event: 4.860 Thread 0x00007fd8341d0000 Implicit null exception at 0x00000001032d4e9b to 0x00000001032d5625
Event: 23.719 Thread 0x00007fd83537b000 Exception <a 'java/lang/NoSuchMethodError': <clinit>> (0x0000000796db9920) thrown at [/Users/java_re/workspace/8-2-build-macosx-x86_64/jdk8u121/8372/hotspot/src/share/vm/prims/jni.cpp, line 1613]

Events (10 events):
Event: 33.195 loading class utilitez/SHA
Event: 33.195 loading class utilitez/SHA done
Event: 33.197 loading class sun/security/provider/SHA5$SHA512
Event: 33.197 loading class sun/security/provider/SHA5
Event: 33.198 loading class sun/security/provider/SHA5 done
Event: 33.198 loading class sun/security/provider/SHA5$SHA512 done
Event: 33.200 Executing VM operation: RevokeBias
Event: 33.200 Executing VM operation: RevokeBias done
Event: 33.200 Executing VM operation: RevokeBias
Event: 33.201 Executing VM operation: RevokeBias done


Dynamic libraries:
0x000000000925f000 	/System/Library/Frameworks/Cocoa.framework/Versions/A/Cocoa
0x000000000925f000 	/System/Library/Frameworks/Security.framework/Versions/A/Security
0x000000000925f000 	/System/Library/Frameworks/ApplicationServices.framework/Versions/A/ApplicationServices
0x000000000925f000 	/usr/lib/libz.1.dylib
0x000000000925f000 	/usr/lib/libSystem.B.dylib
0x000000000925f000 	/usr/lib/libobjc.A.dylib
0x000000000925f000 	/System/Library/Frameworks/CoreFoundation.framework/Versions/A/CoreFoundation
0x000000000925f000 	/System/Library/Frameworks/Foundation.framework/Versions/C/Foundation
0x000000000925f000 	/System/Library/Frameworks/AppKit.framework/Versions/C/AppKit
0x000000000925f000 	/System/Library/Frameworks/CoreData.framework/Versions/A/CoreData
0x000000000925f000 	/System/Library/PrivateFrameworks/RemoteViewServices.framework/Versions/A/RemoteViewServices
0x000000000925f000 	/System/Library/PrivateFrameworks/UIFoundation.framework/Versions/A/UIFoundation
0x000000000925f000 	/usr/lib/libScreenReader.dylib
0x000000000925f000 	/System/Library/Frameworks/Accelerate.framework/Versions/A/Accelerate
0x000000000925f000 	/System/Library/Frameworks/IOSurface.framework/Versions/A/IOSurface
0x000000000925f000 	/System/Library/Frameworks/AudioToolbox.framework/Versions/A/AudioToolbox
0x000000000925f000 	/System/Library/Frameworks/AudioUnit.framework/Versions/A/AudioUnit
0x000000000925f000 	/System/Library/PrivateFrameworks/DataDetectorsCore.framework/Versions/A/DataDetectorsCore
0x000000000925f000 	/System/Library/PrivateFrameworks/DesktopServicesPriv.framework/Versions/A/DesktopServicesPriv
0x000000000925f000 	/System/Library/Frameworks/Carbon.framework/Versions/A/Frameworks/HIToolbox.framework/Versions/A/HIToolbox
0x000000000925f000 	/System/Library/Frameworks/QuartzCore.framework/Versions/A/QuartzCore
0x000000000925f000 	/System/Library/Frameworks/Carbon.framework/Versions/A/Frameworks/SpeechRecognition.framework/Versions/A/SpeechRecognition
0x000000000925f000 	/usr/lib/libauto.dylib
0x000000000925f000 	/usr/lib/libicucore.A.dylib
0x000000000925f000 	/usr/lib/libxml2.2.dylib
0x000000000925f000 	/System/Library/PrivateFrameworks/CoreUI.framework/Versions/A/CoreUI
0x000000000925f000 	/System/Library/Frameworks/CoreAudio.framework/Versions/A/CoreAudio
0x000000000925f000 	/System/Library/Frameworks/DiskArbitration.framework/Versions/A/DiskArbitration
0x000000000925f000 	/usr/lib/liblangid.dylib
0x000000000925f000 	/System/Library/PrivateFrameworks/MultitouchSupport.framework/Versions/A/MultitouchSupport
0x000000000925f000 	/System/Library/Frameworks/IOKit.framework/Versions/A/IOKit
0x000000000925f000 	/usr/lib/libDiagnosticMessagesClient.dylib
0x000000000925f000 	/System/Library/Frameworks/CoreServices.framework/Versions/A/CoreServices
0x000000000925f000 	/System/Library/PrivateFrameworks/PerformanceAnalysis.framework/Versions/A/PerformanceAnalysis
0x000000000925f000 	/System/Library/PrivateFrameworks/GenerationalStorage.framework/Versions/A/GenerationalStorage
0x000000000925f000 	/System/Library/Frameworks/OpenGL.framework/Versions/A/OpenGL
0x000000000925f000 	/System/Library/PrivateFrameworks/Sharing.framework/Versions/A/Sharing
0x000000000925f000 	/System/Library/Frameworks/CoreGraphics.framework/Versions/A/CoreGraphics
0x000000000925f000 	/System/Library/Frameworks/CoreImage.framework/Versions/A/CoreImage
0x000000000925f000 	/System/Library/Frameworks/CoreText.framework/Versions/A/CoreText
0x000000000925f000 	/System/Library/Frameworks/ImageIO.framework/Versions/A/ImageIO
0x000000000925f000 	/System/Library/PrivateFrameworks/Backup.framework/Versions/A/Backup
0x000000000925f000 	/usr/lib/libextension.dylib
0x000000000925f000 	/usr/lib/libarchive.2.dylib
0x000000000925f000 	/System/Library/Frameworks/CFNetwork.framework/Versions/A/CFNetwork
0x000000000925f000 	/System/Library/Frameworks/SystemConfiguration.framework/Versions/A/SystemConfiguration
0x000000000925f000 	/usr/lib/libCRFSuite.dylib
0x000000000925f000 	/usr/lib/libc++.1.dylib
0x000000000925f000 	/usr/lib/libc++abi.dylib
0x000000000925f000 	/usr/lib/system/libcache.dylib
0x000000000925f000 	/usr/lib/system/libcommonCrypto.dylib
0x000000000925f000 	/usr/lib/system/libcompiler_rt.dylib
0x000000000925f000 	/usr/lib/system/libcopyfile.dylib
0x000000000925f000 	/usr/lib/system/libcorecrypto.dylib
0x000000000925f000 	/usr/lib/system/libdispatch.dylib
0x000000000925f000 	/usr/lib/system/libdyld.dylib
0x000000000925f000 	/usr/lib/system/libkeymgr.dylib
0x000000000925f000 	/usr/lib/system/liblaunch.dylib
0x000000000925f000 	/usr/lib/system/libmacho.dylib
0x000000000925f000 	/usr/lib/system/libquarantine.dylib
0x000000000925f000 	/usr/lib/system/libremovefile.dylib
0x000000000925f000 	/usr/lib/system/libsystem_asl.dylib
0x000000000925f000 	/usr/lib/system/libsystem_blocks.dylib
0x000000000925f000 	/usr/lib/system/libsystem_c.dylib
0x000000000925f000 	/usr/lib/system/libsystem_configuration.dylib
0x000000000925f000 	/usr/lib/system/libsystem_coreservices.dylib
0x000000000925f000 	/usr/lib/system/libsystem_coretls.dylib
0x000000000925f000 	/usr/lib/system/libsystem_dnssd.dylib
0x000000000925f000 	/usr/lib/system/libsystem_info.dylib
0x000000000925f000 	/usr/lib/system/libsystem_kernel.dylib
0x000000000925f000 	/usr/lib/system/libsystem_m.dylib
0x000000000925f000 	/usr/lib/system/libsystem_malloc.dylib
0x000000000925f000 	/usr/lib/system/libsystem_network.dylib
0x000000000925f000 	/usr/lib/system/libsystem_networkextension.dylib
0x000000000925f000 	/usr/lib/system/libsystem_notify.dylib
0x000000000925f000 	/usr/lib/system/libsystem_platform.dylib
0x000000000925f000 	/usr/lib/system/libsystem_pthread.dylib
0x000000000925f000 	/usr/lib/system/libsystem_sandbox.dylib
0x000000000925f000 	/usr/lib/system/libsystem_secinit.dylib
0x000000000925f000 	/usr/lib/system/libsystem_trace.dylib
0x000000000925f000 	/usr/lib/system/libunc.dylib
0x000000000925f000 	/usr/lib/system/libunwind.dylib
0x000000000925f000 	/usr/lib/system/libxpc.dylib
0x000000000925f000 	/usr/lib/libenergytrace.dylib
0x000000000925f000 	/usr/lib/libbsm.0.dylib
0x000000000925f000 	/usr/lib/system/libkxld.dylib
0x000000000925f000 	/usr/lib/libxar.1.dylib
0x000000000925f000 	/usr/lib/libsqlite3.dylib
0x000000000925f000 	/usr/lib/libpam.2.dylib
0x000000000925f000 	/usr/lib/libOpenScriptingUtil.dylib
0x000000000925f000 	/usr/lib/libbz2.1.0.dylib
0x000000000925f000 	/usr/lib/liblzma.5.dylib
0x000000000925f000 	/System/Library/Frameworks/CoreServices.framework/Versions/A/Frameworks/FSEvents.framework/Versions/A/FSEvents
0x000000000925f000 	/System/Library/Frameworks/CoreServices.framework/Versions/A/Frameworks/CarbonCore.framework/Versions/A/CarbonCore
0x000000000925f000 	/System/Library/Frameworks/CoreServices.framework/Versions/A/Frameworks/Metadata.framework/Versions/A/Metadata
0x000000000925f000 	/System/Library/Frameworks/CoreServices.framework/Versions/A/Frameworks/OSServices.framework/Versions/A/OSServices
0x000000000925f000 	/System/Library/Frameworks/CoreServices.framework/Versions/A/Frameworks/SearchKit.framework/Versions/A/SearchKit
0x000000000925f000 	/System/Library/Frameworks/CoreServices.framework/Versions/A/Frameworks/AE.framework/Versions/A/AE
0x000000000925f000 	/System/Library/Frameworks/CoreServices.framework/Versions/A/Frameworks/LaunchServices.framework/Versions/A/LaunchServices
0x000000000925f000 	/System/Library/Frameworks/CoreServices.framework/Versions/A/Frameworks/DictionaryServices.framework/Versions/A/DictionaryServices
0x000000000925f000 	/System/Library/Frameworks/CoreServices.framework/Versions/A/Frameworks/SharedFileList.framework/Versions/A/SharedFileList
0x000000000925f000 	/System/Library/Frameworks/NetFS.framework/Versions/A/NetFS
0x000000000925f000 	/System/Library/PrivateFrameworks/NetAuth.framework/Versions/A/NetAuth
0x000000000925f000 	/System/Library/PrivateFrameworks/login.framework/Versions/A/Frameworks/loginsupport.framework/Versions/A/loginsupport
0x000000000925f000 	/System/Library/PrivateFrameworks/TCC.framework/Versions/A/TCC
0x000000000925f000 	/usr/lib/libmecabra.dylib
0x000000000925f000 	/System/Library/Frameworks/ApplicationServices.framework/Versions/A/Frameworks/ATS.framework/Versions/A/ATS
0x000000000925f000 	/System/Library/Frameworks/ApplicationServices.framework/Versions/A/Frameworks/ColorSync.framework/Versions/A/ColorSync
0x000000000925f000 	/System/Library/Frameworks/ApplicationServices.framework/Versions/A/Frameworks/HIServices.framework/Versions/A/HIServices
0x000000000925f000 	/System/Library/Frameworks/ApplicationServices.framework/Versions/A/Frameworks/LangAnalysis.framework/Versions/A/LangAnalysis
0x000000000925f000 	/System/Library/Frameworks/ApplicationServices.framework/Versions/A/Frameworks/PrintCore.framework/Versions/A/PrintCore
0x000000000925f000 	/System/Library/Frameworks/ApplicationServices.framework/Versions/A/Frameworks/QD.framework/Versions/A/QD
0x000000000925f000 	/System/Library/Frameworks/ApplicationServices.framework/Versions/A/Frameworks/SpeechSynthesis.framework/Versions/A/SpeechSynthesis
0x000000000925f000 	/System/Library/Frameworks/Metal.framework/Versions/A/Metal
0x000000000925f000 	/System/Library/Frameworks/Accelerate.framework/Versions/A/Frameworks/vImage.framework/Versions/A/vImage
0x000000000925f000 	/System/Library/Frameworks/Accelerate.framework/Versions/A/Frameworks/vecLib.framework/Versions/A/vecLib
0x000000000925f000 	/System/Library/Frameworks/Accelerate.framework/Versions/A/Frameworks/vecLib.framework/Versions/A/libvDSP.dylib
0x000000000925f000 	/System/Library/Frameworks/Accelerate.framework/Versions/A/Frameworks/vecLib.framework/Versions/A/libvMisc.dylib
0x000000000925f000 	/System/Library/Frameworks/Accelerate.framework/Versions/A/Frameworks/vecLib.framework/Versions/A/libLAPACK.dylib
0x000000000925f000 	/System/Library/Frameworks/Accelerate.framework/Versions/A/Frameworks/vecLib.framework/Versions/A/libBLAS.dylib
0x000000000925f000 	/System/Library/Frameworks/Accelerate.framework/Versions/A/Frameworks/vecLib.framework/Versions/A/libLinearAlgebra.dylib
0x000000000925f000 	/System/Library/Frameworks/Accelerate.framework/Versions/A/Frameworks/vecLib.framework/Versions/A/libSparseBLAS.dylib
0x000000000925f000 	/System/Library/PrivateFrameworks/GPUCompiler.framework/libmetal_timestamp.dylib
0x000000000925f000 	/System/Library/Frameworks/OpenGL.framework/Versions/A/Libraries/libCoreFSCache.dylib
0x000000000925f000 	/System/Library/PrivateFrameworks/IOAccelerator.framework/Versions/A/IOAccelerator
0x000000000925f000 	/System/Library/Frameworks/ApplicationServices.framework/Versions/A/Frameworks/ATS.framework/Versions/A/Resources/libFontParser.dylib
0x000000000925f000 	/System/Library/Frameworks/ApplicationServices.framework/Versions/A/Frameworks/ATS.framework/Versions/A/Resources/libFontRegistry.dylib
0x000000000925f000 	/System/Library/PrivateFrameworks/AppleVPA.framework/Versions/A/AppleVPA
0x000000000925f000 	/System/Library/PrivateFrameworks/AppleJPEG.framework/Versions/A/AppleJPEG
0x000000000925f000 	/System/Library/Frameworks/ImageIO.framework/Versions/A/Resources/libJPEG.dylib
0x000000000925f000 	/System/Library/Frameworks/ImageIO.framework/Versions/A/Resources/libTIFF.dylib
0x000000000925f000 	/System/Library/Frameworks/ImageIO.framework/Versions/A/Resources/libPng.dylib
0x000000000925f000 	/System/Library/Frameworks/ImageIO.framework/Versions/A/Resources/libGIF.dylib
0x000000000925f000 	/System/Library/Frameworks/ImageIO.framework/Versions/A/Resources/libJP2.dylib
0x000000000925f000 	/System/Library/Frameworks/ImageIO.framework/Versions/A/Resources/libRadiance.dylib
0x000000000925f000 	/System/Library/Frameworks/CoreVideo.framework/Versions/A/CoreVideo
0x000000000925f000 	/System/Library/Frameworks/OpenGL.framework/Versions/A/Libraries/libGLU.dylib
0x000000000925f000 	/System/Library/Frameworks/OpenGL.framework/Versions/A/Libraries/libGFXShared.dylib
0x000000000925f000 	/System/Library/Frameworks/OpenGL.framework/Versions/A/Libraries/libGL.dylib
0x000000000925f000 	/System/Library/Frameworks/OpenGL.framework/Versions/A/Libraries/libGLImage.dylib
0x000000000925f000 	/System/Library/Frameworks/OpenGL.framework/Versions/A/Libraries/libCVMSPluginSupport.dylib
0x000000000925f000 	/System/Library/Frameworks/OpenGL.framework/Versions/A/Libraries/libCoreVMClient.dylib
0x000000000925f000 	/usr/lib/libcups.2.dylib
0x000000000925f000 	/System/Library/Frameworks/Kerberos.framework/Versions/A/Kerberos
0x000000000925f000 	/System/Library/Frameworks/GSS.framework/Versions/A/GSS
0x000000000925f000 	/usr/lib/libresolv.9.dylib
0x000000000925f000 	/usr/lib/libiconv.2.dylib
0x000000000925f000 	/System/Library/PrivateFrameworks/Heimdal.framework/Versions/A/Heimdal
0x000000000925f000 	/usr/lib/libheimdal-asn1.dylib
0x000000000925f000 	/System/Library/Frameworks/OpenDirectory.framework/Versions/A/OpenDirectory
0x000000000925f000 	/System/Library/PrivateFrameworks/CommonAuth.framework/Versions/A/CommonAuth
0x000000000925f000 	/System/Library/Frameworks/OpenDirectory.framework/Versions/A/Frameworks/CFOpenDirectory.framework/Versions/A/CFOpenDirectory
0x000000000925f000 	/System/Library/Frameworks/SecurityFoundation.framework/Versions/A/SecurityFoundation
0x000000000925f000 	/System/Library/PrivateFrameworks/LanguageModeling.framework/Versions/A/LanguageModeling
0x000000000925f000 	/usr/lib/libmarisa.dylib
0x000000000925f000 	/usr/lib/libChineseTokenizer.dylib
0x000000000925f000 	/usr/lib/libcmph.dylib
0x000000000925f000 	/usr/lib/libcompression.dylib
0x000000000925f000 	/System/Library/Frameworks/ServiceManagement.framework/Versions/A/ServiceManagement
0x000000000925f000 	/usr/lib/libxslt.1.dylib
0x000000000925f000 	/System/Library/Frameworks/Carbon.framework/Versions/A/Frameworks/Ink.framework/Versions/A/Ink
0x000000000925f000 	/usr/lib/libFosl_dynamic.dylib
0x000000000925f000 	/System/Library/PrivateFrameworks/FaceCore.framework/Versions/A/FaceCore
0x000000000925f000 	/System/Library/Frameworks/OpenCL.framework/Versions/A/OpenCL
0x000000000925f000 	/System/Library/PrivateFrameworks/CrashReporterSupport.framework/Versions/A/CrashReporterSupport
0x000000000925f000 	/System/Library/PrivateFrameworks/IconServices.framework/Versions/A/IconServices
0x000000000925f000 	/System/Library/PrivateFrameworks/Apple80211.framework/Versions/A/Apple80211
0x000000000925f000 	/System/Library/Frameworks/CoreWLAN.framework/Versions/A/CoreWLAN
0x000000000925f000 	/System/Library/Frameworks/IOBluetooth.framework/Versions/A/IOBluetooth
0x000000000925f000 	/System/Library/PrivateFrameworks/CoreWiFi.framework/Versions/A/CoreWiFi
0x000000000925f000 	/System/Library/Frameworks/CoreBluetooth.framework/Versions/A/CoreBluetooth
0x000000000925f000 	/System/Library/PrivateFrameworks/ChunkingLibrary.framework/Versions/A/ChunkingLibrary
0x000000000925f000 	/System/Library/PrivateFrameworks/DebugSymbols.framework/Versions/A/DebugSymbols
0x000000000925f000 	/System/Library/PrivateFrameworks/CoreSymbolication.framework/Versions/A/CoreSymbolication
0x000000000925f000 	/System/Library/PrivateFrameworks/Symbolication.framework/Versions/A/Symbolication
0x000000000925f000 	/System/Library/PrivateFrameworks/SpeechRecognitionCore.framework/Versions/A/SpeechRecognitionCore
0x0000000102000000 	/Library/Java/JavaVirtualMachines/jdk1.8.0_121.jdk/Contents/Home/jre/lib/server/libjvm.dylib
0x000000000925f000 	/usr/lib/libstdc++.6.dylib
0x00000001017ef000 	/Library/Java/JavaVirtualMachines/jdk1.8.0_121.jdk/Contents/Home/jre/lib/libverify.dylib
0x0000000102fa2000 	/Library/Java/JavaVirtualMachines/jdk1.8.0_121.jdk/Contents/Home/jre/lib/libjava.dylib
0x0000000102fdf000 	/Library/Java/JavaVirtualMachines/jdk1.8.0_121.jdk/Contents/Home/jre/lib/libzip.dylib
0x000000011894b000 	/System/Library/Frameworks/JavaVM.framework/Frameworks/JavaRuntimeSupport.framework/JavaRuntimeSupport
0x0000000118966000 	/System/Library/Frameworks/JavaVM.framework/Versions/A/Frameworks/JavaNativeFoundation.framework/Versions/A/JavaNativeFoundation
0x000000011897b000 	/System/Library/Frameworks/JavaVM.framework/Versions/A/JavaVM
0x000000000925f000 	/System/Library/Frameworks/Carbon.framework/Versions/A/Carbon
0x0000000118988000 	/System/Library/PrivateFrameworks/JavaLaunching.framework/Versions/A/JavaLaunching
0x000000000925f000 	/System/Library/Frameworks/Carbon.framework/Versions/A/Frameworks/CommonPanels.framework/Versions/A/CommonPanels
0x000000000925f000 	/System/Library/Frameworks/Carbon.framework/Versions/A/Frameworks/Help.framework/Versions/A/Help
0x000000000925f000 	/System/Library/Frameworks/Carbon.framework/Versions/A/Frameworks/ImageCapture.framework/Versions/A/ImageCapture
0x000000000925f000 	/System/Library/Frameworks/Carbon.framework/Versions/A/Frameworks/OpenScripting.framework/Versions/A/OpenScripting
0x000000000925f000 	/System/Library/Frameworks/Carbon.framework/Versions/A/Frameworks/Print.framework/Versions/A/Print
0x000000000925f000 	/System/Library/Frameworks/Carbon.framework/Versions/A/Frameworks/SecurityHI.framework/Versions/A/SecurityHI
0x000000011a38a000 	/Library/Java/JavaVirtualMachines/jdk1.8.0_121.jdk/Contents/Home/jre/lib/libprism_es2.dylib
0x000000000925f000 	/System/Library/Frameworks/OpenGL.framework/Versions/A/Resources/GLEngine.bundle/GLEngine
0x000000000925f000 	/System/Library/Frameworks/OpenGL.framework/Versions/A/Libraries/libGLProgrammability.dylib
0x000000011a40c000 	/System/Library/Extensions/AppleIntelBDWGraphicsGLDriver.bundle/Contents/MacOS/AppleIntelBDWGraphicsGLDriver
0x000000000925f000 	/System/Library/PrivateFrameworks/GPUSupport.framework/Versions/A/Libraries/libGPUSupportMercury.dylib
0x000000000925f000 	/System/Library/Frameworks/OpenGL.framework/Versions/A/Resources/GLRendererFloat.bundle/GLRendererFloat
0x000000000925f000 	/System/Library/Frameworks/OpenCL.framework/Versions/A/Libraries/libcldcpuengine.dylib
0x000000000925f000 	/System/Library/PrivateFrameworks/DiskImages.framework/Versions/A/DiskImages
0x000000000925f000 	/System/Library/Frameworks/DiscRecording.framework/Versions/A/DiscRecording
0x000000000925f000 	/usr/lib/libcsfde.dylib
0x000000000925f000 	/usr/lib/libcurl.4.dylib
0x000000000925f000 	/System/Library/PrivateFrameworks/MediaKit.framework/Versions/A/MediaKit
0x000000000925f000 	/System/Library/PrivateFrameworks/ProtectedCloudStorage.framework/Versions/A/ProtectedCloudStorage
0x000000000925f000 	/usr/lib/libCoreStorage.dylib
0x000000000925f000 	/System/Library/PrivateFrameworks/EFILogin.framework/Versions/A/EFILogin
0x000000000925f000 	/usr/lib/libutil.dylib
0x000000000925f000 	/System/Library/PrivateFrameworks/FindMyDevice.framework/Versions/A/FindMyDevice
0x000000000925f000 	/System/Library/Frameworks/LDAP.framework/Versions/A/LDAP
0x000000000925f000 	/usr/lib/libsasl2.2.dylib
0x000000000925f000 	/System/Library/PrivateFrameworks/CoreDaemon.framework/Versions/B/CoreDaemon
0x000000000925f000 	/usr/lib/libcrypto.0.9.8.dylib
0x000000000925f000 	/System/Library/PrivateFrameworks/AppleSRP.framework/Versions/A/AppleSRP
0x000000000925f000 	/System/Library/PrivateFrameworks/TrustEvaluationAgent.framework/Versions/A/TrustEvaluationAgent
0x000000011af45000 	/Library/Java/JavaVirtualMachines/jdk1.8.0_121.jdk/Contents/Home/jre/lib/libglass.dylib
0x000000000925f000 	/System/Library/PrivateFrameworks/CoreServicesInternal.framework/Versions/A/CoreServicesInternal
0x000000000925f000 	/System/Library/CoreServices/RawCamera.bundle/Contents/MacOS/RawCamera
0x000000000925f000 	/System/Library/Frameworks/CoreGraphics.framework/Versions/A/Resources/libRIP.A.dylib
0x000000000925f000 	/System/Library/Frameworks/Accelerate.framework/Versions/A/Frameworks/vImage.framework/Versions/A/Libraries/libCGInterfaces.dylib
0x000000000925f000 	/System/Library/PrivateFrameworks/FamilyControls.framework/Versions/A/FamilyControls
0x000000000925f000 	/System/Library/PrivateFrameworks/CommerceKit.framework/Versions/A/Frameworks/CommerceCore.framework/Versions/A/CommerceCore
0x000000000925f000 	/System/Library/PrivateFrameworks/SystemAdministration.framework/Versions/A/SystemAdministration
0x000000000925f000 	/System/Library/PrivateFrameworks/AppContainer.framework/Versions/A/AppContainer
0x000000000925f000 	/System/Library/PrivateFrameworks/SecCodeWrapper.framework/Versions/A/SecCodeWrapper
0x000000000925f000 	/System/Library/Frameworks/DirectoryService.framework/Versions/A/DirectoryService
0x000000000925f000 	/System/Library/PrivateFrameworks/LoginUIKit.framework/Versions/A/Frameworks/LoginUICore.framework/Versions/A/LoginUICore
0x000000000925f000 	/usr/lib/libodfde.dylib
0x000000011dca5000 	/Library/Java/JavaVirtualMachines/jdk1.8.0_121.jdk/Contents/Home/jre/lib/libnet.dylib
0x000000011e31e000 	/Library/Java/JavaVirtualMachines/jdk1.8.0_121.jdk/Contents/Home/jre/lib/libjavafx_font.dylib
0x000000000925f000 	/System/Library/Frameworks/CoreGraphics.framework/Versions/A/Resources/libCGXType.A.dylib
0x000000011e7c5000 	/private/var/folders/v6/4pk3p6bj323g8nh86w2fsvpm0000gn/T/sqlite-3.8.7-29e5c431-74c2-4897-af64-5242e1355eb0-libsqlitejdbc.jnilib
0x0000000120aa2000 	cl_kernels
0x000000000925f000 	/System/Library/Frameworks/OpenCL.framework/Versions/A/Libraries/ImageFormats/unorm8_bgra.dylib
0x000000000925f000 	/System/Library/Frameworks/OpenCL.framework/Versions/A/Libraries/ImageFormats/unorm8_rgba.dylib
0x0000000121989000 	/Library/Java/JavaVirtualMachines/jdk1.8.0_121.jdk/Contents/Home/jre/lib/libprism_common.dylib
0x0000000122489000 	/System/Library/Extensions/AppleIntelBDWGraphicsMTLDriver.bundle/Contents/MacOS/AppleIntelBDWGraphicsMTLDriver

VM Arguments:
jvm_args: -Dfile.encoding=UTF-8 
java_command: controller.ServerController
java_class_path (initial): /Users/Merna/Desktop/voidChat/VoidChatServer/sqlite-jdbc-3.8.7.jar:/Users/Merna/Desktop/voidChat/VoidChatServer/javax.mail.jar:/Users/Merna/Desktop/voidChat/VoidChatServer/build/classes
Launcher Type: SUN_STANDARD

Environment Variables:
PATH=/usr/bin:/bin:/usr/sbin:/sbin
LD_LIBRARY_PATH=/Library/Java/JavaVirtualMachines/jdk1.8.0_121.jdk/Contents/Home/jre/lib/amd64:/Library/Java/JavaVirtualMachines/jdk1.8.0_121.jdk/Contents/Home/jre/lib/i386:
SHELL=/bin/bash

Signal Handlers:
SIGSEGV: [libjvm.dylib+0x5b1141], sa_mask[0]=11111111011111110111111111111111, sa_flags=SA_ONSTACK|SA_RESTART|SA_SIGINFO
SIGBUS: [libjvm.dylib+0x5b1141], sa_mask[0]=11111111011111110111111111111111, sa_flags=SA_RESTART|SA_SIGINFO
SIGFPE: [libjvm.dylib+0x487bc4], sa_mask[0]=11111111011111110111111111111111, sa_flags=SA_RESTART|SA_SIGINFO
SIGPIPE: [libjvm.dylib+0x487bc4], sa_mask[0]=11111111011111110111111111111111, sa_flags=SA_RESTART|SA_SIGINFO
SIGXFSZ: [libjvm.dylib+0x487bc4], sa_mask[0]=11111111011111110111111111111111, sa_flags=SA_RESTART|SA_SIGINFO
SIGILL: [libjvm.dylib+0x487bc4], sa_mask[0]=11111111011111110111111111111111, sa_flags=SA_RESTART|SA_SIGINFO
SIGUSR1: SIG_DFL, sa_mask[0]=00000000000000000000000000000000, sa_flags=none
SIGUSR2: [libjvm.dylib+0x4876e2], sa_mask[0]=00100000000000000000000000000000, sa_flags=SA_RESTART|SA_SIGINFO
SIGHUP: [libjvm.dylib+0x485cb9], sa_mask[0]=11111111011111110111111111111111, sa_flags=SA_RESTART|SA_SIGINFO
SIGINT: SIG_IGN, sa_mask[0]=00000000000000000000000000000000, sa_flags=none
SIGTERM: [libjvm.dylib+0x485cb9], sa_mask[0]=11111111011111110111111111111111, sa_flags=SA_RESTART|SA_SIGINFO
SIGQUIT: [libjvm.dylib+0x485cb9], sa_mask[0]=11111111011111110111111111111111, sa_flags=SA_RESTART|SA_SIGINFO


---------------  S Y S T E M  ---------------

OS:Bsduname:Darwin 15.4.0 Darwin Kernel Version 15.4.0: Fri Feb 26 22:08:05 PST 2016; root:xnu-3248.40.184~3/RELEASE_X86_64 x86_64
rlimit: STACK 8192k, CORE 0k, NPROC 709, NOFILE 10240, AS infinity
load average:2.51 2.33 2.17

CPU:total 4 (2 cores per cpu, 2 threads per core) family 6 model 61 stepping 4, cmov, cx8, fxsr, mmx, sse, sse2, sse3, ssse3, sse4.1, sse4.2, popcnt, avx, avx2, aes, clmul, erms, 3dnowpref, lzcnt, ht, tsc, tscinvbit, bmi1, bmi2, adx

Memory: 4k page, physical 8388608k(428268k free)

/proc/meminfo:


vm_info: Java HotSpot(TM) 64-Bit Server VM (25.121-b13) for bsd-amd64 JRE (1.8.0_121-b13), built on Dec 12 2016 20:39:32 by "java_re" with gcc 4.2.1 (Based on Apple Inc. build 5658) (LLVM build 2336.11.00)

time: Fri Feb 17 19:17:08 2017
elapsed time: 33 seconds (0d 0h 0m 33s)

