#
# A fatal error has been detected by the Java Runtime Environment:
#
#  SIGSEGV (0xb) at pc=0x0000000123ed7d89, pid=7996, tid=0x0000000000000a0b
#
# JRE version: Java(TM) SE Runtime Environment (8.0_121-b13) (build 1.8.0_121-b13)
# Java VM: Java HotSpot(TM) 64-Bit Server VM (25.121-b13 mixed mode bsd-amd64 compressed oops)
# Problematic frame:
# C  [sqlite-3.8.7-c2bfc4d4-8ea8-49bf-aac4-4c118bfcf67f-libsqlitejdbc.jnilib+0xcd89]  Java_org_sqlite_core_NativeDB_restore+0x9e19
#
# Failed to write core dump. Core dumps have been disabled. To enable core dumping, try "ulimit -c unlimited" before starting Java again
#
# If you would like to submit a bug report, please visit:
#   http://bugreport.java.com/bugreport/crash.jsp
# The crash happened outside the Java Virtual Machine in native code.
# See problematic frame for where to report the bug.
#

---------------  T H R E A D  ---------------

Current thread (0x00007f9d81926000):  JavaThread "JavaFX Application Thread" [_thread_in_native, id=2571, stack(0x00007fff5878b000,0x00007fff58f8b000)]

siginfo: si_signo: 11 (SIGSEGV), si_code: 1 (SEGV_MAPERR), si_addr: 0x0000000000000018

Registers:
RAX=0x0000000000000000, RBX=0x00007f9d86ae9430, RCX=0x0000000108022370, RDX=0x00007f9d86ae9430
RSP=0x00007fff58f857a0, RBP=0x00007fff58f857b0, RSI=0x00007fff58f857c0, RDI=0x00007f9d86ae9430
R8 =0x00000000fffffffc, R9 =0x00007f9d80e4f940, R10=0x00000000ffffffff, R11=0xffffffff00000000
R12=0x0000000000000000, R13=0x00007fff58f857f0, R14=0x0000000000000000, R15=0x00007f9d81926000
RIP=0x0000000123ed7d89, EFLAGS=0x0000000000010206, ERR=0x0000000000000004
  TRAPNO=0x000000000000000e

Top of Stack: (sp=0x00007fff58f857a0)
0x00007fff58f857a0:   0000000797fe3110 00007fff58f857c0
0x00007fff58f857b0:   00007fff58f85800 0000000108e696f6
0x00007fff58f857c0:   0000000797fe3110 0000000000000001
0x00007fff58f857d0:   00000007c00016d0 00007f9d81926000
0x00007fff58f857e0:   00007f9d81926000 00007fff58f85960
0x00007fff58f857f0:   0000000000000003 00000007c0000208
0x00007fff58f85800:   0000000797fe3cf8 00000001089d3cd0
0x00007fff58f85810:   0000000797fe3d58 00007f9d86593f68
0x00007fff58f85820:   0000000000000100 0000000081926000
0x00007fff58f85830:   0000000797fe3cf8 00000001090cce3c
0x00007fff58f85840:   00007f9d86593f84 0000000000000000
0x00007fff58f85850:   00007f9d86593f68 00007f9d86593f88
0x00007fff58f85860:   0000000000000200 0000020000000300
0x00007fff58f85870:   00007fff58f858f0 00007fff96f6c540
0x00007fff58f85880:   0000000000000000 00007f9d00000000
0x00007fff58f85890:   00007f9d86593f68 0802240000000000
0x00007fff58f858a0:   0000000000000000 0000000000000000
0x00007fff58f858b0:   0000000097fe3110 00007f9d86593f84
0x00007fff58f858c0:   00007fff58f85930 00007f9d86593f00
0x00007fff58f858d0:   0000000000000000 0000000000000003
0x00007fff58f858e0:   00007f9d86593f28 00007fff58f85948
0x00007fff58f858f0:   00007fff58f85910 0000000107c86162
0x00007fff58f85900:   00007f9d820d5788 00007f9d86593f00
0x00007fff58f85910:   00007fff58f85930 00007fff58f859c0
0x00007fff58f85920:   0000000797fe3110 00007fff58f85948
0x00007fff58f85930:   00007fff58f85970 0000000107ce541b
0x00007fff58f85940:   00007f9d81926000 00007f9d81926000
0x00007fff58f85950:   00007f9d81926000 0000000000000000
0x00007fff58f85960:   00007fff58f85930 00007f9d81926000
0x00007fff58f85970:   00007fff58f85a98 0000000108a40a5c
0x00007fff58f85980:   0000000797fe3cf8 00000007f2ffc7ab
0x00007fff58f85990:   00007f9d86ae9430 0000000797fe3110 

Instructions: (pc=0x0000000123ed7d89)
0x0000000123ed7d69:   5e 41 5f 5d c3 66 90 55 48 89 e5 41 56 53 48 89
0x0000000123ed7d79:   fb 45 31 f6 48 85 db 0f 84 a1 00 00 00 48 8b 03
0x0000000123ed7d89:   48 8b 78 18 48 85 ff 74 06 ff 15 18 1a 10 00 48
0x0000000123ed7d99:   89 df e8 90 00 00 00 41 89 c6 c7 83 80 00 00 00 

Register to memory mapping:

RAX=0x0000000000000000 is an unknown value
RBX=0x00007f9d86ae9430 is an unknown value
RCX=0x0000000108022370: UseMembar+0 in /Library/Java/JavaVirtualMachines/jdk1.8.0_121.jdk/Contents/Home/jre/lib/server/libjvm.dylib at 0x0000000107800000
RDX=0x00007f9d86ae9430 is an unknown value
RSP=0x00007fff58f857a0 is pointing into the stack for thread: 0x00007f9d81926000
RBP=0x00007fff58f857b0 is pointing into the stack for thread: 0x00007f9d81926000
RSI=0x00007fff58f857c0 is pointing into the stack for thread: 0x00007f9d81926000
RDI=0x00007f9d86ae9430 is an unknown value
R8 =0x00000000fffffffc is an unknown value
R9 =0x00007f9d80e4f940 is an unknown value
R10=0x00000000ffffffff is an unknown value
R11=0xffffffff00000000 is an unknown value
R12=0x0000000000000000 is an unknown value
R13=0x00007fff58f857f0 is pointing into the stack for thread: 0x00007f9d81926000
R14=0x0000000000000000 is an unknown value
R15=0x00007f9d81926000 is a thread


Stack: [0x00007fff5878b000,0x00007fff58f8b000],  sp=0x00007fff58f857a0,  free space=8169k
Native frames: (J=compiled Java code, j=interpreted, Vv=VM code, C=native code)
C  [sqlite-3.8.7-c2bfc4d4-8ea8-49bf-aac4-4c118bfcf67f-libsqlitejdbc.jnilib+0xcd89]  Java_org_sqlite_core_NativeDB_restore+0x9e19
J 2304  org.sqlite.core.NativeDB.reset(J)I (0 bytes) @ 0x0000000108e696f6 [0x0000000108e69580+0x176]
J 3192 C2 org.sqlite.core.CoreResultSet.close()V (105 bytes) @ 0x00000001089d3cd0 [0x00000001089d3c60+0x70]
J 3090 C2 org.sqlite.core.CoreStatement.internalClose()V (74 bytes) @ 0x00000001090cce3c [0x00000001090cadc0+0x207c]
J 3362 C2 org.sqlite.jdbc3.JDBC3Statement.close()V (37 bytes) @ 0x0000000108a40a5c [0x0000000108a40a20+0x3c]
J 2823 C1 model.ServerModel.closeResources()V (39 bytes) @ 0x0000000108fc0414 [0x0000000108fc02c0+0x154]
j  model.ServerModel.getGender()Ljava/util/ArrayList;+178
J 4005 C1 view.ServerViewController$4.handle(Ljavafx/event/ActionEvent;)V (166 bytes) @ 0x0000000108ed590c [0x0000000108ed3f00+0x1a0c]
J 3241 C1 view.ServerViewController$4.handle(Ljavafx/event/Event;)V (9 bytes) @ 0x0000000108bdaa2c [0x0000000108bda8c0+0x16c]
J 3105 C1 com.sun.scenario.animation.shared.TimelineClipCore.visitKeyFrame(IJ)V (85 bytes) @ 0x00000001090c66b4 [0x00000001090c61c0+0x4f4]
J 3063 C2 com.sun.scenario.animation.shared.TimelineClipCore.playTo(J)V (353 bytes) @ 0x0000000109092210 [0x0000000109092080+0x190]
J 2958 C2 javafx.animation.Animation$1$$Lambda$334.run()Ljava/lang/Object; (12 bytes) @ 0x0000000109039200 [0x0000000109038fe0+0x220]
v  ~StubRoutines::call_stub
V  [libjvm.dylib+0x2ed9d6]  JavaCalls::call_helper(JavaValue*, methodHandle*, JavaCallArguments*, Thread*)+0x6ae
V  [libjvm.dylib+0x34e114]  JVM_DoPrivileged+0x4b8
J 2273  java.security.AccessController.doPrivileged(Ljava/security/PrivilegedAction;Ljava/security/AccessControlContext;)Ljava/lang/Object; (0 bytes) @ 0x0000000108e5c555 [0x0000000108e5c480+0xd5]
J 3219 C2 com.sun.javafx.tk.quantum.QuantumToolkit$$Lambda$43.run()V (8 bytes) @ 0x0000000108be707c [0x0000000108be6c60+0x41c]
J 3220 C2 com.sun.glass.ui.InvokeLaterDispatcher$Future.run()V (91 bytes) @ 0x00000001088b7430 [0x00000001088b73e0+0x50]
v  ~StubRoutines::call_stub
V  [libjvm.dylib+0x2ed9d6]  JavaCalls::call_helper(JavaValue*, methodHandle*, JavaCallArguments*, Thread*)+0x6ae
V  [libjvm.dylib+0x324b65]  jni_invoke_nonstatic(JNIEnv_*, JavaValue*, _jobject*, JNICallType, _jmethodID*, JNI_ArgumentPusher*, Thread*)+0x2ec
V  [libjvm.dylib+0x317333]  jni_CallVoidMethod+0x16b
C  [libglass.dylib+0x456b]  -[GlassRunnable run]+0x6b
C  [Foundation+0x76f5e]  __NSThreadPerformPerform+0x117
C  [CoreFoundation+0xaa881]  __CFRUNLOOP_IS_CALLING_OUT_TO_A_SOURCE0_PERFORM_FUNCTION__+0x11
C  [CoreFoundation+0x89fbc]  __CFRunLoopDoSources0+0x22c
C  [CoreFoundation+0x894df]  __CFRunLoopRun+0x39f
C  [CoreFoundation+0x88ed8]  CFRunLoopRunSpecific+0x128
C  [HIToolbox+0x30935]  RunCurrentEventLoopInMode+0xeb
C  [HIToolbox+0x3076f]  ReceiveNextEventCommon+0x1b0
C  [HIToolbox+0x305af]  _BlockUntilNextEventMatchingListInModeWithFilter+0x47
C  [AppKit+0x48efa]  _DPSNextEvent+0x42b
C  [AppKit+0x4832a]  -[NSApplication _nextEventMatchingEventMask:untilDate:inMode:dequeue:]+0x1c6
C  [AppKit+0x3ce84]  -[NSApplication run]+0x2aa
C  [libglass.dylib+0x651c]  -[GlassApplication runLoop:]+0x72c
C  [Foundation+0x76f5e]  __NSThreadPerformPerform+0x117
C  [CoreFoundation+0xaa881]  __CFRUNLOOP_IS_CALLING_OUT_TO_A_SOURCE0_PERFORM_FUNCTION__+0x11
C  [CoreFoundation+0x89fbc]  __CFRunLoopDoSources0+0x22c
C  [CoreFoundation+0x894df]  __CFRunLoopRun+0x39f
C  [CoreFoundation+0x88ed8]  CFRunLoopRunSpecific+0x128
C  [java+0x6465]  CreateExecutionEnvironment+0x367
C  [java+0x218c]  JLI_Launch+0x7a0
C  [java+0x84c2]  main+0x65
C  [java+0x19e4]  start+0x34
C  0x0000000000000005

Java frames: (J=compiled Java code, j=interpreted, Vv=VM code)
J 2304  org.sqlite.core.NativeDB.reset(J)I (0 bytes) @ 0x0000000108e695b8 [0x0000000108e69580+0x38]
J 3192 C2 org.sqlite.core.CoreResultSet.close()V (105 bytes) @ 0x00000001089d3cd0 [0x00000001089d3c60+0x70]
J 3090 C2 org.sqlite.core.CoreStatement.internalClose()V (74 bytes) @ 0x00000001090cce3c [0x00000001090cadc0+0x207c]
J 3362 C2 org.sqlite.jdbc3.JDBC3Statement.close()V (37 bytes) @ 0x0000000108a40a5c [0x0000000108a40a20+0x3c]
J 2823 C1 model.ServerModel.closeResources()V (39 bytes) @ 0x0000000108fc0414 [0x0000000108fc02c0+0x154]
j  model.ServerModel.getGender()Ljava/util/ArrayList;+178
J 4005 C1 view.ServerViewController$4.handle(Ljavafx/event/ActionEvent;)V (166 bytes) @ 0x0000000108ed590c [0x0000000108ed3f00+0x1a0c]
J 3241 C1 view.ServerViewController$4.handle(Ljavafx/event/Event;)V (9 bytes) @ 0x0000000108bdaa2c [0x0000000108bda8c0+0x16c]
J 3105 C1 com.sun.scenario.animation.shared.TimelineClipCore.visitKeyFrame(IJ)V (85 bytes) @ 0x00000001090c66b4 [0x00000001090c61c0+0x4f4]
J 3063 C2 com.sun.scenario.animation.shared.TimelineClipCore.playTo(J)V (353 bytes) @ 0x0000000109092210 [0x0000000109092080+0x190]
J 2958 C2 javafx.animation.Animation$1$$Lambda$334.run()Ljava/lang/Object; (12 bytes) @ 0x0000000109039200 [0x0000000109038fe0+0x220]
v  ~StubRoutines::call_stub
J 2273  java.security.AccessController.doPrivileged(Ljava/security/PrivilegedAction;Ljava/security/AccessControlContext;)Ljava/lang/Object; (0 bytes) @ 0x0000000108e5c4e3 [0x0000000108e5c480+0x63]
J 3219 C2 com.sun.javafx.tk.quantum.QuantumToolkit$$Lambda$43.run()V (8 bytes) @ 0x0000000108be707c [0x0000000108be6c60+0x41c]
J 3220 C2 com.sun.glass.ui.InvokeLaterDispatcher$Future.run()V (91 bytes) @ 0x00000001088b7430 [0x00000001088b73e0+0x50]
v  ~StubRoutines::call_stub

---------------  P R O C E S S  ---------------

Java Threads: ( => current thread )
  0x00007f9d87223000 JavaThread "Thread-13" daemon [_thread_blocked, id=44751, stack(0x0000700002183000,0x0000700002283000)]
  0x00007f9d812f6000 JavaThread "Thread-12" daemon [_thread_in_native, id=62239, stack(0x0000700001f7d000,0x000070000207d000)]
  0x00007f9d87855800 JavaThread "RMI TCP Connection(23)-192.168.1.131" daemon [_thread_in_native, id=42927, stack(0x0000700002080000,0x0000700002180000)]
  0x00007f9d8722b800 JavaThread "RMI RenewClean-[192.168.1.131:53995]" daemon [_thread_blocked, id=63151, stack(0x0000700001c74000,0x0000700001d74000)]
  0x00007f9d8804c000 JavaThread "RMI RenewClean-[192.168.1.131:53988]" daemon [_thread_blocked, id=38067, stack(0x0000700001e7a000,0x0000700001f7a000)]
  0x00007f9d87989000 JavaThread "RMI RenewClean-[192.168.1.131:53981]" daemon [_thread_blocked, id=61995, stack(0x0000700001d77000,0x0000700001e77000)]
  0x00007f9d880ad000 JavaThread "RMI TCP Connection(idle)" daemon [_thread_blocked, id=14623, stack(0x0000700001a6e000,0x0000700001b6e000)]
  0x00007f9d85807000 JavaThread "RMI Scheduler(0)" daemon [_thread_blocked, id=62467, stack(0x0000700001b71000,0x0000700001c71000)]
  0x00007f9d811d2800 JavaThread "Prism Font Disposer" daemon [_thread_blocked, id=52495, stack(0x00007000018e8000,0x00007000019e8000)]
  0x00007f9d819a5800 JavaThread "RMI TCP Accept-1050" daemon [_thread_in_native, id=46339, stack(0x0000700001762000,0x0000700001862000)]
  0x00007f9d81803800 JavaThread "GC Daemon" daemon [_thread_blocked, id=45827, stack(0x000070000165f000,0x000070000175f000)]
  0x00007f9d811ce000 JavaThread "RMI Reaper" [_thread_blocked, id=45315, stack(0x000070000155c000,0x000070000165c000)]
  0x00007f9d811cd000 JavaThread "RMI TCP Accept-0" daemon [_thread_in_native, id=44815, stack(0x0000700001459000,0x0000700001559000)]
  0x00007f9d82107800 JavaThread "Thread-4" daemon [_thread_in_native, id=37379, stack(0x00007000013d6000,0x0000700001456000)]
=>0x00007f9d81926000 JavaThread "JavaFX Application Thread" [_thread_in_native, id=2571, stack(0x00007fff5878b000,0x00007fff58f8b000)]
  0x00007f9d8116b000 JavaThread "Thread-2" daemon [_thread_blocked, id=25107, stack(0x0000700001250000,0x0000700001350000)]
  0x00007f9d81901800 JavaThread "QuantumRenderer-0" daemon [_thread_blocked, id=19971, stack(0x00007000010ca000,0x00007000011ca000)]
  0x00007f9d818fc800 JavaThread "JavaFX-Launcher" [_thread_blocked, id=19459, stack(0x0000700000fc7000,0x00007000010c7000)]
  0x00007f9d81089800 JavaThread "Service Thread" daemon [_thread_blocked, id=18435, stack(0x0000700000dc1000,0x0000700000ec1000)]
  0x00007f9d81070800 JavaThread "C1 CompilerThread2" daemon [_thread_blocked, id=17923, stack(0x0000700000cbe000,0x0000700000dbe000)]
  0x00007f9d81070000 JavaThread "C2 CompilerThread1" daemon [_thread_blocked, id=17411, stack(0x0000700000bbb000,0x0000700000cbb000)]
  0x00007f9d81055800 JavaThread "C2 CompilerThread0" daemon [_thread_blocked, id=16899, stack(0x0000700000ab8000,0x0000700000bb8000)]
  0x00007f9d81055000 JavaThread "Signal Dispatcher" daemon [_thread_blocked, id=12815, stack(0x00007000009b5000,0x0000700000ab5000)]
  0x00007f9d81810800 JavaThread "Finalizer" daemon [_thread_blocked, id=12291, stack(0x000070000082f000,0x000070000092f000)]
  0x00007f9d8180d800 JavaThread "Reference Handler" daemon [_thread_blocked, id=11779, stack(0x000070000072c000,0x000070000082c000)]
  0x00007f9d81006800 JavaThread "main" [_thread_blocked, id=5891, stack(0x000070000011a000,0x000070000021a000)]

Other Threads:
  0x00007f9d81809000 VMThread [stack: 0x0000700000629000,0x0000700000729000] [id=11267]
  0x00007f9d82007000 WatcherThread [stack: 0x0000700000ec4000,0x0000700000fc4000] [id=18947]

VM state:not at safepoint (normal execution)

VM Mutex/Monitor currently owned by a thread: None

Heap:
 PSYoungGen      total 64000K, used 51678K [0x0000000795580000, 0x000000079a200000, 0x00000007c0000000)
  eden space 52736K, 82% used [0x0000000795580000,0x0000000797fedc18,0x0000000798900000)
  from space 11264K, 73% used [0x0000000799700000,0x0000000799f09c00,0x000000079a200000)
  to   space 12800K, 0% used [0x0000000798900000,0x0000000798900000,0x0000000799580000)
 ParOldGen       total 57856K, used 24366K [0x0000000740000000, 0x0000000743880000, 0x0000000795580000)
  object space 57856K, 42% used [0x0000000740000000,0x00000007417cb880,0x0000000743880000)
 Metaspace       used 27250K, capacity 28802K, committed 29056K, reserved 1075200K
  class space    used 3844K, capacity 4130K, committed 4224K, reserved 1048576K

Card table byte_map: [0x0000000117b62000,0x0000000117f63000] byte_map_base: 0x0000000114162000

Marking Bits: (ParMarkBitMap*) 0x00000001080f0d30
 Begin Bits: [0x000000011820e000, 0x000000011a20e000)
 End Bits:   [0x000000011a20e000, 0x000000011c20e000)

Polling page: 0x0000000106f38000

CodeCache: size=245760Kb used=11453Kb max_used=11530Kb free=234306Kb
 bounds [0x00000001087a2000, 0x0000000109312000, 0x00000001177a2000]
 total_blobs=4236 nmethods=3499 adapters=650
 compilation: enabled

Compilation events (10 events):
Event: 1107.236 Thread 0x00007f9d81070800 nmethod 4094 0x00000001089a4750 code [0x00000001089a48c0, 0x00000001089a4b30]
Event: 1107.236 Thread 0x00007f9d81070800 4095  s    3       sun.text.normalizer.UBiDiProps::getSingleton (20 bytes)
Event: 1107.237 Thread 0x00007f9d81070800 nmethod 4095 0x00000001089a4150 code [0x00000001089a42c0, 0x00000001089a4688]
Event: 1107.237 Thread 0x00007f9d81070800 4096       3       sun.text.bidi.BidiBase::setPara (740 bytes)
Event: 1107.240 Thread 0x00007f9d81055800 nmethod 4109 0x0000000108e65a50 code [0x0000000108e65c20, 0x0000000108e660c8]
Event: 1107.243 Thread 0x00007f9d81070800 nmethod 4096 0x0000000108ff2410 code [0x0000000108ff27c0, 0x0000000108ff4918]
Event: 1107.244 Thread 0x00007f9d81070800 4097       3       sun.text.bidi.BidiBase::getDirPropsMemory (10 bytes)
Event: 1107.244 Thread 0x00007f9d81070800 nmethod 4097 0x0000000108e65490 code [0x0000000108e65620, 0x0000000108e65948]
Event: 1107.244 Thread 0x00007f9d81070800 4098       3       sun.text.bidi.BidiBase::getDirPropsMemory (28 bytes)
Event: 1107.244 Thread 0x00007f9d81070800 nmethod 4098 0x0000000108988910 code [0x0000000108988a80, 0x0000000108988d48]

GC Heap History (10 events):
Event: 398.739 GC heap before
{Heap before GC invocations=8 (full 2):
 PSYoungGen      total 68608K, used 68576K [0x0000000795580000, 0x0000000799d80000, 0x00000007c0000000)
  eden space 63488K, 100% used [0x0000000795580000,0x0000000799380000,0x0000000799380000)
  from space 5120K, 99% used [0x0000000799680000,0x0000000799b78020,0x0000000799b80000)
  to   space 2048K, 0% used [0x0000000799b80000,0x0000000799b80000,0x0000000799d80000)
 ParOldGen       total 57856K, used 14198K [0x0000000740000000, 0x0000000743880000, 0x0000000795580000)
  object space 57856K, 24% used [0x0000000740000000,0x0000000740ddd860,0x0000000743880000)
 Metaspace       used 23747K, capacity 25230K, committed 25344K, reserved 1071104K
  class space    used 3487K, capacity 3764K, committed 3840K, reserved 1048576K
Event: 398.762 GC heap after
Heap after GC invocations=8 (full 2):
 PSYoungGen      total 58880K, used 2048K [0x0000000795580000, 0x000000079af00000, 0x00000007c0000000)
  eden space 56832K, 0% used [0x0000000795580000,0x0000000795580000,0x0000000798d00000)
  from space 2048K, 100% used [0x0000000799b80000,0x0000000799d80000,0x0000000799d80000)
  to   space 14848K, 0% used [0x0000000798d00000,0x0000000798d00000,0x0000000799b80000)
 ParOldGen       total 57856K, used 24334K [0x0000000740000000, 0x0000000743880000, 0x0000000795580000)
  object space 57856K, 42% used [0x0000000740000000,0x00000007417c3880,0x0000000743880000)
 Metaspace       used 23747K, capacity 25230K, committed 25344K, reserved 1071104K
  class space    used 3487K, capacity 3764K, committed 3840K, reserved 1048576K
}
Event: 586.218 GC heap before
{Heap before GC invocations=9 (full 2):
 PSYoungGen      total 58880K, used 58880K [0x0000000795580000, 0x000000079af00000, 0x00000007c0000000)
  eden space 56832K, 100% used [0x0000000795580000,0x0000000798d00000,0x0000000798d00000)
  from space 2048K, 100% used [0x0000000799b80000,0x0000000799d80000,0x0000000799d80000)
  to   space 14848K, 0% used [0x0000000798d00000,0x0000000798d00000,0x0000000799b80000)
 ParOldGen       total 57856K, used 24334K [0x0000000740000000, 0x0000000743880000, 0x0000000795580000)
  object space 57856K, 42% used [0x0000000740000000,0x00000007417c3880,0x0000000743880000)
 Metaspace       used 23748K, capacity 25230K, committed 25344K, reserved 1071104K
  class space    used 3487K, capacity 3764K, committed 3840K, reserved 1048576K
Event: 586.246 GC heap after
Heap after GC invocations=9 (full 2):
 PSYoungGen      total 64512K, used 8608K [0x0000000795580000, 0x000000079a800000, 0x00000007c0000000)
  eden space 55808K, 0% used [0x0000000795580000,0x0000000795580000,0x0000000798c00000)
  from space 8704K, 98% used [0x0000000798d00000,0x0000000799568000,0x0000000799580000)
  to   space 14336K, 0% used [0x0000000799a00000,0x0000000799a00000,0x000000079a800000)
 ParOldGen       total 57856K, used 24342K [0x0000000740000000, 0x0000000743880000, 0x0000000795580000)
  object space 57856K, 42% used [0x0000000740000000,0x00000007417c5880,0x0000000743880000)
 Metaspace       used 23748K, capacity 25230K, committed 25344K, reserved 1071104K
  class space    used 3487K, capacity 3764K, committed 3840K, reserved 1048576K
}
Event: 722.700 GC heap before
{Heap before GC invocations=10 (full 2):
 PSYoungGen      total 64512K, used 64416K [0x0000000795580000, 0x000000079a800000, 0x00000007c0000000)
  eden space 55808K, 100% used [0x0000000795580000,0x0000000798c00000,0x0000000798c00000)
  from space 8704K, 98% used [0x0000000798d00000,0x0000000799568000,0x0000000799580000)
  to   space 14336K, 0% used [0x0000000799a00000,0x0000000799a00000,0x000000079a800000)
 ParOldGen       total 57856K, used 24342K [0x0000000740000000, 0x0000000743880000, 0x0000000795580000)
  object space 57856K, 42% used [0x0000000740000000,0x00000007417c5880,0x0000000743880000)
 Metaspace       used 23838K, capacity 25312K, committed 25600K, reserved 1071104K
  class space    used 3498K, capacity 3767K, committed 3840K, reserved 1048576K
Event: 722.725 GC heap after
Heap after GC invocations=10 (full 2):
 PSYoungGen      total 67072K, used 6848K [0x0000000795580000, 0x000000079a600000, 0x00000007c0000000)
  eden space 54784K, 0% used [0x0000000795580000,0x0000000795580000,0x0000000798b00000)
  from space 12288K, 55% used [0x0000000799a00000,0x000000079a0b0000,0x000000079a600000)
  to   space 13824K, 0% used [0x0000000798b00000,0x0000000798b00000,0x0000000799880000)
 ParOldGen       total 57856K, used 24350K [0x0000000740000000, 0x0000000743880000, 0x0000000795580000)
  object space 57856K, 42% used [0x0000000740000000,0x00000007417c7880,0x0000000743880000)
 Metaspace       used 23838K, capacity 25312K, committed 25600K, reserved 1071104K
  class space    used 3498K, capacity 3767K, committed 3840K, reserved 1048576K
}
Event: 883.732 GC heap before
{Heap before GC invocations=11 (full 2):
 PSYoungGen      total 67072K, used 61632K [0x0000000795580000, 0x000000079a600000, 0x00000007c0000000)
  eden space 54784K, 100% used [0x0000000795580000,0x0000000798b00000,0x0000000798b00000)
  from space 12288K, 55% used [0x0000000799a00000,0x000000079a0b0000,0x000000079a600000)
  to   space 13824K, 0% used [0x0000000798b00000,0x0000000798b00000,0x0000000799880000)
 ParOldGen       total 57856K, used 24350K [0x0000000740000000, 0x0000000743880000, 0x0000000795580000)
  object space 57856K, 42% used [0x0000000740000000,0x00000007417c7880,0x0000000743880000)
 Metaspace       used 23862K, capacity 25312K, committed 25600K, reserved 1071104K
  class space    used 3498K, capacity 3767K, committed 3840K, reserved 1048576K
Event: 883.753 GC heap after
Heap after GC invocations=11 (full 2):
 PSYoungGen      total 61952K, used 7744K [0x0000000795580000, 0x000000079a400000, 0x00000007c0000000)
  eden space 53760K, 0% used [0x0000000795580000,0x0000000795580000,0x0000000798a00000)
  from space 8192K, 94% used [0x0000000798b00000,0x0000000799290000,0x0000000799300000)
  to   space 13312K, 0% used [0x0000000799700000,0x0000000799700000,0x000000079a400000)
 ParOldGen       total 57856K, used 24358K [0x0000000740000000, 0x0000000743880000, 0x0000000795580000)
  object space 57856K, 42% used [0x0000000740000000,0x00000007417c9880,0x0000000743880000)
 Metaspace       used 23862K, capacity 25312K, committed 25600K, reserved 1071104K
  class space    used 3498K, capacity 3767K, committed 3840K, reserved 1048576K
}
Event: 967.214 GC heap before
{Heap before GC invocations=12 (full 2):
 PSYoungGen      total 61952K, used 61504K [0x0000000795580000, 0x000000079a400000, 0x00000007c0000000)
  eden space 53760K, 100% used [0x0000000795580000,0x0000000798a00000,0x0000000798a00000)
  from space 8192K, 94% used [0x0000000798b00000,0x0000000799290000,0x0000000799300000)
  to   space 13312K, 0% used [0x0000000799700000,0x0000000799700000,0x000000079a400000)
 ParOldGen       total 57856K, used 24358K [0x0000000740000000, 0x0000000743880000, 0x0000000795580000)
  object space 57856K, 42% used [0x0000000740000000,0x00000007417c9880,0x0000000743880000)
 Metaspace       used 27152K, capacity 28674K, committed 28800K, reserved 1073152K
  class space    used 3844K, capacity 4130K, committed 4224K, reserved 1048576K
Event: 967.237 GC heap after
Heap after GC invocations=12 (full 2):
 PSYoungGen      total 64000K, used 8231K [0x0000000795580000, 0x000000079a200000, 0x00000007c0000000)
  eden space 52736K, 0% used [0x0000000795580000,0x0000000795580000,0x0000000798900000)
  from space 11264K, 73% used [0x0000000799700000,0x0000000799f09c00,0x000000079a200000)
  to   space 12800K, 0% used [0x0000000798900000,0x0000000798900000,0x0000000799580000)
 ParOldGen       total 57856K, used 24366K [0x0000000740000000, 0x0000000743880000, 0x0000000795580000)
  object space 57856K, 42% used [0x0000000740000000,0x00000007417cb880,0x0000000743880000)
 Metaspace       used 27152K, capacity 28674K, committed 28800K, reserved 1073152K
  class space    used 3844K, capacity 4130K, committed 4224K, reserved 1048576K
}

Deoptimization events (10 events):
Event: 899.138 Thread 0x00007f9d812f6000 Uncommon trap: reason=bimorphic action=maybe_recompile pc=0x0000000108ffe560 method=java.io.BufferedOutputStream.flush()V @ 8
Event: 899.402 Thread 0x00007f9d812f6000 Uncommon trap: reason=bimorphic action=maybe_recompile pc=0x0000000108ffe560 method=java.io.BufferedOutputStream.flush()V @ 8
Event: 910.127 Thread 0x00007f9d812f6000 Uncommon trap: reason=class_check action=maybe_recompile pc=0x0000000108cc6648 method=sun.nio.cs.StreamEncoder.writeBytes()V @ 120
Event: 917.678 Thread 0x00007f9d880ad000 Uncommon trap: reason=unstable_if action=reinterpret pc=0x0000000108960a14 method=org.sqlite.core.DB.ensureAutoCommit()V @ 17
Event: 918.799 Thread 0x00007f9d812f6000 Uncommon trap: reason=speculate_class_check action=maybe_recompile pc=0x00000001092740c0 method=java.nio.charset.CharsetEncoder.encode(Ljava/nio/CharBuffer;Ljava/nio/ByteBuffer;Z)Ljava/nio/charset/CoderResult; @ 57
Event: 918.799 Thread 0x00007f9d812f6000 Uncommon trap: reason=predicate action=maybe_recompile pc=0x000000010925fcc0 method=java.nio.charset.CharsetEncoder.encode(Ljava/nio/CharBuffer;Ljava/nio/ByteBuffer;Z)Ljava/nio/charset/CoderResult; @ 54
Event: 918.799 Thread 0x00007f9d812f6000 Uncommon trap: reason=class_check action=maybe_recompile pc=0x0000000108cc6648 method=sun.nio.cs.StreamEncoder.writeBytes()V @ 120
Event: 918.816 Thread 0x00007f9d812f6000 Uncommon trap: reason=speculate_class_check action=maybe_recompile pc=0x00000001092740c0 method=java.nio.charset.CharsetEncoder.encode(Ljava/nio/CharBuffer;Ljava/nio/ByteBuffer;Z)Ljava/nio/charset/CoderResult; @ 57
Event: 918.816 Thread 0x00007f9d812f6000 Uncommon trap: reason=class_check action=maybe_recompile pc=0x0000000108cc6648 method=sun.nio.cs.StreamEncoder.writeBytes()V @ 120
Event: 1107.252 Thread 0x00007f9d81926000 Uncommon trap: reason=unstable_if action=reinterpret pc=0x00000001091a7a58 method=org.sqlite.core.DB.prepare(Lorg/sqlite/core/CoreStatement;)V @ 6

Internal exceptions (10 events):
Event: 134.552 Thread 0x00007f9d81b6e000 Exception <a 'java/net/UnknownHostException'> (0x000000079747b628) thrown at [/Users/java_re/workspace/8-2-build-macosx-x86_64/jdk8u121/8372/hotspot/src/share/vm/prims/jni.cpp, line 709]
Event: 701.340 Thread 0x00007f9d8808a000 Exception <a 'java/lang/NoSuchMethodError': <clinit>> (0x00000007986c6990) thrown at [/Users/java_re/workspace/8-2-build-macosx-x86_64/jdk8u121/8372/hotspot/src/share/vm/prims/jni.cpp, line 1613]
Event: 701.346 Thread 0x00007f9d87989000 Exception <a 'java/lang/InterruptedException'> (0x00000007986e3140) thrown at [/Users/java_re/workspace/8-2-build-macosx-x86_64/jdk8u121/8372/hotspot/src/share/vm/runtime/objectMonitor.cpp, line 1684]
Event: 763.929 Thread 0x00007f9d8804c000 Exception <a 'java/lang/InterruptedException'> (0x0000000796f44ba0) thrown at [/Users/java_re/workspace/8-2-build-macosx-x86_64/jdk8u121/8372/hotspot/src/share/vm/runtime/objectMonitor.cpp, line 1684]
Event: 892.848 Thread 0x00007f9d812f6000 Exception <a 'java/net/UnknownHostException'> (0x0000000796909a48) thrown at [/Users/java_re/workspace/8-2-build-macosx-x86_64/jdk8u121/8372/hotspot/src/share/vm/prims/jni.cpp, line 735]
Event: 900.365 Thread 0x00007f9d8722b800 Exception <a 'java/lang/InterruptedException'> (0x0000000797b0f6c0) thrown at [/Users/java_re/workspace/8-2-build-macosx-x86_64/jdk8u121/8372/hotspot/src/share/vm/runtime/objectMonitor.cpp, line 1684]
Event: 910.132 Thread 0x00007f9d812f6000 Exception <a 'java/net/UnknownHostException'> (0x0000000797da8f60) thrown at [/Users/java_re/workspace/8-2-build-macosx-x86_64/jdk8u121/8372/hotspot/src/share/vm/prims/jni.cpp, line 735]
Event: 918.785 Thread 0x00007f9d812f6000 Exception <a 'java/io/FileNotFoundException'> (0x0000000797db66c0) thrown at [/Users/java_re/workspace/8-2-build-macosx-x86_64/jdk8u121/8372/hotspot/src/share/vm/prims/jni.cpp, line 709]
Event: 918.786 Thread 0x00007f9d812f6000 Exception <a 'java/io/FileNotFoundException'> (0x0000000797db7248) thrown at [/Users/java_re/workspace/8-2-build-macosx-x86_64/jdk8u121/8372/hotspot/src/share/vm/prims/jni.cpp, line 709]
Event: 918.815 Thread 0x00007f9d812f6000 Exception <a 'java/net/UnknownHostException'> (0x00000007980564b8) thrown at [/Users/java_re/workspace/8-2-build-macosx-x86_64/jdk8u121/8372/hotspot/src/share/vm/prims/jni.cpp, line 735]

Events (10 events):
Event: 1097.736 Thread 0x00007f9d81070000 flushing nmethod 0x0000000108aa3dd0
Event: 1097.739 Thread 0x00007f9d81055800 flushing nmethod 0x0000000108b7e150
Event: 1097.742 Thread 0x00007f9d81055800 flushing nmethod 0x0000000108cad850
Event: 1097.757 Thread 0x00007f9d81055800 flushing nmethod 0x0000000108cf6710
Event: 1107.087 Thread 0x00007f9d87223000 Thread added: 0x00007f9d87223000
Event: 1107.251 Executing VM operation: RevokeBias
Event: 1107.252 Executing VM operation: RevokeBias done
Event: 1107.252 Thread 0x00007f9d81926000 Uncommon trap: trap_request=0xffffff65 fr.pc=0x00000001091a7a58
Event: 1107.252 Thread 0x00007f9d81926000 DEOPT PACKING pc=0x00000001091a7a58 sp=0x00007fff58f85a30
Event: 1107.252 Thread 0x00007f9d81926000 DEOPT UNPACKING pc=0x00000001087a7229 sp=0x00007fff58f85968 mode 2


Dynamic libraries:
0x000000000925f000 	/System/Library/Frameworks/Cocoa.framework/Versions/A/Cocoa
0x000000000925f000 	/System/Library/Frameworks/Security.framework/Versions/A/Security
0x000000000925f000 	/System/Library/Frameworks/ApplicationServices.framework/Versions/A/ApplicationServices
0x000000000925f000 	/usr/lib/libz.1.dylib
0x000000000925f000 	/usr/lib/libSystem.B.dylib
0x000000000925f000 	/usr/lib/libobjc.A.dylib
0x000000000925f000 	/System/Library/Frameworks/CoreFoundation.framework/Versions/A/CoreFoundation
0x000000000925f000 	/System/Library/Frameworks/Foundation.framework/Versions/C/Foundation
0x000000000925f000 	/System/Library/Frameworks/AppKit.framework/Versions/C/AppKit
0x000000000925f000 	/System/Library/Frameworks/CoreData.framework/Versions/A/CoreData
0x000000000925f000 	/System/Library/PrivateFrameworks/RemoteViewServices.framework/Versions/A/RemoteViewServices
0x000000000925f000 	/System/Library/PrivateFrameworks/UIFoundation.framework/Versions/A/UIFoundation
0x000000000925f000 	/usr/lib/libScreenReader.dylib
0x000000000925f000 	/System/Library/Frameworks/Accelerate.framework/Versions/A/Accelerate
0x000000000925f000 	/System/Library/Frameworks/IOSurface.framework/Versions/A/IOSurface
0x000000000925f000 	/System/Library/Frameworks/AudioToolbox.framework/Versions/A/AudioToolbox
0x000000000925f000 	/System/Library/Frameworks/AudioUnit.framework/Versions/A/AudioUnit
0x000000000925f000 	/System/Library/PrivateFrameworks/DataDetectorsCore.framework/Versions/A/DataDetectorsCore
0x000000000925f000 	/System/Library/PrivateFrameworks/DesktopServicesPriv.framework/Versions/A/DesktopServicesPriv
0x000000000925f000 	/System/Library/Frameworks/Carbon.framework/Versions/A/Frameworks/HIToolbox.framework/Versions/A/HIToolbox
0x000000000925f000 	/System/Library/Frameworks/QuartzCore.framework/Versions/A/QuartzCore
0x000000000925f000 	/System/Library/Frameworks/Carbon.framework/Versions/A/Frameworks/SpeechRecognition.framework/Versions/A/SpeechRecognition
0x000000000925f000 	/usr/lib/libauto.dylib
0x000000000925f000 	/usr/lib/libicucore.A.dylib
0x000000000925f000 	/usr/lib/libxml2.2.dylib
0x000000000925f000 	/System/Library/PrivateFrameworks/CoreUI.framework/Versions/A/CoreUI
0x000000000925f000 	/System/Library/Frameworks/CoreAudio.framework/Versions/A/CoreAudio
0x000000000925f000 	/System/Library/Frameworks/DiskArbitration.framework/Versions/A/DiskArbitration
0x000000000925f000 	/usr/lib/liblangid.dylib
0x000000000925f000 	/System/Library/PrivateFrameworks/MultitouchSupport.framework/Versions/A/MultitouchSupport
0x000000000925f000 	/System/Library/Frameworks/IOKit.framework/Versions/A/IOKit
0x000000000925f000 	/usr/lib/libDiagnosticMessagesClient.dylib
0x000000000925f000 	/System/Library/Frameworks/CoreServices.framework/Versions/A/CoreServices
0x000000000925f000 	/System/Library/PrivateFrameworks/PerformanceAnalysis.framework/Versions/A/PerformanceAnalysis
0x000000000925f000 	/System/Library/PrivateFrameworks/GenerationalStorage.framework/Versions/A/GenerationalStorage
0x000000000925f000 	/System/Library/Frameworks/OpenGL.framework/Versions/A/OpenGL
0x000000000925f000 	/System/Library/PrivateFrameworks/Sharing.framework/Versions/A/Sharing
0x000000000925f000 	/System/Library/Frameworks/CoreGraphics.framework/Versions/A/CoreGraphics
0x000000000925f000 	/System/Library/Frameworks/CoreImage.framework/Versions/A/CoreImage
0x000000000925f000 	/System/Library/Frameworks/CoreText.framework/Versions/A/CoreText
0x000000000925f000 	/System/Library/Frameworks/ImageIO.framework/Versions/A/ImageIO
0x000000000925f000 	/System/Library/PrivateFrameworks/Backup.framework/Versions/A/Backup
0x000000000925f000 	/usr/lib/libextension.dylib
0x000000000925f000 	/usr/lib/libarchive.2.dylib
0x000000000925f000 	/System/Library/Frameworks/CFNetwork.framework/Versions/A/CFNetwork
0x000000000925f000 	/System/Library/Frameworks/SystemConfiguration.framework/Versions/A/SystemConfiguration
0x000000000925f000 	/usr/lib/libCRFSuite.dylib
0x000000000925f000 	/usr/lib/libc++.1.dylib
0x000000000925f000 	/usr/lib/libc++abi.dylib
0x000000000925f000 	/usr/lib/system/libcache.dylib
0x000000000925f000 	/usr/lib/system/libcommonCrypto.dylib
0x000000000925f000 	/usr/lib/system/libcompiler_rt.dylib
0x000000000925f000 	/usr/lib/system/libcopyfile.dylib
0x000000000925f000 	/usr/lib/system/libcorecrypto.dylib
0x000000000925f000 	/usr/lib/system/libdispatch.dylib
0x000000000925f000 	/usr/lib/system/libdyld.dylib
0x000000000925f000 	/usr/lib/system/libkeymgr.dylib
0x000000000925f000 	/usr/lib/system/liblaunch.dylib
0x000000000925f000 	/usr/lib/system/libmacho.dylib
0x000000000925f000 	/usr/lib/system/libquarantine.dylib
0x000000000925f000 	/usr/lib/system/libremovefile.dylib
0x000000000925f000 	/usr/lib/system/libsystem_asl.dylib
0x000000000925f000 	/usr/lib/system/libsystem_blocks.dylib
0x000000000925f000 	/usr/lib/system/libsystem_c.dylib
0x000000000925f000 	/usr/lib/system/libsystem_configuration.dylib
0x000000000925f000 	/usr/lib/system/libsystem_coreservices.dylib
0x000000000925f000 	/usr/lib/system/libsystem_coretls.dylib
0x000000000925f000 	/usr/lib/system/libsystem_dnssd.dylib
0x000000000925f000 	/usr/lib/system/libsystem_info.dylib
0x000000000925f000 	/usr/lib/system/libsystem_kernel.dylib
0x000000000925f000 	/usr/lib/system/libsystem_m.dylib
0x000000000925f000 	/usr/lib/system/libsystem_malloc.dylib
0x000000000925f000 	/usr/lib/system/libsystem_network.dylib
0x000000000925f000 	/usr/lib/system/libsystem_networkextension.dylib
0x000000000925f000 	/usr/lib/system/libsystem_notify.dylib
0x000000000925f000 	/usr/lib/system/libsystem_platform.dylib
0x000000000925f000 	/usr/lib/system/libsystem_pthread.dylib
0x000000000925f000 	/usr/lib/system/libsystem_sandbox.dylib
0x000000000925f000 	/usr/lib/system/libsystem_secinit.dylib
0x000000000925f000 	/usr/lib/system/libsystem_trace.dylib
0x000000000925f000 	/usr/lib/system/libunc.dylib
0x000000000925f000 	/usr/lib/system/libunwind.dylib
0x000000000925f000 	/usr/lib/system/libxpc.dylib
0x000000000925f000 	/usr/lib/libenergytrace.dylib
0x000000000925f000 	/usr/lib/libbsm.0.dylib
0x000000000925f000 	/usr/lib/system/libkxld.dylib
0x000000000925f000 	/usr/lib/libxar.1.dylib
0x000000000925f000 	/usr/lib/libsqlite3.dylib
0x000000000925f000 	/usr/lib/libpam.2.dylib
0x000000000925f000 	/usr/lib/libOpenScriptingUtil.dylib
0x000000000925f000 	/usr/lib/libbz2.1.0.dylib
0x000000000925f000 	/usr/lib/liblzma.5.dylib
0x000000000925f000 	/System/Library/Frameworks/CoreServices.framework/Versions/A/Frameworks/FSEvents.framework/Versions/A/FSEvents
0x000000000925f000 	/System/Library/Frameworks/CoreServices.framework/Versions/A/Frameworks/CarbonCore.framework/Versions/A/CarbonCore
0x000000000925f000 	/System/Library/Frameworks/CoreServices.framework/Versions/A/Frameworks/Metadata.framework/Versions/A/Metadata
0x000000000925f000 	/System/Library/Frameworks/CoreServices.framework/Versions/A/Frameworks/OSServices.framework/Versions/A/OSServices
0x000000000925f000 	/System/Library/Frameworks/CoreServices.framework/Versions/A/Frameworks/SearchKit.framework/Versions/A/SearchKit
0x000000000925f000 	/System/Library/Frameworks/CoreServices.framework/Versions/A/Frameworks/AE.framework/Versions/A/AE
0x000000000925f000 	/System/Library/Frameworks/CoreServices.framework/Versions/A/Frameworks/LaunchServices.framework/Versions/A/LaunchServices
0x000000000925f000 	/System/Library/Frameworks/CoreServices.framework/Versions/A/Frameworks/DictionaryServices.framework/Versions/A/DictionaryServices
0x000000000925f000 	/System/Library/Frameworks/CoreServices.framework/Versions/A/Frameworks/SharedFileList.framework/Versions/A/SharedFileList
0x000000000925f000 	/System/Library/Frameworks/NetFS.framework/Versions/A/NetFS
0x000000000925f000 	/System/Library/PrivateFrameworks/NetAuth.framework/Versions/A/NetAuth
0x000000000925f000 	/System/Library/PrivateFrameworks/login.framework/Versions/A/Frameworks/loginsupport.framework/Versions/A/loginsupport
0x000000000925f000 	/System/Library/PrivateFrameworks/TCC.framework/Versions/A/TCC
0x000000000925f000 	/usr/lib/libmecabra.dylib
0x000000000925f000 	/System/Library/Frameworks/ApplicationServices.framework/Versions/A/Frameworks/ATS.framework/Versions/A/ATS
0x000000000925f000 	/System/Library/Frameworks/ApplicationServices.framework/Versions/A/Frameworks/ColorSync.framework/Versions/A/ColorSync
0x000000000925f000 	/System/Library/Frameworks/ApplicationServices.framework/Versions/A/Frameworks/HIServices.framework/Versions/A/HIServices
0x000000000925f000 	/System/Library/Frameworks/ApplicationServices.framework/Versions/A/Frameworks/LangAnalysis.framework/Versions/A/LangAnalysis
0x000000000925f000 	/System/Library/Frameworks/ApplicationServices.framework/Versions/A/Frameworks/PrintCore.framework/Versions/A/PrintCore
0x000000000925f000 	/System/Library/Frameworks/ApplicationServices.framework/Versions/A/Frameworks/QD.framework/Versions/A/QD
0x000000000925f000 	/System/Library/Frameworks/ApplicationServices.framework/Versions/A/Frameworks/SpeechSynthesis.framework/Versions/A/SpeechSynthesis
0x000000000925f000 	/System/Library/Frameworks/Metal.framework/Versions/A/Metal
0x000000000925f000 	/System/Library/Frameworks/Accelerate.framework/Versions/A/Frameworks/vImage.framework/Versions/A/vImage
0x000000000925f000 	/System/Library/Frameworks/Accelerate.framework/Versions/A/Frameworks/vecLib.framework/Versions/A/vecLib
0x000000000925f000 	/System/Library/Frameworks/Accelerate.framework/Versions/A/Frameworks/vecLib.framework/Versions/A/libvDSP.dylib
0x000000000925f000 	/System/Library/Frameworks/Accelerate.framework/Versions/A/Frameworks/vecLib.framework/Versions/A/libvMisc.dylib
0x000000000925f000 	/System/Library/Frameworks/Accelerate.framework/Versions/A/Frameworks/vecLib.framework/Versions/A/libLAPACK.dylib
0x000000000925f000 	/System/Library/Frameworks/Accelerate.framework/Versions/A/Frameworks/vecLib.framework/Versions/A/libBLAS.dylib
0x000000000925f000 	/System/Library/Frameworks/Accelerate.framework/Versions/A/Frameworks/vecLib.framework/Versions/A/libLinearAlgebra.dylib
0x000000000925f000 	/System/Library/Frameworks/Accelerate.framework/Versions/A/Frameworks/vecLib.framework/Versions/A/libSparseBLAS.dylib
0x000000000925f000 	/System/Library/PrivateFrameworks/GPUCompiler.framework/libmetal_timestamp.dylib
0x000000000925f000 	/System/Library/Frameworks/OpenGL.framework/Versions/A/Libraries/libCoreFSCache.dylib
0x000000000925f000 	/System/Library/PrivateFrameworks/IOAccelerator.framework/Versions/A/IOAccelerator
0x000000000925f000 	/System/Library/Frameworks/ApplicationServices.framework/Versions/A/Frameworks/ATS.framework/Versions/A/Resources/libFontParser.dylib
0x000000000925f000 	/System/Library/Frameworks/ApplicationServices.framework/Versions/A/Frameworks/ATS.framework/Versions/A/Resources/libFontRegistry.dylib
0x000000000925f000 	/System/Library/PrivateFrameworks/AppleVPA.framework/Versions/A/AppleVPA
0x000000000925f000 	/System/Library/PrivateFrameworks/AppleJPEG.framework/Versions/A/AppleJPEG
0x000000000925f000 	/System/Library/Frameworks/ImageIO.framework/Versions/A/Resources/libJPEG.dylib
0x000000000925f000 	/System/Library/Frameworks/ImageIO.framework/Versions/A/Resources/libTIFF.dylib
0x000000000925f000 	/System/Library/Frameworks/ImageIO.framework/Versions/A/Resources/libPng.dylib
0x000000000925f000 	/System/Library/Frameworks/ImageIO.framework/Versions/A/Resources/libGIF.dylib
0x000000000925f000 	/System/Library/Frameworks/ImageIO.framework/Versions/A/Resources/libJP2.dylib
0x000000000925f000 	/System/Library/Frameworks/ImageIO.framework/Versions/A/Resources/libRadiance.dylib
0x000000000925f000 	/System/Library/Frameworks/CoreVideo.framework/Versions/A/CoreVideo
0x000000000925f000 	/System/Library/Frameworks/OpenGL.framework/Versions/A/Libraries/libGLU.dylib
0x000000000925f000 	/System/Library/Frameworks/OpenGL.framework/Versions/A/Libraries/libGFXShared.dylib
0x000000000925f000 	/System/Library/Frameworks/OpenGL.framework/Versions/A/Libraries/libGL.dylib
0x000000000925f000 	/System/Library/Frameworks/OpenGL.framework/Versions/A/Libraries/libGLImage.dylib
0x000000000925f000 	/System/Library/Frameworks/OpenGL.framework/Versions/A/Libraries/libCVMSPluginSupport.dylib
0x000000000925f000 	/System/Library/Frameworks/OpenGL.framework/Versions/A/Libraries/libCoreVMClient.dylib
0x000000000925f000 	/usr/lib/libcups.2.dylib
0x000000000925f000 	/System/Library/Frameworks/Kerberos.framework/Versions/A/Kerberos
0x000000000925f000 	/System/Library/Frameworks/GSS.framework/Versions/A/GSS
0x000000000925f000 	/usr/lib/libresolv.9.dylib
0x000000000925f000 	/usr/lib/libiconv.2.dylib
0x000000000925f000 	/System/Library/PrivateFrameworks/Heimdal.framework/Versions/A/Heimdal
0x000000000925f000 	/usr/lib/libheimdal-asn1.dylib
0x000000000925f000 	/System/Library/Frameworks/OpenDirectory.framework/Versions/A/OpenDirectory
0x000000000925f000 	/System/Library/PrivateFrameworks/CommonAuth.framework/Versions/A/CommonAuth
0x000000000925f000 	/System/Library/Frameworks/OpenDirectory.framework/Versions/A/Frameworks/CFOpenDirectory.framework/Versions/A/CFOpenDirectory
0x000000000925f000 	/System/Library/Frameworks/SecurityFoundation.framework/Versions/A/SecurityFoundation
0x000000000925f000 	/System/Library/PrivateFrameworks/LanguageModeling.framework/Versions/A/LanguageModeling
0x000000000925f000 	/usr/lib/libmarisa.dylib
0x000000000925f000 	/usr/lib/libChineseTokenizer.dylib
0x000000000925f000 	/usr/lib/libcmph.dylib
0x000000000925f000 	/usr/lib/libcompression.dylib
0x000000000925f000 	/System/Library/Frameworks/ServiceManagement.framework/Versions/A/ServiceManagement
0x000000000925f000 	/usr/lib/libxslt.1.dylib
0x000000000925f000 	/System/Library/Frameworks/Carbon.framework/Versions/A/Frameworks/Ink.framework/Versions/A/Ink
0x000000000925f000 	/usr/lib/libFosl_dynamic.dylib
0x000000000925f000 	/System/Library/PrivateFrameworks/FaceCore.framework/Versions/A/FaceCore
0x000000000925f000 	/System/Library/Frameworks/OpenCL.framework/Versions/A/OpenCL
0x000000000925f000 	/System/Library/PrivateFrameworks/CrashReporterSupport.framework/Versions/A/CrashReporterSupport
0x000000000925f000 	/System/Library/PrivateFrameworks/IconServices.framework/Versions/A/IconServices
0x000000000925f000 	/System/Library/PrivateFrameworks/Apple80211.framework/Versions/A/Apple80211
0x000000000925f000 	/System/Library/Frameworks/CoreWLAN.framework/Versions/A/CoreWLAN
0x000000000925f000 	/System/Library/Frameworks/IOBluetooth.framework/Versions/A/IOBluetooth
0x000000000925f000 	/System/Library/PrivateFrameworks/CoreWiFi.framework/Versions/A/CoreWiFi
0x000000000925f000 	/System/Library/Frameworks/CoreBluetooth.framework/Versions/A/CoreBluetooth
0x000000000925f000 	/System/Library/PrivateFrameworks/ChunkingLibrary.framework/Versions/A/ChunkingLibrary
0x000000000925f000 	/System/Library/PrivateFrameworks/DebugSymbols.framework/Versions/A/DebugSymbols
0x000000000925f000 	/System/Library/PrivateFrameworks/CoreSymbolication.framework/Versions/A/CoreSymbolication
0x000000000925f000 	/System/Library/PrivateFrameworks/Symbolication.framework/Versions/A/Symbolication
0x000000000925f000 	/System/Library/PrivateFrameworks/SpeechRecognitionCore.framework/Versions/A/SpeechRecognitionCore
0x0000000107800000 	/Library/Java/JavaVirtualMachines/jdk1.8.0_121.jdk/Contents/Home/jre/lib/server/libjvm.dylib
0x000000000925f000 	/usr/lib/libstdc++.6.dylib
0x0000000106ef5000 	/Library/Java/JavaVirtualMachines/jdk1.8.0_121.jdk/Contents/Home/jre/lib/libverify.dylib
0x0000000106f03000 	/Library/Java/JavaVirtualMachines/jdk1.8.0_121.jdk/Contents/Home/jre/lib/libjava.dylib
0x0000000106f42000 	/Library/Java/JavaVirtualMachines/jdk1.8.0_121.jdk/Contents/Home/jre/lib/libzip.dylib
0x000000011e05a000 	/System/Library/Frameworks/JavaVM.framework/Frameworks/JavaRuntimeSupport.framework/JavaRuntimeSupport
0x000000011e075000 	/System/Library/Frameworks/JavaVM.framework/Versions/A/Frameworks/JavaNativeFoundation.framework/Versions/A/JavaNativeFoundation
0x000000011e08a000 	/System/Library/Frameworks/JavaVM.framework/Versions/A/JavaVM
0x000000000925f000 	/System/Library/Frameworks/Carbon.framework/Versions/A/Carbon
0x000000011e097000 	/System/Library/PrivateFrameworks/JavaLaunching.framework/Versions/A/JavaLaunching
0x000000000925f000 	/System/Library/Frameworks/Carbon.framework/Versions/A/Frameworks/CommonPanels.framework/Versions/A/CommonPanels
0x000000000925f000 	/System/Library/Frameworks/Carbon.framework/Versions/A/Frameworks/Help.framework/Versions/A/Help
0x000000000925f000 	/System/Library/Frameworks/Carbon.framework/Versions/A/Frameworks/ImageCapture.framework/Versions/A/ImageCapture
0x000000000925f000 	/System/Library/Frameworks/Carbon.framework/Versions/A/Frameworks/OpenScripting.framework/Versions/A/OpenScripting
0x000000000925f000 	/System/Library/Frameworks/Carbon.framework/Versions/A/Frameworks/Print.framework/Versions/A/Print
0x000000000925f000 	/System/Library/Frameworks/Carbon.framework/Versions/A/Frameworks/SecurityHI.framework/Versions/A/SecurityHI
0x000000011fa90000 	/Library/Java/JavaVirtualMachines/jdk1.8.0_121.jdk/Contents/Home/jre/lib/libprism_es2.dylib
0x000000000925f000 	/System/Library/Frameworks/OpenGL.framework/Versions/A/Resources/GLEngine.bundle/GLEngine
0x000000000925f000 	/System/Library/Frameworks/OpenGL.framework/Versions/A/Libraries/libGLProgrammability.dylib
0x000000011fb12000 	/System/Library/Extensions/AppleIntelBDWGraphicsGLDriver.bundle/Contents/MacOS/AppleIntelBDWGraphicsGLDriver
0x000000000925f000 	/System/Library/PrivateFrameworks/GPUSupport.framework/Versions/A/Libraries/libGPUSupportMercury.dylib
0x000000000925f000 	/System/Library/Frameworks/OpenGL.framework/Versions/A/Resources/GLRendererFloat.bundle/GLRendererFloat
0x000000000925f000 	/System/Library/Frameworks/OpenCL.framework/Versions/A/Libraries/libcldcpuengine.dylib
0x000000000925f000 	/System/Library/PrivateFrameworks/DiskImages.framework/Versions/A/DiskImages
0x000000000925f000 	/System/Library/Frameworks/DiscRecording.framework/Versions/A/DiscRecording
0x000000000925f000 	/usr/lib/libcsfde.dylib
0x000000000925f000 	/usr/lib/libcurl.4.dylib
0x000000000925f000 	/System/Library/PrivateFrameworks/MediaKit.framework/Versions/A/MediaKit
0x000000000925f000 	/System/Library/PrivateFrameworks/ProtectedCloudStorage.framework/Versions/A/ProtectedCloudStorage
0x000000000925f000 	/usr/lib/libCoreStorage.dylib
0x000000000925f000 	/System/Library/PrivateFrameworks/EFILogin.framework/Versions/A/EFILogin
0x000000000925f000 	/usr/lib/libutil.dylib
0x000000000925f000 	/System/Library/PrivateFrameworks/FindMyDevice.framework/Versions/A/FindMyDevice
0x000000000925f000 	/System/Library/Frameworks/LDAP.framework/Versions/A/LDAP
0x000000000925f000 	/usr/lib/libsasl2.2.dylib
0x000000000925f000 	/System/Library/PrivateFrameworks/CoreDaemon.framework/Versions/B/CoreDaemon
0x000000000925f000 	/usr/lib/libcrypto.0.9.8.dylib
0x000000000925f000 	/System/Library/PrivateFrameworks/AppleSRP.framework/Versions/A/AppleSRP
0x000000000925f000 	/System/Library/PrivateFrameworks/TrustEvaluationAgent.framework/Versions/A/TrustEvaluationAgent
0x000000012064b000 	/Library/Java/JavaVirtualMachines/jdk1.8.0_121.jdk/Contents/Home/jre/lib/libglass.dylib
0x000000000925f000 	/System/Library/PrivateFrameworks/CoreServicesInternal.framework/Versions/A/CoreServicesInternal
0x000000000925f000 	/System/Library/CoreServices/RawCamera.bundle/Contents/MacOS/RawCamera
0x000000000925f000 	/System/Library/Frameworks/CoreGraphics.framework/Versions/A/Resources/libRIP.A.dylib
0x000000000925f000 	/System/Library/Frameworks/Accelerate.framework/Versions/A/Frameworks/vImage.framework/Versions/A/Libraries/libCGInterfaces.dylib
0x000000000925f000 	/System/Library/PrivateFrameworks/FamilyControls.framework/Versions/A/FamilyControls
0x000000000925f000 	/System/Library/PrivateFrameworks/CommerceKit.framework/Versions/A/Frameworks/CommerceCore.framework/Versions/A/CommerceCore
0x000000000925f000 	/System/Library/PrivateFrameworks/SystemAdministration.framework/Versions/A/SystemAdministration
0x000000000925f000 	/System/Library/PrivateFrameworks/AppContainer.framework/Versions/A/AppContainer
0x000000000925f000 	/System/Library/PrivateFrameworks/SecCodeWrapper.framework/Versions/A/SecCodeWrapper
0x000000000925f000 	/System/Library/Frameworks/DirectoryService.framework/Versions/A/DirectoryService
0x000000000925f000 	/System/Library/PrivateFrameworks/LoginUIKit.framework/Versions/A/Frameworks/LoginUICore.framework/Versions/A/LoginUICore
0x000000000925f000 	/usr/lib/libodfde.dylib
0x00000001233ab000 	/Library/Java/JavaVirtualMachines/jdk1.8.0_121.jdk/Contents/Home/jre/lib/libnet.dylib
0x0000000123a24000 	/Library/Java/JavaVirtualMachines/jdk1.8.0_121.jdk/Contents/Home/jre/lib/libjavafx_font.dylib
0x000000000925f000 	/System/Library/Frameworks/CoreGraphics.framework/Versions/A/Resources/libCGXType.A.dylib
0x0000000123ecb000 	/private/var/folders/v6/4pk3p6bj323g8nh86w2fsvpm0000gn/T/sqlite-3.8.7-c2bfc4d4-8ea8-49bf-aac4-4c118bfcf67f-libsqlitejdbc.jnilib
0x00000001260fd000 	cl_kernels
0x000000000925f000 	/System/Library/Frameworks/OpenCL.framework/Versions/A/Libraries/ImageFormats/unorm8_bgra.dylib
0x000000000925f000 	/System/Library/Frameworks/OpenCL.framework/Versions/A/Libraries/ImageFormats/unorm8_rgba.dylib
0x00000001249bb000 	/Library/Java/JavaVirtualMachines/jdk1.8.0_121.jdk/Contents/Home/jre/lib/libprism_common.dylib
0x0000000127b22000 	/System/Library/Extensions/AppleIntelBDWGraphicsMTLDriver.bundle/Contents/MacOS/AppleIntelBDWGraphicsMTLDriver
0x000000012333a000 	/Library/Java/JavaVirtualMachines/jdk1.8.0_121.jdk/Contents/Home/jre/lib/libsunec.dylib
0x0000000123394000 	/Library/Java/JavaVirtualMachines/jdk1.8.0_121.jdk/Contents/Home/jre/lib/libnio.dylib

VM Arguments:
jvm_args: -Dfile.encoding=UTF-8 
java_command: controller.ServerController
java_class_path (initial): /Users/Merna/Desktop/voidChat/VoidChatServer/sqlite-jdbc-3.8.7.jar:/Users/Merna/Desktop/voidChat/VoidChatServer/javax.mail.jar:/Users/Merna/Desktop/voidChat/VoidChatServer/build/classes
Launcher Type: SUN_STANDARD

Environment Variables:
PATH=/usr/bin:/bin:/usr/sbin:/sbin
LD_LIBRARY_PATH=/Library/Java/JavaVirtualMachines/jdk1.8.0_121.jdk/Contents/Home/jre/lib/amd64:/Library/Java/JavaVirtualMachines/jdk1.8.0_121.jdk/Contents/Home/jre/lib/i386:
SHELL=/bin/bash

Signal Handlers:
SIGSEGV: [libjvm.dylib+0x5b1141], sa_mask[0]=11111111011111110111111111111111, sa_flags=SA_ONSTACK|SA_RESTART|SA_SIGINFO
SIGBUS: [libjvm.dylib+0x5b1141], sa_mask[0]=11111111011111110111111111111111, sa_flags=SA_RESTART|SA_SIGINFO
SIGFPE: [libjvm.dylib+0x487bc4], sa_mask[0]=11111111011111110111111111111111, sa_flags=SA_RESTART|SA_SIGINFO
SIGPIPE: [libjvm.dylib+0x487bc4], sa_mask[0]=11111111011111110111111111111111, sa_flags=SA_RESTART|SA_SIGINFO
SIGXFSZ: [libjvm.dylib+0x487bc4], sa_mask[0]=11111111011111110111111111111111, sa_flags=SA_RESTART|SA_SIGINFO
SIGILL: [libjvm.dylib+0x487bc4], sa_mask[0]=11111111011111110111111111111111, sa_flags=SA_RESTART|SA_SIGINFO
SIGUSR1: SIG_DFL, sa_mask[0]=00000000000000000000000000000000, sa_flags=none
SIGUSR2: [libjvm.dylib+0x4876e2], sa_mask[0]=00100000000000000000000000000000, sa_flags=SA_RESTART|SA_SIGINFO
SIGHUP: [libjvm.dylib+0x485cb9], sa_mask[0]=11111111011111110111111111111111, sa_flags=SA_RESTART|SA_SIGINFO
SIGINT: SIG_IGN, sa_mask[0]=00000000000000000000000000000000, sa_flags=none
SIGTERM: [libjvm.dylib+0x485cb9], sa_mask[0]=11111111011111110111111111111111, sa_flags=SA_RESTART|SA_SIGINFO
SIGQUIT: [libjvm.dylib+0x485cb9], sa_mask[0]=11111111011111110111111111111111, sa_flags=SA_RESTART|SA_SIGINFO


---------------  S Y S T E M  ---------------

OS:Bsduname:Darwin 15.4.0 Darwin Kernel Version 15.4.0: Fri Feb 26 22:08:05 PST 2016; root:xnu-3248.40.184~3/RELEASE_X86_64 x86_64
rlimit: STACK 8192k, CORE 0k, NPROC 709, NOFILE 10240, AS infinity
load average:2.43 2.59 2.51

CPU:total 4 (2 cores per cpu, 2 threads per core) family 6 model 61 stepping 4, cmov, cx8, fxsr, mmx, sse, sse2, sse3, ssse3, sse4.1, sse4.2, popcnt, avx, avx2, aes, clmul, erms, 3dnowpref, lzcnt, ht, tsc, tscinvbit, bmi1, bmi2, adx

Memory: 4k page, physical 8388608k(22668k free)

/proc/meminfo:


vm_info: Java HotSpot(TM) 64-Bit Server VM (25.121-b13) for bsd-amd64 JRE (1.8.0_121-b13), built on Dec 12 2016 20:39:32 by "java_re" with gcc 4.2.1 (Based on Apple Inc. build 5658) (LLVM build 2336.11.00)

time: Fri Feb 17 16:15:06 2017
elapsed time: 1107 seconds (0d 0h 18m 27s)

