#
# A fatal error has been detected by the Java Runtime Environment:
#
#  SIGSEGV (0xb) at pc=0x000000012583ece4, pid=8927, tid=0x00000000000032bb
#
# JRE version: Java(TM) SE Runtime Environment (8.0_121-b13) (build 1.8.0_121-b13)
# Java VM: Java HotSpot(TM) 64-Bit Server VM (25.121-b13 mixed mode bsd-amd64 compressed oops)
# Problematic frame:
# C  [sqlite-3.8.7-515adc3f-eee6-4918-992b-11672d5b1a2b-libsqlitejdbc.jnilib+0x17ce4]  Java_org_sqlite_core_NativeDB_restore+0x14d74
#
# Failed to write core dump. Core dumps have been disabled. To enable core dumping, try "ulimit -c unlimited" before starting Java again
#
# If you would like to submit a bug report, please visit:
#   http://bugreport.java.com/bugreport/crash.jsp
# The crash happened outside the Java Virtual Machine in native code.
# See problematic frame for where to report the bug.
#

---------------  T H R E A D  ---------------

Current thread (0x00007fc7ad9f8000):  JavaThread "RMI TCP Connection(2)-192.168.1.131" daemon [_thread_in_native, id=12987, stack(0x0000700001d7a000,0x0000700001e7a000)]

siginfo: si_signo: 11 (SIGSEGV), si_code: 1 (SEGV_MAPERR), si_addr: 0x0000000000000064

Registers:
RAX=0x0000000000000000, RBX=0x00000001256cab20, RCX=0x0000000109a22370, RDX=0x00000000000000a2
RSP=0x0000700001e77340, RBP=0x0000700001e77340, RSI=0x0000700001e773d0, RDI=0x0000000000000000
R8 =0x000000000000003f, R9 =0x0000000796b54b60, R10=0x0000000000000050, R11=0x0000000109af1e80
R12=0x0000000000000000, R13=0x00000001256cab20, R14=0x0000700001e773d0, R15=0x00007fc7ad9f8000
RIP=0x000000012583ece4, EFLAGS=0x0000000000010246, ERR=0x0000000000000004
  TRAPNO=0x000000000000000e

Top of Stack: (sp=0x0000700001e77340)
0x0000700001e77340:   0000700001e773b0 000000010a1ba48f
0x0000700001e77350:   0000700001e773b0 000000010a1ba099
0x0000700001e77360:   0000000000000001 0000000796b54b60
0x0000700001e77370:   0000700001e77360 00000001256cab20
0x0000700001e77380:   0000700001e773d0 00000001256e7718
0x0000700001e77390:   0000000000000000 00000001256cab20
0x0000700001e773a0:   0000000000000000 0000700001e773d0
0x0000700001e773b0:   0000700001e77418 000000010a1a9d00
0x0000700001e773c0:   0000000000000000 000000010a1b3536
0x0000700001e773d0:   0000000796b54b60 0000700001e773d8
0x0000700001e773e0:   000000012571f41d 0000700001e77450
0x0000700001e773f0:   0000000125750488 0000000000000000
0x0000700001e77400:   000000012571f4c0 0000700001e773d0
0x0000700001e77410:   0000700001e77448 0000700001e77498
0x0000700001e77420:   000000010a1a9d45 0000000000000000
0x0000700001e77430:   0000000000000000 0000000000000000
0x0000700001e77440:   0000000000000000 0000000796b55750
0x0000700001e77450:   0000000796b557f0 0000700001e77458
0x0000700001e77460:   000000011e41bc0e 0000700001e774c8
0x0000700001e77470:   000000011e41e110 0000000000000000
0x0000700001e77480:   000000011e41bd48 0000700001e77448
0x0000700001e77490:   0000700001e774b8 0000700001e77530
0x0000700001e774a0:   000000010a1a27a7 0000000000000000
0x0000700001e774b0:   0000000000000000 0000000796b53308
0x0000700001e774c0:   0000000796b53290 000000074000a4c8
0x0000700001e774d0:   0000000100001fa0 000000000000000a
0x0000700001e774e0:   00007fc7ad9f8000 0000000000000003
0x0000700001e774f0:   000000010a1a271f 000000011e41bd48
0x0000700001e77500:   0000700001e775c8 0000700001e77920
0x0000700001e77510:   000000070000000a 000000011e41bd48
0x0000700001e77520:   000000010a1b4c80 0000700001e77930
0x0000700001e77530:   0000700001e776e0 00000001094ed9d6 

Instructions: (pc=0x000000012583ece4)
0x000000012583ecc4:   48 8b 47 30 5d c3 66 0f 1f 44 00 00 55 48 89 e5
0x000000012583ecd4:   8b 47 60 5d c3 0f 1f 80 00 00 00 00 55 48 89 e5
0x000000012583ece4:   8b 47 64 5d c3 0f 1f 80 00 00 00 00 55 48 89 e5
0x000000012583ecf4:   31 f6 5d e9 04 00 00 00 0f 1f 40 00 55 48 89 e5 

Register to memory mapping:

RAX=0x0000000000000000 is an unknown value
RBX={method} {0x00000001256cab20} 'total_changes' '()I' in 'org/sqlite/core/NativeDB'
RCX=0x0000000109a22370: UseMembar+0 in /Library/Java/JavaVirtualMachines/jdk1.8.0_121.jdk/Contents/Home/jre/lib/server/libjvm.dylib at 0x0000000109200000
RDX=0x00000000000000a2 is an unknown value
RSP=0x0000700001e77340 is pointing into the stack for thread: 0x00007fc7ad9f8000
RBP=0x0000700001e77340 is pointing into the stack for thread: 0x00007fc7ad9f8000
RSI=0x0000700001e773d0 is pointing into the stack for thread: 0x00007fc7ad9f8000
RDI=0x0000000000000000 is an unknown value
R8 =0x000000000000003f is an unknown value
R9 =0x0000000796b54b60 is an oop
org.sqlite.core.NativeDB 
 - klass: 'org/sqlite/core/NativeDB'
R10=0x0000000000000050 is an unknown value
R11=0x0000000109af1e80: _ZN20SafepointSynchronize18_safepoint_counterE+0 in /Library/Java/JavaVirtualMachines/jdk1.8.0_121.jdk/Contents/Home/jre/lib/server/libjvm.dylib at 0x0000000109200000
R12=0x0000000000000000 is an unknown value
R13={method} {0x00000001256cab20} 'total_changes' '()I' in 'org/sqlite/core/NativeDB'
R14=0x0000700001e773d0 is pointing into the stack for thread: 0x00007fc7ad9f8000
R15=0x00007fc7ad9f8000 is a thread


Stack: [0x0000700001d7a000,0x0000700001e7a000],  sp=0x0000700001e77340,  free space=1012k
Native frames: (J=compiled Java code, j=interpreted, Vv=VM code, C=native code)
C  [sqlite-3.8.7-515adc3f-eee6-4918-992b-11672d5b1a2b-libsqlitejdbc.jnilib+0x17ce4]  Java_org_sqlite_core_NativeDB_restore+0x14d74
j  org.sqlite.core.NativeDB.total_changes()I+0
j  org.sqlite.jdbc3.JDBC3Statement.executeUpdate(Ljava/lang/String;)I+37
j  model.ServerModel.changeStatus(Ljava/lang/String;Ljava/lang/String;)V+70
v  ~StubRoutines::call_stub
V  [libjvm.dylib+0x2ed9d6]
V  [libjvm.dylib+0x4d26c4]
V  [libjvm.dylib+0x4d2bf8]
V  [libjvm.dylib+0x345db8]
j  sun.reflect.NativeMethodAccessorImpl.invoke0(Ljava/lang/reflect/Method;Ljava/lang/Object;[Ljava/lang/Object;)Ljava/lang/Object;+0
j  sun.reflect.NativeMethodAccessorImpl.invoke(Ljava/lang/Object;[Ljava/lang/Object;)Ljava/lang/Object;+100
J 824 C1 sun.reflect.DelegatingMethodAccessorImpl.invoke(Ljava/lang/Object;[Ljava/lang/Object;)Ljava/lang/Object; (10 bytes) @ 0x000000010a491f4c [0x000000010a491e40+0x10c]
J 823 C1 java.lang.reflect.Method.invoke(Ljava/lang/Object;[Ljava/lang/Object;)Ljava/lang/Object; (62 bytes) @ 0x000000010a4963dc [0x000000010a495fe0+0x3fc]
j  sun.rmi.server.UnicastServerRef.dispatch(Ljava/rmi/Remote;Ljava/rmi/server/RemoteCall;)V+209
j  sun.rmi.transport.Transport$1.run()Ljava/lang/Void;+23
j  sun.rmi.transport.Transport$1.run()Ljava/lang/Object;+1
v  ~StubRoutines::call_stub
V  [libjvm.dylib+0x2ed9d6]
V  [libjvm.dylib+0x34e114]
J 355  java.security.AccessController.doPrivileged(Ljava/security/PrivilegedExceptionAction;Ljava/security/AccessControlContext;)Ljava/lang/Object; (0 bytes) @ 0x000000010a367dd5 [0x000000010a367d00+0xd5]
j  sun.rmi.transport.Transport.serviceCall(Ljava/rmi/server/RemoteCall;)Z+157
j  sun.rmi.transport.tcp.TCPTransport.handleMessages(Lsun/rmi/transport/Connection;Z)V+185
j  sun.rmi.transport.tcp.TCPTransport$ConnectionHandler.run0()V+680
j  sun.rmi.transport.tcp.TCPTransport$ConnectionHandler.lambda$run$0()Ljava/lang/Void;+1
j  sun.rmi.transport.tcp.TCPTransport$ConnectionHandler$$Lambda$360.run()Ljava/lang/Object;+4
v  ~StubRoutines::call_stub
V  [libjvm.dylib+0x2ed9d6]
V  [libjvm.dylib+0x34e114]
J 2294  java.security.AccessController.doPrivileged(Ljava/security/PrivilegedAction;Ljava/security/AccessControlContext;)Ljava/lang/Object; (0 bytes) @ 0x000000010a869095 [0x000000010a868fc0+0xd5]
j  sun.rmi.transport.tcp.TCPTransport$ConnectionHandler.run()V+58
j  java.util.concurrent.ThreadPoolExecutor.runWorker(Ljava/util/concurrent/ThreadPoolExecutor$Worker;)V+95
j  java.util.concurrent.ThreadPoolExecutor$Worker.run()V+5
j  java.lang.Thread.run()V+11
v  ~StubRoutines::call_stub
V  [libjvm.dylib+0x2ed9d6]
V  [libjvm.dylib+0x2ee164]
V  [libjvm.dylib+0x2ee310]
V  [libjvm.dylib+0x348a5d]
V  [libjvm.dylib+0x56ab0f]
V  [libjvm.dylib+0x56c1fc]
V  [libjvm.dylib+0x48a5b2]
C  [libsystem_pthread.dylib+0x399d]  _pthread_body+0x83
C  [libsystem_pthread.dylib+0x391a]  _pthread_body+0x0
C  [libsystem_pthread.dylib+0x1351]  thread_start+0xd
C  0x0000000000000000

Java frames: (J=compiled Java code, j=interpreted, Vv=VM code)
j  org.sqlite.core.NativeDB.total_changes()I+0
j  org.sqlite.jdbc3.JDBC3Statement.executeUpdate(Ljava/lang/String;)I+37
j  model.ServerModel.changeStatus(Ljava/lang/String;Ljava/lang/String;)V+70
v  ~StubRoutines::call_stub
j  sun.reflect.NativeMethodAccessorImpl.invoke0(Ljava/lang/reflect/Method;Ljava/lang/Object;[Ljava/lang/Object;)Ljava/lang/Object;+0
j  sun.reflect.NativeMethodAccessorImpl.invoke(Ljava/lang/Object;[Ljava/lang/Object;)Ljava/lang/Object;+100
J 824 C1 sun.reflect.DelegatingMethodAccessorImpl.invoke(Ljava/lang/Object;[Ljava/lang/Object;)Ljava/lang/Object; (10 bytes) @ 0x000000010a491f4c [0x000000010a491e40+0x10c]
J 823 C1 java.lang.reflect.Method.invoke(Ljava/lang/Object;[Ljava/lang/Object;)Ljava/lang/Object; (62 bytes) @ 0x000000010a4963dc [0x000000010a495fe0+0x3fc]
j  sun.rmi.server.UnicastServerRef.dispatch(Ljava/rmi/Remote;Ljava/rmi/server/RemoteCall;)V+209
j  sun.rmi.transport.Transport$1.run()Ljava/lang/Void;+23
j  sun.rmi.transport.Transport$1.run()Ljava/lang/Object;+1
v  ~StubRoutines::call_stub
J 355  java.security.AccessController.doPrivileged(Ljava/security/PrivilegedExceptionAction;Ljava/security/AccessControlContext;)Ljava/lang/Object; (0 bytes) @ 0x000000010a367d63 [0x000000010a367d00+0x63]
j  sun.rmi.transport.Transport.serviceCall(Ljava/rmi/server/RemoteCall;)Z+157
j  sun.rmi.transport.tcp.TCPTransport.handleMessages(Lsun/rmi/transport/Connection;Z)V+185
j  sun.rmi.transport.tcp.TCPTransport$ConnectionHandler.run0()V+680
j  sun.rmi.transport.tcp.TCPTransport$ConnectionHandler.lambda$run$0()Ljava/lang/Void;+1
j  sun.rmi.transport.tcp.TCPTransport$ConnectionHandler$$Lambda$360.run()Ljava/lang/Object;+4
v  ~StubRoutines::call_stub
J 2294  java.security.AccessController.doPrivileged(Ljava/security/PrivilegedAction;Ljava/security/AccessControlContext;)Ljava/lang/Object; (0 bytes) @ 0x000000010a869023 [0x000000010a868fc0+0x63]
j  sun.rmi.transport.tcp.TCPTransport$ConnectionHandler.run()V+58
j  java.util.concurrent.ThreadPoolExecutor.runWorker(Ljava/util/concurrent/ThreadPoolExecutor$Worker;)V+95
j  java.util.concurrent.ThreadPoolExecutor$Worker.run()V+5
j  java.lang.Thread.run()V+11
v  ~StubRoutines::call_stub

---------------  P R O C E S S  ---------------

Java Threads: ( => current thread )
  0x00007fc7b0800000 JavaThread "Thread-6" daemon [_thread_blocked, id=59915, stack(0x0000700001a6e000,0x0000700001b6e000)]
  0x00007fc7b1037000 JavaThread "RMI RenewClean-[192.168.1.131:55763]" daemon [_thread_blocked, id=26967, stack(0x0000700000932000,0x0000700000a32000)]
=>0x00007fc7ad9f8000 JavaThread "RMI TCP Connection(2)-192.168.1.131" daemon [_thread_in_native, id=12987, stack(0x0000700001d7a000,0x0000700001e7a000)]
  0x00007fc7ad9f7000 JavaThread "RMI Scheduler(0)" daemon [_thread_blocked, id=29987, stack(0x0000700001c77000,0x0000700001d77000)]
  0x00007fc7b1001800 JavaThread "RMI TCP Connection(1)-192.168.1.131" daemon [_thread_in_native, id=5019, stack(0x0000700001b74000,0x0000700001c74000)]
  0x00007fc7ac21c800 JavaThread "Prism Font Disposer" daemon [_thread_blocked, id=52743, stack(0x00007000018e8000,0x00007000019e8000)]
  0x00007fc7ac007800 JavaThread "RMI TCP Accept-1050" daemon [_thread_in_native, id=46083, stack(0x0000700001762000,0x0000700001862000)]
  0x00007fc7ad11e800 JavaThread "GC Daemon" daemon [_thread_blocked, id=45571, stack(0x000070000165f000,0x000070000175f000)]
  0x00007fc7ad119000 JavaThread "RMI Reaper" [_thread_blocked, id=45059, stack(0x000070000155c000,0x000070000165c000)]
  0x00007fc7ac209000 JavaThread "RMI TCP Accept-0" daemon [_thread_in_native, id=44559, stack(0x0000700001459000,0x0000700001559000)]
  0x00007fc7ac90e000 JavaThread "Thread-4" daemon [_thread_in_native, id=37123, stack(0x00007000013d6000,0x0000700001456000)]
  0x00007fc7ac1e3800 JavaThread "JavaFX Application Thread" [_thread_in_native, id=2571, stack(0x00007fff56e2f000,0x00007fff5762f000)]
  0x00007fc7ac1e5800 JavaThread "Thread-2" daemon [_thread_blocked, id=24855, stack(0x0000700001250000,0x0000700001350000)]
  0x00007fc7ac10f000 JavaThread "QuantumRenderer-0" daemon [_thread_blocked, id=20227, stack(0x000070000114d000,0x000070000124d000)]
  0x00007fc7ad093800 JavaThread "JavaFX-Launcher" [_thread_blocked, id=19715, stack(0x000070000104a000,0x000070000114a000)]
  0x00007fc7ac099800 JavaThread "Service Thread" daemon [_thread_blocked, id=18691, stack(0x0000700000e44000,0x0000700000f44000)]
  0x00007fc7ac096800 JavaThread "C1 CompilerThread2" daemon [_thread_blocked, id=18179, stack(0x0000700000d41000,0x0000700000e41000)]
  0x00007fc7ac096000 JavaThread "C2 CompilerThread1" daemon [_thread_blocked, id=17667, stack(0x0000700000c3e000,0x0000700000d3e000)]
  0x00007fc7ad806000 JavaThread "C2 CompilerThread0" daemon [_thread_blocked, id=17155, stack(0x0000700000b3b000,0x0000700000c3b000)]
  0x00007fc7ac094000 JavaThread "Signal Dispatcher" daemon [_thread_blocked, id=13839, stack(0x0000700000a38000,0x0000700000b38000)]
  0x00007fc7ac04d000 JavaThread "Finalizer" daemon [_thread_blocked, id=12291, stack(0x000070000082f000,0x000070000092f000)]
  0x00007fc7ac047000 JavaThread "Reference Handler" daemon [_thread_blocked, id=11779, stack(0x000070000072c000,0x000070000082c000)]
  0x00007fc7ac004800 JavaThread "main" [_thread_blocked, id=5891, stack(0x000070000011a000,0x000070000021a000)]

Other Threads:
  0x00007fc7ac800800 VMThread [stack: 0x0000700000629000,0x0000700000729000] [id=11267]
  0x00007fc7ad02c800 WatcherThread [stack: 0x0000700000f47000,0x0000700001047000] [id=19203]

VM state:not at safepoint (normal execution)

VM Mutex/Monitor currently owned by a thread: None

Heap:
 PSYoungGen      total 38400K, used 22858K [0x0000000795580000, 0x000000079a080000, 0x00000007c0000000)
  eden space 33280K, 68% used [0x0000000795580000,0x0000000796bd2870,0x0000000797600000)
  from space 5120K, 0% used [0x0000000797600000,0x0000000797600000,0x0000000797b00000)
  to   space 5120K, 0% used [0x0000000799b80000,0x0000000799b80000,0x000000079a080000)
 ParOldGen       total 58880K, used 6985K [0x0000000740000000, 0x0000000743980000, 0x0000000795580000)
  object space 58880K, 11% used [0x0000000740000000,0x00000007406d2508,0x0000000743980000)
 Metaspace       used 22872K, capacity 24368K, committed 24448K, reserved 1071104K
  class space    used 3417K, capacity 3695K, committed 3712K, reserved 1048576K

Card table byte_map: [0x0000000119562000,0x0000000119963000] byte_map_base: 0x0000000115b62000

Marking Bits: (ParMarkBitMap*) 0x0000000109af0d30
 Begin Bits: [0x0000000119c0e000, 0x000000011bc0e000)
 End Bits:   [0x000000011bc0e000, 0x000000011dc0e000)

Polling page: 0x0000000108894000

CodeCache: size=245760Kb used=8252Kb max_used=8263Kb free=237507Kb
 bounds [0x000000010a1a2000, 0x000000010a9c2000, 0x00000001191a2000]
 total_blobs=3463 nmethods=2769 adapters=607
 compilation: enabled

Compilation events (10 events):
Event: 16.181 Thread 0x00007fc7ac096800 2768  s    3       java.io.ByteArrayOutputStream::write (66 bytes)
Event: 16.181 Thread 0x00007fc7ac096800 nmethod 2768 0x000000010a9b5790 code [0x000000010a9b5940, 0x000000010a9b5f88]
Event: 16.181 Thread 0x00007fc7ac096800 2767       3       sun.misc.ProxyGenerator$ConstantPool::getMethodRef (33 bytes)
Event: 16.182 Thread 0x00007fc7ac096800 nmethod 2767 0x000000010a9b3c50 code [0x000000010a9b3ee0, 0x000000010a9b4c88]
Event: 16.183 Thread 0x00007fc7ac096800 2769       3       java.lang.Class::forName (15 bytes)
Event: 16.183 Thread 0x00007fc7ac096800 nmethod 2769 0x000000010a9afe50 code [0x000000010a9affe0, 0x000000010a9b02b8]
Event: 16.187 Thread 0x00007fc7ac096800 2770       3       sun.reflect.DelegatingConstructorAccessorImpl::newInstance (9 bytes)
Event: 16.187 Thread 0x00007fc7ac096800 nmethod 2770 0x000000010a9b3810 code [0x000000010a9b3980, 0x000000010a9b3ba8]
Event: 16.191 Thread 0x00007fc7ad806000 2771       4       java.util.Arrays::copyOf (19 bytes)
Event: 16.194 Thread 0x00007fc7ad806000 nmethod 2771 0x000000010a9b1ed0 code [0x000000010a9b2020, 0x000000010a9b2218]

GC Heap History (10 events):
Event: 0.826 GC heap before
{Heap before GC invocations=1 (full 0):
 PSYoungGen      total 38400K, used 11119K [0x0000000795580000, 0x0000000798000000, 0x00000007c0000000)
  eden space 33280K, 33% used [0x0000000795580000,0x000000079605bda8,0x0000000797600000)
  from space 5120K, 0% used [0x0000000797b00000,0x0000000797b00000,0x0000000798000000)
  to   space 5120K, 0% used [0x0000000797600000,0x0000000797600000,0x0000000797b00000)
 ParOldGen       total 87552K, used 0K [0x0000000740000000, 0x0000000745580000, 0x0000000795580000)
  object space 87552K, 0% used [0x0000000740000000,0x0000000740000000,0x0000000745580000)
 Metaspace       used 7226K, capacity 7538K, committed 7680K, reserved 1056768K
  class space    used 834K, capacity 961K, committed 1024K, reserved 1048576K
Event: 0.832 GC heap after
Heap after GC invocations=1 (full 0):
 PSYoungGen      total 38400K, used 1664K [0x0000000795580000, 0x0000000798000000, 0x00000007c0000000)
  eden space 33280K, 0% used [0x0000000795580000,0x0000000795580000,0x0000000797600000)
  from space 5120K, 32% used [0x0000000797600000,0x00000007977a0040,0x0000000797b00000)
  to   space 5120K, 0% used [0x0000000797b00000,0x0000000797b00000,0x0000000798000000)
 ParOldGen       total 87552K, used 8K [0x0000000740000000, 0x0000000745580000, 0x0000000795580000)
  object space 87552K, 0% used [0x0000000740000000,0x0000000740002000,0x0000000745580000)
 Metaspace       used 7226K, capacity 7538K, committed 7680K, reserved 1056768K
  class space    used 834K, capacity 961K, committed 1024K, reserved 1048576K
}
Event: 0.832 GC heap before
{Heap before GC invocations=2 (full 1):
 PSYoungGen      total 38400K, used 1664K [0x0000000795580000, 0x0000000798000000, 0x00000007c0000000)
  eden space 33280K, 0% used [0x0000000795580000,0x0000000795580000,0x0000000797600000)
  from space 5120K, 32% used [0x0000000797600000,0x00000007977a0040,0x0000000797b00000)
  to   space 5120K, 0% used [0x0000000797b00000,0x0000000797b00000,0x0000000798000000)
 ParOldGen       total 87552K, used 8K [0x0000000740000000, 0x0000000745580000, 0x0000000795580000)
  object space 87552K, 0% used [0x0000000740000000,0x0000000740002000,0x0000000745580000)
 Metaspace       used 7226K, capacity 7538K, committed 7680K, reserved 1056768K
  class space    used 834K, capacity 961K, committed 1024K, reserved 1048576K
Event: 0.845 GC heap after
Heap after GC invocations=2 (full 1):
 PSYoungGen      total 38400K, used 0K [0x0000000795580000, 0x0000000798000000, 0x00000007c0000000)
  eden space 33280K, 0% used [0x0000000795580000,0x0000000795580000,0x0000000797600000)
  from space 5120K, 0% used [0x0000000797600000,0x0000000797600000,0x0000000797b00000)
  to   space 5120K, 0% used [0x0000000797b00000,0x0000000797b00000,0x0000000798000000)
 ParOldGen       total 87552K, used 1603K [0x0000000740000000, 0x0000000745580000, 0x0000000795580000)
  object space 87552K, 1% used [0x0000000740000000,0x0000000740190ca0,0x0000000745580000)
 Metaspace       used 7226K, capacity 7538K, committed 7680K, reserved 1056768K
  class space    used 834K, capacity 961K, committed 1024K, reserved 1048576K
}
Event: 2.070 GC heap before
{Heap before GC invocations=3 (full 1):
 PSYoungGen      total 38400K, used 33280K [0x0000000795580000, 0x0000000798000000, 0x00000007c0000000)
  eden space 33280K, 100% used [0x0000000795580000,0x0000000797600000,0x0000000797600000)
  from space 5120K, 0% used [0x0000000797600000,0x0000000797600000,0x0000000797b00000)
  to   space 5120K, 0% used [0x0000000797b00000,0x0000000797b00000,0x0000000798000000)
 ParOldGen       total 87552K, used 1603K [0x0000000740000000, 0x0000000745580000, 0x0000000795580000)
  object space 87552K, 1% used [0x0000000740000000,0x0000000740190ca0,0x0000000745580000)
 Metaspace       used 18400K, capacity 19192K, committed 19456K, reserved 1064960K
  class space    used 2759K, capacity 2959K, committed 3072K, reserved 1048576K
Event: 2.081 GC heap after
Heap after GC invocations=3 (full 1):
 PSYoungGen      total 38400K, used 5097K [0x0000000795580000, 0x0000000798000000, 0x00000007c0000000)
  eden space 33280K, 0% used [0x0000000795580000,0x0000000795580000,0x0000000797600000)
  from space 5120K, 99% used [0x0000000797b00000,0x0000000797ffa698,0x0000000798000000)
  to   space 5120K, 0% used [0x0000000797600000,0x0000000797600000,0x0000000797b00000)
 ParOldGen       total 87552K, used 1859K [0x0000000740000000, 0x0000000745580000, 0x0000000795580000)
  object space 87552K, 2% used [0x0000000740000000,0x00000007401d0df0,0x0000000745580000)
 Metaspace       used 18400K, capacity 19192K, committed 19456K, reserved 1064960K
  class space    used 2759K, capacity 2959K, committed 3072K, reserved 1048576K
}
Event: 2.331 GC heap before
{Heap before GC invocations=4 (full 1):
 PSYoungGen      total 38400K, used 12043K [0x0000000795580000, 0x0000000798000000, 0x00000007c0000000)
  eden space 33280K, 20% used [0x0000000795580000,0x0000000795c48900,0x0000000797600000)
  from space 5120K, 99% used [0x0000000797b00000,0x0000000797ffa698,0x0000000798000000)
  to   space 5120K, 0% used [0x0000000797600000,0x0000000797600000,0x0000000797b00000)
 ParOldGen       total 87552K, used 1859K [0x0000000740000000, 0x0000000745580000, 0x0000000795580000)
  object space 87552K, 2% used [0x0000000740000000,0x00000007401d0df0,0x0000000745580000)
 Metaspace       used 20064K, capacity 21128K, committed 21248K, reserved 1067008K
  class space    used 3069K, capacity 3271K, committed 3328K, reserved 1048576K
Event: 2.340 GC heap after
Heap after GC invocations=4 (full 1):
 PSYoungGen      total 38400K, used 5095K [0x0000000795580000, 0x000000079a080000, 0x00000007c0000000)
  eden space 33280K, 0% used [0x0000000795580000,0x0000000795580000,0x0000000797600000)
  from space 5120K, 99% used [0x0000000797600000,0x0000000797af9d00,0x0000000797b00000)
  to   space 5120K, 0% used [0x0000000799b80000,0x0000000799b80000,0x000000079a080000)
 ParOldGen       total 87552K, used 2179K [0x0000000740000000, 0x0000000745580000, 0x0000000795580000)
  object space 87552K, 2% used [0x0000000740000000,0x0000000740220ca0,0x0000000745580000)
 Metaspace       used 20064K, capacity 21128K, committed 21248K, reserved 1067008K
  class space    used 3069K, capacity 3271K, committed 3328K, reserved 1048576K
}
Event: 2.340 GC heap before
{Heap before GC invocations=5 (full 2):
 PSYoungGen      total 38400K, used 5095K [0x0000000795580000, 0x000000079a080000, 0x00000007c0000000)
  eden space 33280K, 0% used [0x0000000795580000,0x0000000795580000,0x0000000797600000)
  from space 5120K, 99% used [0x0000000797600000,0x0000000797af9d00,0x0000000797b00000)
  to   space 5120K, 0% used [0x0000000799b80000,0x0000000799b80000,0x000000079a080000)
 ParOldGen       total 87552K, used 2179K [0x0000000740000000, 0x0000000745580000, 0x0000000795580000)
  object space 87552K, 2% used [0x0000000740000000,0x0000000740220ca0,0x0000000745580000)
 Metaspace       used 20064K, capacity 21128K, committed 21248K, reserved 1067008K
  class space    used 3069K, capacity 3271K, committed 3328K, reserved 1048576K
Event: 2.377 GC heap after
Heap after GC invocations=5 (full 2):
 PSYoungGen      total 38400K, used 0K [0x0000000795580000, 0x000000079a080000, 0x00000007c0000000)
  eden space 33280K, 0% used [0x0000000795580000,0x0000000795580000,0x0000000797600000)
  from space 5120K, 0% used [0x0000000797600000,0x0000000797600000,0x0000000797b00000)
  to   space 5120K, 0% used [0x0000000799b80000,0x0000000799b80000,0x000000079a080000)
 ParOldGen       total 58880K, used 6985K [0x0000000740000000, 0x0000000743980000, 0x0000000795580000)
  object space 58880K, 11% used [0x0000000740000000,0x00000007406d2508,0x0000000743980000)
 Metaspace       used 20064K, capacity 21128K, committed 21248K, reserved 1067008K
  class space    used 3069K, capacity 3271K, committed 3328K, reserved 1048576K
}

Deoptimization events (10 events):
Event: 3.133 Thread 0x00007fc7ac10f000 Uncommon trap: reason=class_check action=maybe_recompile pc=0x000000010a6e2510 method=java.util.WeakHashMap.eq(Ljava/lang/Object;Ljava/lang/Object;)Z @ 7
Event: 3.134 Thread 0x00007fc7ac10f000 Uncommon trap: reason=class_check action=maybe_recompile pc=0x000000010a6e2510 method=java.util.WeakHashMap.eq(Ljava/lang/Object;Ljava/lang/Object;)Z @ 7
Event: 4.185 Thread 0x00007fc7ac1e3800 Uncommon trap: reason=bimorphic action=maybe_recompile pc=0x000000010a79e6cc method=javafx.scene.Node.transformedBoundsChanged()V @ 28
Event: 4.185 Thread 0x00007fc7ac1e3800 Uncommon trap: reason=unstable_if action=reinterpret pc=0x000000010a7a2080 method=javafx.scene.Node.impl_isDirtyEmpty()Z @ 4
Event: 4.185 Thread 0x00007fc7ac1e3800 Uncommon trap: reason=bimorphic action=maybe_recompile pc=0x000000010a79e6cc method=javafx.scene.Node.transformedBoundsChanged()V @ 28
Event: 4.185 Thread 0x00007fc7ac1e3800 Uncommon trap: reason=unstable_if action=reinterpret pc=0x000000010a7accf0 method=javafx.scene.Node.impl_isDirtyEmpty()Z @ 4
Event: 4.185 Thread 0x00007fc7ac1e3800 Uncommon trap: reason=bimorphic action=maybe_recompile pc=0x000000010a79e6cc method=javafx.scene.Node.transformedBoundsChanged()V @ 28
Event: 4.891 Thread 0x00007fc7ac1e3800 Uncommon trap: reason=unstable_if action=reinterpret pc=0x000000010a8f6154 method=javafx.scene.CssStyleHelper.transitionToState(Ljavafx/scene/Node;)V @ 513
Event: 9.623 Thread 0x00007fc7b1001800 Uncommon trap: reason=unstable_if action=reinterpret pc=0x000000010a62a4fc method=java.util.concurrent.ConcurrentHashMap.putVal(Ljava/lang/Object;Ljava/lang/Object;Z)Ljava/lang/Object; @ 181
Event: 16.187 Thread 0x00007fc7ad9f8000 Uncommon trap: reason=predicate action=maybe_recompile pc=0x000000010a4a0f2c method=sun.net.www.ParseUtil.encodePath(Ljava/lang/String;Z)Ljava/lang/String; @ 36

Internal exceptions (10 events):
Event: 1.462 Thread 0x00007fc7ac1e3800 Exception <a 'java/lang/ArrayIndexOutOfBoundsException'> (0x000000079658f790) thrown at [/Users/java_re/workspace/8-2-build-macosx-x86_64/jdk8u121/8372/hotspot/src/share/vm/runtime/sharedRuntime.cpp, line 605]
Event: 1.463 Thread 0x00007fc7ac1e3800 Exception <a 'java/lang/ArrayIndexOutOfBoundsException'> (0x0000000796591000) thrown at [/Users/java_re/workspace/8-2-build-macosx-x86_64/jdk8u121/8372/hotspot/src/share/vm/runtime/sharedRuntime.cpp, line 605]
Event: 1.562 Thread 0x00007fc7ac1e3800 Implicit null exception at 0x000000010a443875 to 0x000000010a443c35
Event: 1.686 Thread 0x00007fc7ac1e3800 Implicit null exception at 0x000000010a3b2936 to 0x000000010a3b2cfd
Event: 1.828 Thread 0x00007fc7ac1e3800 Implicit null exception at 0x000000010a462fb5 to 0x000000010a4631f1
Event: 1.828 Thread 0x00007fc7ac1e3800 Implicit null exception at 0x000000010a48e45b to 0x000000010a48ebe5
Event: 9.687 Thread 0x00007fc7ad9f8000 Exception <a 'java/lang/NoSuchMethodError': <clinit>> (0x0000000796864080) thrown at [/Users/java_re/workspace/8-2-build-macosx-x86_64/jdk8u121/8372/hotspot/src/share/vm/prims/jni.cpp, line 1613]
Event: 16.162 Thread 0x00007fc7ad9f8000 Exception <a 'java/lang/NoSuchMethodError': <clinit>> (0x0000000796b13250) thrown at [/Users/java_re/workspace/8-2-build-macosx-x86_64/jdk8u121/8372/hotspot/src/share/vm/prims/jni.cpp, line 1613]
Event: 16.191 Thread 0x00007fc7ad9f8000 Exception <a 'java/lang/NoSuchMethodError': <clinit>> (0x0000000796b4e810) thrown at [/Users/java_re/workspace/8-2-build-macosx-x86_64/jdk8u121/8372/hotspot/src/share/vm/prims/jni.cpp, line 1613]
Event: 16.195 Thread 0x00007fc7b1037000 Exception <a 'java/lang/InterruptedException'> (0x0000000796b7f4d0) thrown at [/Users/java_re/workspace/8-2-build-macosx-x86_64/jdk8u121/8372/hotspot/src/share/vm/runtime/objectMonitor.cpp, line 1684]

Events (10 events):
Event: 16.195 loading class sun/rmi/transport/DGCClient$EndpointEntry$1 done
Event: 16.195 loading class sun/rmi/transport/DGCClient$EndpointEntry$RenewCleanThread$1
Event: 16.195 loading class sun/rmi/transport/DGCClient$EndpointEntry$RenewCleanThread$1 done
Event: 16.195 Thread 0x00007fc7b0800000 Thread added: 0x00007fc7b0800000
Event: 16.198 Executing VM operation: RevokeBias
Event: 16.199 Executing VM operation: RevokeBias done
Event: 16.199 loading class org/sqlite/ExtendedCommand
Event: 16.199 loading class org/sqlite/ExtendedCommand done
Event: 16.199 loading class org/sqlite/ExtendedCommand$SQLExtension
Event: 16.199 loading class org/sqlite/ExtendedCommand$SQLExtension done


Dynamic libraries:
0x000000000925f000 	/System/Library/Frameworks/Cocoa.framework/Versions/A/Cocoa
0x000000000925f000 	/System/Library/Frameworks/Security.framework/Versions/A/Security
0x000000000925f000 	/System/Library/Frameworks/ApplicationServices.framework/Versions/A/ApplicationServices
0x000000000925f000 	/usr/lib/libz.1.dylib
0x000000000925f000 	/usr/lib/libSystem.B.dylib
0x000000000925f000 	/usr/lib/libobjc.A.dylib
0x000000000925f000 	/System/Library/Frameworks/CoreFoundation.framework/Versions/A/CoreFoundation
0x000000000925f000 	/System/Library/Frameworks/Foundation.framework/Versions/C/Foundation
0x000000000925f000 	/System/Library/Frameworks/AppKit.framework/Versions/C/AppKit
0x000000000925f000 	/System/Library/Frameworks/CoreData.framework/Versions/A/CoreData
0x000000000925f000 	/System/Library/PrivateFrameworks/RemoteViewServices.framework/Versions/A/RemoteViewServices
0x000000000925f000 	/System/Library/PrivateFrameworks/UIFoundation.framework/Versions/A/UIFoundation
0x000000000925f000 	/usr/lib/libScreenReader.dylib
0x000000000925f000 	/System/Library/Frameworks/Accelerate.framework/Versions/A/Accelerate
0x000000000925f000 	/System/Library/Frameworks/IOSurface.framework/Versions/A/IOSurface
0x000000000925f000 	/System/Library/Frameworks/AudioToolbox.framework/Versions/A/AudioToolbox
0x000000000925f000 	/System/Library/Frameworks/AudioUnit.framework/Versions/A/AudioUnit
0x000000000925f000 	/System/Library/PrivateFrameworks/DataDetectorsCore.framework/Versions/A/DataDetectorsCore
0x000000000925f000 	/System/Library/PrivateFrameworks/DesktopServicesPriv.framework/Versions/A/DesktopServicesPriv
0x000000000925f000 	/System/Library/Frameworks/Carbon.framework/Versions/A/Frameworks/HIToolbox.framework/Versions/A/HIToolbox
0x000000000925f000 	/System/Library/Frameworks/QuartzCore.framework/Versions/A/QuartzCore
0x000000000925f000 	/System/Library/Frameworks/Carbon.framework/Versions/A/Frameworks/SpeechRecognition.framework/Versions/A/SpeechRecognition
0x000000000925f000 	/usr/lib/libauto.dylib
0x000000000925f000 	/usr/lib/libicucore.A.dylib
0x000000000925f000 	/usr/lib/libxml2.2.dylib
0x000000000925f000 	/System/Library/PrivateFrameworks/CoreUI.framework/Versions/A/CoreUI
0x000000000925f000 	/System/Library/Frameworks/CoreAudio.framework/Versions/A/CoreAudio
0x000000000925f000 	/System/Library/Frameworks/DiskArbitration.framework/Versions/A/DiskArbitration
0x000000000925f000 	/usr/lib/liblangid.dylib
0x000000000925f000 	/System/Library/PrivateFrameworks/MultitouchSupport.framework/Versions/A/MultitouchSupport
0x000000000925f000 	/System/Library/Frameworks/IOKit.framework/Versions/A/IOKit
0x000000000925f000 	/usr/lib/libDiagnosticMessagesClient.dylib
0x000000000925f000 	/System/Library/Frameworks/CoreServices.framework/Versions/A/CoreServices
0x000000000925f000 	/System/Library/PrivateFrameworks/PerformanceAnalysis.framework/Versions/A/PerformanceAnalysis
0x000000000925f000 	/System/Library/PrivateFrameworks/GenerationalStorage.framework/Versions/A/GenerationalStorage
0x000000000925f000 	/System/Library/Frameworks/OpenGL.framework/Versions/A/OpenGL
0x000000000925f000 	/System/Library/PrivateFrameworks/Sharing.framework/Versions/A/Sharing
0x000000000925f000 	/System/Library/Frameworks/CoreGraphics.framework/Versions/A/CoreGraphics
0x000000000925f000 	/System/Library/Frameworks/CoreImage.framework/Versions/A/CoreImage
0x000000000925f000 	/System/Library/Frameworks/CoreText.framework/Versions/A/CoreText
0x000000000925f000 	/System/Library/Frameworks/ImageIO.framework/Versions/A/ImageIO
0x000000000925f000 	/System/Library/PrivateFrameworks/Backup.framework/Versions/A/Backup
0x000000000925f000 	/usr/lib/libextension.dylib
0x000000000925f000 	/usr/lib/libarchive.2.dylib
0x000000000925f000 	/System/Library/Frameworks/CFNetwork.framework/Versions/A/CFNetwork
0x000000000925f000 	/System/Library/Frameworks/SystemConfiguration.framework/Versions/A/SystemConfiguration
0x000000000925f000 	/usr/lib/libCRFSuite.dylib
0x000000000925f000 	/usr/lib/libc++.1.dylib
0x000000000925f000 	/usr/lib/libc++abi.dylib
0x000000000925f000 	/usr/lib/system/libcache.dylib
0x000000000925f000 	/usr/lib/system/libcommonCrypto.dylib
0x000000000925f000 	/usr/lib/system/libcompiler_rt.dylib
0x000000000925f000 	/usr/lib/system/libcopyfile.dylib
0x000000000925f000 	/usr/lib/system/libcorecrypto.dylib
0x000000000925f000 	/usr/lib/system/libdispatch.dylib
0x000000000925f000 	/usr/lib/system/libdyld.dylib
0x000000000925f000 	/usr/lib/system/libkeymgr.dylib
0x000000000925f000 	/usr/lib/system/liblaunch.dylib
0x000000000925f000 	/usr/lib/system/libmacho.dylib
0x000000000925f000 	/usr/lib/system/libquarantine.dylib
0x000000000925f000 	/usr/lib/system/libremovefile.dylib
0x000000000925f000 	/usr/lib/system/libsystem_asl.dylib
0x000000000925f000 	/usr/lib/system/libsystem_blocks.dylib
0x000000000925f000 	/usr/lib/system/libsystem_c.dylib
0x000000000925f000 	/usr/lib/system/libsystem_configuration.dylib
0x000000000925f000 	/usr/lib/system/libsystem_coreservices.dylib
0x000000000925f000 	/usr/lib/system/libsystem_coretls.dylib
0x000000000925f000 	/usr/lib/system/libsystem_dnssd.dylib
0x000000000925f000 	/usr/lib/system/libsystem_info.dylib
0x000000000925f000 	/usr/lib/system/libsystem_kernel.dylib
0x000000000925f000 	/usr/lib/system/libsystem_m.dylib
0x000000000925f000 	/usr/lib/system/libsystem_malloc.dylib
0x000000000925f000 	/usr/lib/system/libsystem_network.dylib
0x000000000925f000 	/usr/lib/system/libsystem_networkextension.dylib
0x000000000925f000 	/usr/lib/system/libsystem_notify.dylib
0x000000000925f000 	/usr/lib/system/libsystem_platform.dylib
0x000000000925f000 	/usr/lib/system/libsystem_pthread.dylib
0x000000000925f000 	/usr/lib/system/libsystem_sandbox.dylib
0x000000000925f000 	/usr/lib/system/libsystem_secinit.dylib
0x000000000925f000 	/usr/lib/system/libsystem_trace.dylib
0x000000000925f000 	/usr/lib/system/libunc.dylib
0x000000000925f000 	/usr/lib/system/libunwind.dylib
0x000000000925f000 	/usr/lib/system/libxpc.dylib
0x000000000925f000 	/usr/lib/libenergytrace.dylib
0x000000000925f000 	/usr/lib/libbsm.0.dylib
0x000000000925f000 	/usr/lib/system/libkxld.dylib
0x000000000925f000 	/usr/lib/libxar.1.dylib
0x000000000925f000 	/usr/lib/libsqlite3.dylib
0x000000000925f000 	/usr/lib/libpam.2.dylib
0x000000000925f000 	/usr/lib/libOpenScriptingUtil.dylib
0x000000000925f000 	/usr/lib/libbz2.1.0.dylib
0x000000000925f000 	/usr/lib/liblzma.5.dylib
0x000000000925f000 	/System/Library/Frameworks/CoreServices.framework/Versions/A/Frameworks/FSEvents.framework/Versions/A/FSEvents
0x000000000925f000 	/System/Library/Frameworks/CoreServices.framework/Versions/A/Frameworks/CarbonCore.framework/Versions/A/CarbonCore
0x000000000925f000 	/System/Library/Frameworks/CoreServices.framework/Versions/A/Frameworks/Metadata.framework/Versions/A/Metadata
0x000000000925f000 	/System/Library/Frameworks/CoreServices.framework/Versions/A/Frameworks/OSServices.framework/Versions/A/OSServices
0x000000000925f000 	/System/Library/Frameworks/CoreServices.framework/Versions/A/Frameworks/SearchKit.framework/Versions/A/SearchKit
0x000000000925f000 	/System/Library/Frameworks/CoreServices.framework/Versions/A/Frameworks/AE.framework/Versions/A/AE
0x000000000925f000 	/System/Library/Frameworks/CoreServices.framework/Versions/A/Frameworks/LaunchServices.framework/Versions/A/LaunchServices
0x000000000925f000 	/System/Library/Frameworks/CoreServices.framework/Versions/A/Frameworks/DictionaryServices.framework/Versions/A/DictionaryServices
0x000000000925f000 	/System/Library/Frameworks/CoreServices.framework/Versions/A/Frameworks/SharedFileList.framework/Versions/A/SharedFileList
0x000000000925f000 	/System/Library/Frameworks/NetFS.framework/Versions/A/NetFS
0x000000000925f000 	/System/Library/PrivateFrameworks/NetAuth.framework/Versions/A/NetAuth
0x000000000925f000 	/System/Library/PrivateFrameworks/login.framework/Versions/A/Frameworks/loginsupport.framework/Versions/A/loginsupport
0x000000000925f000 	/System/Library/PrivateFrameworks/TCC.framework/Versions/A/TCC
0x000000000925f000 	/usr/lib/libmecabra.dylib
0x000000000925f000 	/System/Library/Frameworks/ApplicationServices.framework/Versions/A/Frameworks/ATS.framework/Versions/A/ATS
0x000000000925f000 	/System/Library/Frameworks/ApplicationServices.framework/Versions/A/Frameworks/ColorSync.framework/Versions/A/ColorSync
0x000000000925f000 	/System/Library/Frameworks/ApplicationServices.framework/Versions/A/Frameworks/HIServices.framework/Versions/A/HIServices
0x000000000925f000 	/System/Library/Frameworks/ApplicationServices.framework/Versions/A/Frameworks/LangAnalysis.framework/Versions/A/LangAnalysis
0x000000000925f000 	/System/Library/Frameworks/ApplicationServices.framework/Versions/A/Frameworks/PrintCore.framework/Versions/A/PrintCore
0x000000000925f000 	/System/Library/Frameworks/ApplicationServices.framework/Versions/A/Frameworks/QD.framework/Versions/A/QD
0x000000000925f000 	/System/Library/Frameworks/ApplicationServices.framework/Versions/A/Frameworks/SpeechSynthesis.framework/Versions/A/SpeechSynthesis
0x000000000925f000 	/System/Library/Frameworks/Metal.framework/Versions/A/Metal
0x000000000925f000 	/System/Library/Frameworks/Accelerate.framework/Versions/A/Frameworks/vImage.framework/Versions/A/vImage
0x000000000925f000 	/System/Library/Frameworks/Accelerate.framework/Versions/A/Frameworks/vecLib.framework/Versions/A/vecLib
0x000000000925f000 	/System/Library/Frameworks/Accelerate.framework/Versions/A/Frameworks/vecLib.framework/Versions/A/libvDSP.dylib
0x000000000925f000 	/System/Library/Frameworks/Accelerate.framework/Versions/A/Frameworks/vecLib.framework/Versions/A/libvMisc.dylib
0x000000000925f000 	/System/Library/Frameworks/Accelerate.framework/Versions/A/Frameworks/vecLib.framework/Versions/A/libLAPACK.dylib
0x000000000925f000 	/System/Library/Frameworks/Accelerate.framework/Versions/A/Frameworks/vecLib.framework/Versions/A/libBLAS.dylib
0x000000000925f000 	/System/Library/Frameworks/Accelerate.framework/Versions/A/Frameworks/vecLib.framework/Versions/A/libLinearAlgebra.dylib
0x000000000925f000 	/System/Library/Frameworks/Accelerate.framework/Versions/A/Frameworks/vecLib.framework/Versions/A/libSparseBLAS.dylib
0x000000000925f000 	/System/Library/PrivateFrameworks/GPUCompiler.framework/libmetal_timestamp.dylib
0x000000000925f000 	/System/Library/Frameworks/OpenGL.framework/Versions/A/Libraries/libCoreFSCache.dylib
0x000000000925f000 	/System/Library/PrivateFrameworks/IOAccelerator.framework/Versions/A/IOAccelerator
0x000000000925f000 	/System/Library/Frameworks/ApplicationServices.framework/Versions/A/Frameworks/ATS.framework/Versions/A/Resources/libFontParser.dylib
0x000000000925f000 	/System/Library/Frameworks/ApplicationServices.framework/Versions/A/Frameworks/ATS.framework/Versions/A/Resources/libFontRegistry.dylib
0x000000000925f000 	/System/Library/PrivateFrameworks/AppleVPA.framework/Versions/A/AppleVPA
0x000000000925f000 	/System/Library/PrivateFrameworks/AppleJPEG.framework/Versions/A/AppleJPEG
0x000000000925f000 	/System/Library/Frameworks/ImageIO.framework/Versions/A/Resources/libJPEG.dylib
0x000000000925f000 	/System/Library/Frameworks/ImageIO.framework/Versions/A/Resources/libTIFF.dylib
0x000000000925f000 	/System/Library/Frameworks/ImageIO.framework/Versions/A/Resources/libPng.dylib
0x000000000925f000 	/System/Library/Frameworks/ImageIO.framework/Versions/A/Resources/libGIF.dylib
0x000000000925f000 	/System/Library/Frameworks/ImageIO.framework/Versions/A/Resources/libJP2.dylib
0x000000000925f000 	/System/Library/Frameworks/ImageIO.framework/Versions/A/Resources/libRadiance.dylib
0x000000000925f000 	/System/Library/Frameworks/CoreVideo.framework/Versions/A/CoreVideo
0x000000000925f000 	/System/Library/Frameworks/OpenGL.framework/Versions/A/Libraries/libGLU.dylib
0x000000000925f000 	/System/Library/Frameworks/OpenGL.framework/Versions/A/Libraries/libGFXShared.dylib
0x000000000925f000 	/System/Library/Frameworks/OpenGL.framework/Versions/A/Libraries/libGL.dylib
0x000000000925f000 	/System/Library/Frameworks/OpenGL.framework/Versions/A/Libraries/libGLImage.dylib
0x000000000925f000 	/System/Library/Frameworks/OpenGL.framework/Versions/A/Libraries/libCVMSPluginSupport.dylib
0x000000000925f000 	/System/Library/Frameworks/OpenGL.framework/Versions/A/Libraries/libCoreVMClient.dylib
0x000000000925f000 	/usr/lib/libcups.2.dylib
0x000000000925f000 	/System/Library/Frameworks/Kerberos.framework/Versions/A/Kerberos
0x000000000925f000 	/System/Library/Frameworks/GSS.framework/Versions/A/GSS
0x000000000925f000 	/usr/lib/libresolv.9.dylib
0x000000000925f000 	/usr/lib/libiconv.2.dylib
0x000000000925f000 	/System/Library/PrivateFrameworks/Heimdal.framework/Versions/A/Heimdal
0x000000000925f000 	/usr/lib/libheimdal-asn1.dylib
0x000000000925f000 	/System/Library/Frameworks/OpenDirectory.framework/Versions/A/OpenDirectory
0x000000000925f000 	/System/Library/PrivateFrameworks/CommonAuth.framework/Versions/A/CommonAuth
0x000000000925f000 	/System/Library/Frameworks/OpenDirectory.framework/Versions/A/Frameworks/CFOpenDirectory.framework/Versions/A/CFOpenDirectory
0x000000000925f000 	/System/Library/Frameworks/SecurityFoundation.framework/Versions/A/SecurityFoundation
0x000000000925f000 	/System/Library/PrivateFrameworks/LanguageModeling.framework/Versions/A/LanguageModeling
0x000000000925f000 	/usr/lib/libmarisa.dylib
0x000000000925f000 	/usr/lib/libChineseTokenizer.dylib
0x000000000925f000 	/usr/lib/libcmph.dylib
0x000000000925f000 	/usr/lib/libcompression.dylib
0x000000000925f000 	/System/Library/Frameworks/ServiceManagement.framework/Versions/A/ServiceManagement
0x000000000925f000 	/usr/lib/libxslt.1.dylib
0x000000000925f000 	/System/Library/Frameworks/Carbon.framework/Versions/A/Frameworks/Ink.framework/Versions/A/Ink
0x000000000925f000 	/usr/lib/libFosl_dynamic.dylib
0x000000000925f000 	/System/Library/PrivateFrameworks/FaceCore.framework/Versions/A/FaceCore
0x000000000925f000 	/System/Library/Frameworks/OpenCL.framework/Versions/A/OpenCL
0x000000000925f000 	/System/Library/PrivateFrameworks/CrashReporterSupport.framework/Versions/A/CrashReporterSupport
0x000000000925f000 	/System/Library/PrivateFrameworks/IconServices.framework/Versions/A/IconServices
0x000000000925f000 	/System/Library/PrivateFrameworks/Apple80211.framework/Versions/A/Apple80211
0x000000000925f000 	/System/Library/Frameworks/CoreWLAN.framework/Versions/A/CoreWLAN
0x000000000925f000 	/System/Library/Frameworks/IOBluetooth.framework/Versions/A/IOBluetooth
0x000000000925f000 	/System/Library/PrivateFrameworks/CoreWiFi.framework/Versions/A/CoreWiFi
0x000000000925f000 	/System/Library/Frameworks/CoreBluetooth.framework/Versions/A/CoreBluetooth
0x000000000925f000 	/System/Library/PrivateFrameworks/ChunkingLibrary.framework/Versions/A/ChunkingLibrary
0x000000000925f000 	/System/Library/PrivateFrameworks/DebugSymbols.framework/Versions/A/DebugSymbols
0x000000000925f000 	/System/Library/PrivateFrameworks/CoreSymbolication.framework/Versions/A/CoreSymbolication
0x000000000925f000 	/System/Library/PrivateFrameworks/Symbolication.framework/Versions/A/Symbolication
0x000000000925f000 	/System/Library/PrivateFrameworks/SpeechRecognitionCore.framework/Versions/A/SpeechRecognitionCore
0x0000000109200000 	/Library/Java/JavaVirtualMachines/jdk1.8.0_121.jdk/Contents/Home/jre/lib/server/libjvm.dylib
0x000000000925f000 	/usr/lib/libstdc++.6.dylib
0x0000000108851000 	/Library/Java/JavaVirtualMachines/jdk1.8.0_121.jdk/Contents/Home/jre/lib/libverify.dylib
0x000000010885f000 	/Library/Java/JavaVirtualMachines/jdk1.8.0_121.jdk/Contents/Home/jre/lib/libjava.dylib
0x000000010889e000 	/Library/Java/JavaVirtualMachines/jdk1.8.0_121.jdk/Contents/Home/jre/lib/libzip.dylib
0x000000011f9c4000 	/System/Library/Frameworks/JavaVM.framework/Frameworks/JavaRuntimeSupport.framework/JavaRuntimeSupport
0x00000001089e9000 	/System/Library/Frameworks/JavaVM.framework/Versions/A/Frameworks/JavaNativeFoundation.framework/Versions/A/JavaNativeFoundation
0x000000011f9df000 	/System/Library/Frameworks/JavaVM.framework/Versions/A/JavaVM
0x000000000925f000 	/System/Library/Frameworks/Carbon.framework/Versions/A/Carbon
0x000000011f9ec000 	/System/Library/PrivateFrameworks/JavaLaunching.framework/Versions/A/JavaLaunching
0x000000000925f000 	/System/Library/Frameworks/Carbon.framework/Versions/A/Frameworks/CommonPanels.framework/Versions/A/CommonPanels
0x000000000925f000 	/System/Library/Frameworks/Carbon.framework/Versions/A/Frameworks/Help.framework/Versions/A/Help
0x000000000925f000 	/System/Library/Frameworks/Carbon.framework/Versions/A/Frameworks/ImageCapture.framework/Versions/A/ImageCapture
0x000000000925f000 	/System/Library/Frameworks/Carbon.framework/Versions/A/Frameworks/OpenScripting.framework/Versions/A/OpenScripting
0x000000000925f000 	/System/Library/Frameworks/Carbon.framework/Versions/A/Frameworks/Print.framework/Versions/A/Print
0x000000000925f000 	/System/Library/Frameworks/Carbon.framework/Versions/A/Frameworks/SecurityHI.framework/Versions/A/SecurityHI
0x00000001213ec000 	/Library/Java/JavaVirtualMachines/jdk1.8.0_121.jdk/Contents/Home/jre/lib/libprism_es2.dylib
0x000000000925f000 	/System/Library/Frameworks/OpenGL.framework/Versions/A/Resources/GLEngine.bundle/GLEngine
0x000000000925f000 	/System/Library/Frameworks/OpenGL.framework/Versions/A/Libraries/libGLProgrammability.dylib
0x000000012146e000 	/System/Library/Extensions/AppleIntelBDWGraphicsGLDriver.bundle/Contents/MacOS/AppleIntelBDWGraphicsGLDriver
0x000000000925f000 	/System/Library/PrivateFrameworks/GPUSupport.framework/Versions/A/Libraries/libGPUSupportMercury.dylib
0x000000000925f000 	/System/Library/Frameworks/OpenGL.framework/Versions/A/Resources/GLRendererFloat.bundle/GLRendererFloat
0x000000000925f000 	/System/Library/Frameworks/OpenCL.framework/Versions/A/Libraries/libcldcpuengine.dylib
0x000000000925f000 	/System/Library/PrivateFrameworks/DiskImages.framework/Versions/A/DiskImages
0x000000000925f000 	/System/Library/Frameworks/DiscRecording.framework/Versions/A/DiscRecording
0x000000000925f000 	/usr/lib/libcsfde.dylib
0x000000000925f000 	/usr/lib/libcurl.4.dylib
0x000000000925f000 	/System/Library/PrivateFrameworks/MediaKit.framework/Versions/A/MediaKit
0x000000000925f000 	/System/Library/PrivateFrameworks/ProtectedCloudStorage.framework/Versions/A/ProtectedCloudStorage
0x000000000925f000 	/usr/lib/libCoreStorage.dylib
0x000000000925f000 	/System/Library/PrivateFrameworks/EFILogin.framework/Versions/A/EFILogin
0x000000000925f000 	/usr/lib/libutil.dylib
0x000000000925f000 	/System/Library/PrivateFrameworks/FindMyDevice.framework/Versions/A/FindMyDevice
0x000000000925f000 	/System/Library/Frameworks/LDAP.framework/Versions/A/LDAP
0x000000000925f000 	/usr/lib/libsasl2.2.dylib
0x000000000925f000 	/System/Library/PrivateFrameworks/CoreDaemon.framework/Versions/B/CoreDaemon
0x000000000925f000 	/usr/lib/libcrypto.0.9.8.dylib
0x000000000925f000 	/System/Library/PrivateFrameworks/AppleSRP.framework/Versions/A/AppleSRP
0x000000000925f000 	/System/Library/PrivateFrameworks/TrustEvaluationAgent.framework/Versions/A/TrustEvaluationAgent
0x0000000121fa7000 	/Library/Java/JavaVirtualMachines/jdk1.8.0_121.jdk/Contents/Home/jre/lib/libglass.dylib
0x000000000925f000 	/System/Library/PrivateFrameworks/CoreServicesInternal.framework/Versions/A/CoreServicesInternal
0x000000000925f000 	/System/Library/CoreServices/RawCamera.bundle/Contents/MacOS/RawCamera
0x000000000925f000 	/System/Library/Frameworks/CoreGraphics.framework/Versions/A/Resources/libRIP.A.dylib
0x000000000925f000 	/System/Library/Frameworks/Accelerate.framework/Versions/A/Frameworks/vImage.framework/Versions/A/Libraries/libCGInterfaces.dylib
0x000000000925f000 	/System/Library/PrivateFrameworks/FamilyControls.framework/Versions/A/FamilyControls
0x000000000925f000 	/System/Library/PrivateFrameworks/CommerceKit.framework/Versions/A/Frameworks/CommerceCore.framework/Versions/A/CommerceCore
0x000000000925f000 	/System/Library/PrivateFrameworks/SystemAdministration.framework/Versions/A/SystemAdministration
0x000000000925f000 	/System/Library/PrivateFrameworks/AppContainer.framework/Versions/A/AppContainer
0x000000000925f000 	/System/Library/PrivateFrameworks/SecCodeWrapper.framework/Versions/A/SecCodeWrapper
0x000000000925f000 	/System/Library/Frameworks/DirectoryService.framework/Versions/A/DirectoryService
0x000000000925f000 	/System/Library/PrivateFrameworks/LoginUIKit.framework/Versions/A/Frameworks/LoginUICore.framework/Versions/A/LoginUICore
0x000000000925f000 	/usr/lib/libodfde.dylib
0x0000000124d07000 	/Library/Java/JavaVirtualMachines/jdk1.8.0_121.jdk/Contents/Home/jre/lib/libnet.dylib
0x0000000125380000 	/Library/Java/JavaVirtualMachines/jdk1.8.0_121.jdk/Contents/Home/jre/lib/libjavafx_font.dylib
0x000000000925f000 	/System/Library/Frameworks/CoreGraphics.framework/Versions/A/Resources/libCGXType.A.dylib
0x0000000125827000 	/private/var/folders/v6/4pk3p6bj323g8nh86w2fsvpm0000gn/T/sqlite-3.8.7-515adc3f-eee6-4918-992b-11672d5b1a2b-libsqlitejdbc.jnilib
0x0000000127a55000 	cl_kernels
0x000000000925f000 	/System/Library/Frameworks/OpenCL.framework/Versions/A/Libraries/ImageFormats/unorm8_bgra.dylib
0x000000000925f000 	/System/Library/Frameworks/OpenCL.framework/Versions/A/Libraries/ImageFormats/unorm8_rgba.dylib
0x000000012896c000 	/Library/Java/JavaVirtualMachines/jdk1.8.0_121.jdk/Contents/Home/jre/lib/libprism_common.dylib
0x0000000129464000 	/System/Library/Extensions/AppleIntelBDWGraphicsMTLDriver.bundle/Contents/MacOS/AppleIntelBDWGraphicsMTLDriver

VM Arguments:
jvm_args: -Dfile.encoding=UTF-8 
java_command: controller.ServerController
java_class_path (initial): /Users/Merna/Desktop/voidChat/VoidChatServer/sqlite-jdbc-3.8.7.jar:/Users/Merna/Desktop/voidChat/VoidChatServer/javax.mail.jar:/Users/Merna/Desktop/voidChat/VoidChatServer/build/classes
Launcher Type: SUN_STANDARD

Environment Variables:
PATH=/usr/bin:/bin:/usr/sbin:/sbin
LD_LIBRARY_PATH=/Library/Java/JavaVirtualMachines/jdk1.8.0_121.jdk/Contents/Home/jre/lib/amd64:/Library/Java/JavaVirtualMachines/jdk1.8.0_121.jdk/Contents/Home/jre/lib/i386:
SHELL=/bin/bash

Signal Handlers:
SIGSEGV: [libjvm.dylib+0x5b1141], sa_mask[0]=11111111011111110111111111111111, sa_flags=SA_ONSTACK|SA_RESTART|SA_SIGINFO
SIGBUS: [libjvm.dylib+0x5b1141], sa_mask[0]=11111111011111110111111111111111, sa_flags=SA_RESTART|SA_SIGINFO
SIGFPE: [libjvm.dylib+0x487bc4], sa_mask[0]=11111111011111110111111111111111, sa_flags=SA_RESTART|SA_SIGINFO
SIGPIPE: [libjvm.dylib+0x487bc4], sa_mask[0]=11111111011111110111111111111111, sa_flags=SA_RESTART|SA_SIGINFO
SIGXFSZ: [libjvm.dylib+0x487bc4], sa_mask[0]=11111111011111110111111111111111, sa_flags=SA_RESTART|SA_SIGINFO
SIGILL: [libjvm.dylib+0x487bc4], sa_mask[0]=11111111011111110111111111111111, sa_flags=SA_RESTART|SA_SIGINFO
SIGUSR1: SIG_DFL, sa_mask[0]=00000000000000000000000000000000, sa_flags=none
SIGUSR2: [libjvm.dylib+0x4876e2], sa_mask[0]=00100000000000000000000000000000, sa_flags=SA_RESTART|SA_SIGINFO
SIGHUP: [libjvm.dylib+0x485cb9], sa_mask[0]=11111111011111110111111111111111, sa_flags=SA_RESTART|SA_SIGINFO
SIGINT: SIG_IGN, sa_mask[0]=00000000000000000000000000000000, sa_flags=none
SIGTERM: [libjvm.dylib+0x485cb9], sa_mask[0]=11111111011111110111111111111111, sa_flags=SA_RESTART|SA_SIGINFO
SIGQUIT: [libjvm.dylib+0x485cb9], sa_mask[0]=11111111011111110111111111111111, sa_flags=SA_RESTART|SA_SIGINFO


---------------  S Y S T E M  ---------------

OS:Bsduname:Darwin 15.4.0 Darwin Kernel Version 15.4.0: Fri Feb 26 22:08:05 PST 2016; root:xnu-3248.40.184~3/RELEASE_X86_64 x86_64
rlimit: STACK 8192k, CORE 0k, NPROC 709, NOFILE 10240, AS infinity
load average:2.89 2.48 2.43

CPU:total 4 (2 cores per cpu, 2 threads per core) family 6 model 61 stepping 4, cmov, cx8, fxsr, mmx, sse, sse2, sse3, ssse3, sse4.1, sse4.2, popcnt, avx, avx2, aes, clmul, erms, 3dnowpref, lzcnt, ht, tsc, tscinvbit, bmi1, bmi2, adx

Memory: 4k page, physical 8388608k(793164k free)

/proc/meminfo:


vm_info: Java HotSpot(TM) 64-Bit Server VM (25.121-b13) for bsd-amd64 JRE (1.8.0_121-b13), built on Dec 12 2016 20:39:32 by "java_re" with gcc 4.2.1 (Based on Apple Inc. build 5658) (LLVM build 2336.11.00)

time: Fri Feb 17 20:13:39 2017
elapsed time: 16 seconds (0d 0h 0m 16s)

